2025-04-17 13:21:21 [restartedMain] INFO  [:] c.e.c.CommonserviceApplication - Starting CommonserviceApplication using Java 21.0.2 with PID 16092 (C:\Ecommerce\commonserviceapi\target\classes started by Kavi in C:\Ecommerce\commonserviceapi)
2025-04-17 13:21:21 [restartedMain] INFO  [:] c.e.c.CommonserviceApplication - No active profile set, falling back to 1 default profile: "default"
2025-04-17 13:21:21 [restartedMain] INFO  [:] o.s.b.a.e.web.EndpointLinksResolver - Exposing 1 endpoint beneath base path '/actuator'
2025-04-17 13:21:21 [restartedMain] INFO  [:] o.s.b.d.a.OptionalLiveReloadServer - LiveReload server is running on port 35729
2025-04-17 13:21:21 [restartedMain] INFO  [:] o.s.b.w.e.netty.NettyWebServer - Netty started on port 7070 (http)
2025-04-17 13:21:21 [restartedMain] INFO  [:] c.e.c.CommonserviceApplication - Started CommonserviceApplication in 0.919 seconds (process running for 780.131)
2025-04-17 13:21:21 [restartedMain] INFO  [:] o.s.b.d.a.ConditionEvaluationDeltaLoggingListener - Condition evaluation unchanged
2025-04-17 13:35:33 [main] INFO  [:] c.e.c.CommonserviceApplicationTests - Starting CommonserviceApplicationTests using Java 21.0.2 with PID 5276 (started by Kavi in C:\Ecommerce\commonserviceapi)
2025-04-17 13:35:33 [main] INFO  [:] c.e.c.CommonserviceApplicationTests - No active profile set, falling back to 1 default profile: "default"
2025-04-17 13:35:37 [main] INFO  [:] o.s.b.a.e.web.EndpointLinksResolver - Exposing 1 endpoint beneath base path '/actuator'
2025-04-17 13:35:39 [main] INFO  [:] c.e.c.CommonserviceApplicationTests - Started CommonserviceApplicationTests in 6.375 seconds (process running for 8.665)
2025-04-17 13:39:28 [restartedMain] INFO  [:] c.e.c.CommonserviceApplication - Starting CommonserviceApplication using Java 21.0.2 with PID 8248 (C:\Ecommerce\commonserviceapi\target\classes started by Kavi in C:\Ecommerce\commonserviceapi)
2025-04-17 13:39:28 [restartedMain] INFO  [:] c.e.c.CommonserviceApplication - No active profile set, falling back to 1 default profile: "default"
2025-04-17 13:39:28 [restartedMain] INFO  [:] o.s.b.d.e.DevToolsPropertyDefaultsPostProcessor - Devtools property defaults active! Set 'spring.devtools.add-properties' to 'false' to disable
2025-04-17 13:39:28 [restartedMain] INFO  [:] o.s.b.d.e.DevToolsPropertyDefaultsPostProcessor - For additional web related logging consider setting the 'logging.level.web' property to 'DEBUG'
2025-04-17 13:39:32 [restartedMain] INFO  [:] o.s.b.a.e.web.EndpointLinksResolver - Exposing 1 endpoint beneath base path '/actuator'
2025-04-17 13:39:33 [restartedMain] INFO  [:] o.s.b.d.a.OptionalLiveReloadServer - LiveReload server is running on port 35729
2025-04-17 13:39:34 [restartedMain] INFO  [:] o.s.b.w.e.netty.NettyWebServer - Netty started on port 7070 (http)
2025-04-17 13:39:34 [restartedMain] INFO  [:] c.e.c.CommonserviceApplication - Started CommonserviceApplication in 7.124 seconds (process running for 8.39)
2025-04-17 13:53:51 [File Watcher] INFO  [:] o.s.b.d.a.LocalDevToolsAutoConfiguration$RestartingClassPathChangeChangedEventListener - Restarting due to 1 class path change (0 additions, 0 deletions, 1 modification)
2025-04-17 13:53:51 [Thread-6] INFO  [:] o.s.b.w.e.netty.GracefulShutdown - Commencing graceful shutdown. Waiting for active requests to complete
2025-04-17 13:53:51 [netty-shutdown] INFO  [:] o.s.b.w.e.netty.GracefulShutdown - Graceful shutdown complete
2025-04-17 13:53:52 [restartedMain] INFO  [:] c.e.c.CommonserviceApplication - Starting CommonserviceApplication using Java 21.0.2 with PID 8248 (C:\Ecommerce\commonserviceapi\target\classes started by Kavi in C:\Ecommerce\commonserviceapi)
2025-04-17 13:53:52 [restartedMain] INFO  [:] c.e.c.CommonserviceApplication - No active profile set, falling back to 1 default profile: "default"
2025-04-17 13:53:53 [restartedMain] INFO  [:] o.s.b.a.e.web.EndpointLinksResolver - Exposing 1 endpoint beneath base path '/actuator'
2025-04-17 13:53:54 [restartedMain] INFO  [:] o.s.b.d.a.OptionalLiveReloadServer - LiveReload server is running on port 35729
2025-04-17 13:53:54 [restartedMain] INFO  [:] o.s.b.w.e.netty.NettyWebServer - Netty started on port 7070 (http)
2025-04-17 13:53:54 [restartedMain] INFO  [:] c.e.c.CommonserviceApplication - Started CommonserviceApplication in 1.772 seconds (process running for 868.258)
2025-04-17 13:53:54 [restartedMain] INFO  [:] o.s.b.d.a.ConditionEvaluationDeltaLoggingListener - Condition evaluation unchanged
2025-04-17 13:54:04 [File Watcher] INFO  [:] o.s.b.d.a.LocalDevToolsAutoConfiguration$RestartingClassPathChangeChangedEventListener - Restarting due to 2 class path changes (1 addition, 0 deletions, 1 modification)
2025-04-17 13:54:04 [Thread-20] INFO  [:] o.s.b.w.e.netty.GracefulShutdown - Commencing graceful shutdown. Waiting for active requests to complete
2025-04-17 13:54:04 [netty-shutdown] INFO  [:] o.s.b.w.e.netty.GracefulShutdown - Graceful shutdown complete
2025-04-17 13:54:05 [restartedMain] INFO  [:] c.e.c.CommonserviceApplication - Starting CommonserviceApplication using Java 21.0.2 with PID 8248 (C:\Ecommerce\commonserviceapi\target\classes started by Kavi in C:\Ecommerce\commonserviceapi)
2025-04-17 13:54:05 [restartedMain] INFO  [:] c.e.c.CommonserviceApplication - No active profile set, falling back to 1 default profile: "default"
2025-04-17 13:54:06 [restartedMain] INFO  [:] o.s.b.a.l.ConditionEvaluationReportLogger - 

Error starting ApplicationContext. To display the condition evaluation report re-run your application with 'debug' enabled.
2025-04-17 13:55:04 [restartedMain] INFO  [:] c.e.c.CommonserviceApplication - Starting CommonserviceApplication using Java 21.0.2 with PID 8248 (C:\Ecommerce\commonserviceapi\target\classes started by Kavi in C:\Ecommerce\commonserviceapi)
2025-04-17 13:55:04 [restartedMain] INFO  [:] c.e.c.CommonserviceApplication - No active profile set, falling back to 1 default profile: "default"
2025-04-17 13:55:05 [restartedMain] INFO  [:] o.s.b.a.e.web.EndpointLinksResolver - Exposing 1 endpoint beneath base path '/actuator'
2025-04-17 13:55:06 [restartedMain] INFO  [:] o.s.b.d.a.OptionalLiveReloadServer - LiveReload server is running on port 35729
2025-04-17 13:55:06 [restartedMain] INFO  [:] o.s.b.w.e.netty.NettyWebServer - Netty started on port 7070 (http)
2025-04-17 13:55:06 [restartedMain] INFO  [:] c.e.c.CommonserviceApplication - Started CommonserviceApplication in 1.585 seconds (process running for 940.03)
2025-04-17 13:55:06 [restartedMain] INFO  [:] o.s.b.d.a.ConditionEvaluationDeltaLoggingListener - Condition evaluation unchanged
2025-04-17 13:58:04 [File Watcher] INFO  [:] o.s.b.d.a.LocalDevToolsAutoConfiguration$RestartingClassPathChangeChangedEventListener - Restarting due to 1 class path change (0 additions, 0 deletions, 1 modification)
2025-04-17 13:58:04 [Thread-26] INFO  [:] o.s.b.w.e.netty.GracefulShutdown - Commencing graceful shutdown. Waiting for active requests to complete
2025-04-17 13:58:04 [netty-shutdown] INFO  [:] o.s.b.w.e.netty.GracefulShutdown - Graceful shutdown complete
2025-04-17 13:58:05 [restartedMain] INFO  [:] c.e.c.CommonserviceApplication - Starting CommonserviceApplication using Java 21.0.2 with PID 8248 (C:\Ecommerce\commonserviceapi\target\classes started by Kavi in C:\Ecommerce\commonserviceapi)
2025-04-17 13:58:05 [restartedMain] INFO  [:] c.e.c.CommonserviceApplication - No active profile set, falling back to 1 default profile: "default"
2025-04-17 13:58:06 [restartedMain] INFO  [:] o.s.b.a.e.web.EndpointLinksResolver - Exposing 1 endpoint beneath base path '/actuator'
2025-04-17 13:58:07 [restartedMain] INFO  [:] o.s.b.d.a.OptionalLiveReloadServer - LiveReload server is running on port 35729
2025-04-17 13:58:07 [restartedMain] INFO  [:] o.s.b.w.e.netty.NettyWebServer - Netty started on port 7070 (http)
2025-04-17 13:58:07 [restartedMain] INFO  [:] c.e.c.CommonserviceApplication - Started CommonserviceApplication in 1.469 seconds (process running for 1121.213)
2025-04-17 13:58:07 [restartedMain] INFO  [:] o.s.b.d.a.ConditionEvaluationDeltaLoggingListener - Condition evaluation unchanged
2025-04-17 13:58:21 [File Watcher] INFO  [:] o.s.b.d.a.LocalDevToolsAutoConfiguration$RestartingClassPathChangeChangedEventListener - Restarting due to 1 class path change (0 additions, 0 deletions, 1 modification)
2025-04-17 13:58:21 [Thread-58] INFO  [:] o.s.b.w.e.netty.GracefulShutdown - Commencing graceful shutdown. Waiting for active requests to complete
2025-04-17 13:58:21 [netty-shutdown] INFO  [:] o.s.b.w.e.netty.GracefulShutdown - Graceful shutdown complete
2025-04-17 13:58:22 [restartedMain] INFO  [:] c.e.c.CommonserviceApplication - Starting CommonserviceApplication using Java 21.0.2 with PID 8248 (C:\Ecommerce\commonserviceapi\target\classes started by Kavi in C:\Ecommerce\commonserviceapi)
2025-04-17 13:58:22 [restartedMain] INFO  [:] c.e.c.CommonserviceApplication - No active profile set, falling back to 1 default profile: "default"
2025-04-17 13:58:23 [restartedMain] INFO  [:] o.s.b.a.e.web.EndpointLinksResolver - Exposing 1 endpoint beneath base path '/actuator'
2025-04-17 13:58:23 [restartedMain] INFO  [:] o.s.b.d.a.OptionalLiveReloadServer - LiveReload server is running on port 35729
2025-04-17 13:58:23 [restartedMain] INFO  [:] o.s.b.w.e.netty.NettyWebServer - Netty started on port 7070 (http)
2025-04-17 13:58:23 [restartedMain] INFO  [:] c.e.c.CommonserviceApplication - Started CommonserviceApplication in 1.693 seconds (process running for 1137.767)
2025-04-17 13:58:23 [restartedMain] INFO  [:] o.s.b.d.a.ConditionEvaluationDeltaLoggingListener - Condition evaluation unchanged
2025-04-17 13:59:12 [restartedMain] INFO  [:] c.e.c.CommonserviceApplication - Starting CommonserviceApplication using Java 21.0.2 with PID 2392 (C:\Ecommerce\commonserviceapi\target\classes started by Kavi in C:\Ecommerce\commonserviceapi)
2025-04-17 13:59:12 [restartedMain] INFO  [:] c.e.c.CommonserviceApplication - No active profile set, falling back to 1 default profile: "default"
2025-04-17 13:59:12 [restartedMain] INFO  [:] o.s.b.d.e.DevToolsPropertyDefaultsPostProcessor - Devtools property defaults active! Set 'spring.devtools.add-properties' to 'false' to disable
2025-04-17 13:59:12 [restartedMain] INFO  [:] o.s.b.d.e.DevToolsPropertyDefaultsPostProcessor - For additional web related logging consider setting the 'logging.level.web' property to 'DEBUG'
2025-04-17 13:59:17 [restartedMain] INFO  [:] o.s.b.a.e.web.EndpointLinksResolver - Exposing 1 endpoint beneath base path '/actuator'
2025-04-17 13:59:18 [restartedMain] INFO  [:] o.s.b.d.a.OptionalLiveReloadServer - LiveReload server is running on port 35729
2025-04-17 13:59:18 [restartedMain] INFO  [:] o.s.b.w.e.netty.NettyWebServer - Netty started on port 7070 (http)
2025-04-17 13:59:19 [restartedMain] INFO  [:] c.e.c.CommonserviceApplication - Started CommonserviceApplication in 7.654 seconds (process running for 9.054)
2025-04-17 14:02:15 [File Watcher] INFO  [:] o.s.b.d.a.LocalDevToolsAutoConfiguration$RestartingClassPathChangeChangedEventListener - Restarting due to 1 class path change (0 additions, 0 deletions, 1 modification)
2025-04-17 14:02:15 [Thread-6] INFO  [:] o.s.b.w.e.netty.GracefulShutdown - Commencing graceful shutdown. Waiting for active requests to complete
2025-04-17 14:02:15 [netty-shutdown] INFO  [:] o.s.b.w.e.netty.GracefulShutdown - Graceful shutdown complete
2025-04-17 14:02:16 [restartedMain] INFO  [:] c.e.c.CommonserviceApplication - Starting CommonserviceApplication using Java 21.0.2 with PID 2392 (C:\Ecommerce\commonserviceapi\target\classes started by Kavi in C:\Ecommerce\commonserviceapi)
2025-04-17 14:02:16 [restartedMain] INFO  [:] c.e.c.CommonserviceApplication - No active profile set, falling back to 1 default profile: "default"
2025-04-17 14:02:17 [restartedMain] INFO  [:] o.s.b.a.e.web.EndpointLinksResolver - Exposing 1 endpoint beneath base path '/actuator'
2025-04-17 14:02:18 [restartedMain] INFO  [:] o.s.b.d.a.OptionalLiveReloadServer - LiveReload server is running on port 35729
2025-04-17 14:02:18 [restartedMain] INFO  [:] o.s.b.w.e.netty.NettyWebServer - Netty started on port 7070 (http)
2025-04-17 14:02:18 [restartedMain] INFO  [:] c.e.c.CommonserviceApplication - Started CommonserviceApplication in 2.05 seconds (process running for 188.521)
2025-04-17 14:02:18 [restartedMain] INFO  [:] o.s.b.d.a.ConditionEvaluationDeltaLoggingListener - Condition evaluation unchanged
2025-04-17 14:02:29 [File Watcher] INFO  [:] o.s.b.d.a.LocalDevToolsAutoConfiguration$RestartingClassPathChangeChangedEventListener - Restarting due to 1 class path change (0 additions, 0 deletions, 1 modification)
2025-04-17 14:02:29 [Thread-20] INFO  [:] o.s.b.w.e.netty.GracefulShutdown - Commencing graceful shutdown. Waiting for active requests to complete
2025-04-17 14:02:29 [netty-shutdown] INFO  [:] o.s.b.w.e.netty.GracefulShutdown - Graceful shutdown complete
2025-04-17 14:02:30 [restartedMain] INFO  [:] c.e.c.CommonserviceApplication - Starting CommonserviceApplication using Java 21.0.2 with PID 2392 (C:\Ecommerce\commonserviceapi\target\classes started by Kavi in C:\Ecommerce\commonserviceapi)
2025-04-17 14:02:30 [restartedMain] INFO  [:] c.e.c.CommonserviceApplication - No active profile set, falling back to 1 default profile: "default"
2025-04-17 14:02:31 [restartedMain] INFO  [:] o.s.b.a.e.web.EndpointLinksResolver - Exposing 1 endpoint beneath base path '/actuator'
2025-04-17 14:02:31 [restartedMain] INFO  [:] o.s.b.d.a.OptionalLiveReloadServer - LiveReload server is running on port 35729
2025-04-17 14:02:31 [restartedMain] INFO  [:] o.s.b.w.e.netty.NettyWebServer - Netty started on port 7070 (http)
2025-04-17 14:02:31 [restartedMain] INFO  [:] c.e.c.CommonserviceApplication - Started CommonserviceApplication in 1.738 seconds (process running for 201.944)
2025-04-17 14:02:31 [restartedMain] INFO  [:] o.s.b.d.a.ConditionEvaluationDeltaLoggingListener - Condition evaluation unchanged
2025-04-17 14:05:50 [File Watcher] INFO  [:] o.s.b.d.a.LocalDevToolsAutoConfiguration$RestartingClassPathChangeChangedEventListener - Restarting due to 1 class path change (0 additions, 0 deletions, 1 modification)
2025-04-17 14:05:50 [Thread-26] INFO  [:] o.s.b.w.e.netty.GracefulShutdown - Commencing graceful shutdown. Waiting for active requests to complete
2025-04-17 14:05:50 [netty-shutdown] INFO  [:] o.s.b.w.e.netty.GracefulShutdown - Graceful shutdown complete
2025-04-17 14:05:51 [restartedMain] INFO  [:] c.e.c.CommonserviceApplication - Starting CommonserviceApplication using Java 21.0.2 with PID 2392 (C:\Ecommerce\commonserviceapi\target\classes started by Kavi in C:\Ecommerce\commonserviceapi)
2025-04-17 14:05:51 [restartedMain] INFO  [:] c.e.c.CommonserviceApplication - No active profile set, falling back to 1 default profile: "default"
2025-04-17 14:05:52 [restartedMain] INFO  [:] o.s.b.a.e.web.EndpointLinksResolver - Exposing 1 endpoint beneath base path '/actuator'
2025-04-17 14:05:52 [restartedMain] INFO  [:] o.s.b.d.a.OptionalLiveReloadServer - LiveReload server is running on port 35729
2025-04-17 14:05:52 [restartedMain] INFO  [:] o.s.b.w.e.netty.NettyWebServer - Netty started on port 7070 (http)
2025-04-17 14:05:52 [restartedMain] INFO  [:] c.e.c.CommonserviceApplication - Started CommonserviceApplication in 1.494 seconds (process running for 402.878)
2025-04-17 14:05:52 [restartedMain] INFO  [:] o.s.b.d.a.ConditionEvaluationDeltaLoggingListener - Condition evaluation unchanged
2025-04-17 14:05:58 [File Watcher] INFO  [:] o.s.b.d.a.LocalDevToolsAutoConfiguration$RestartingClassPathChangeChangedEventListener - Restarting due to 1 class path change (0 additions, 0 deletions, 1 modification)
2025-04-17 14:05:58 [Thread-54] INFO  [:] o.s.b.w.e.netty.GracefulShutdown - Commencing graceful shutdown. Waiting for active requests to complete
2025-04-17 14:05:58 [netty-shutdown] INFO  [:] o.s.b.w.e.netty.GracefulShutdown - Graceful shutdown complete
2025-04-17 14:05:59 [restartedMain] INFO  [:] c.e.c.CommonserviceApplication - Starting CommonserviceApplication using Java 21.0.2 with PID 2392 (C:\Ecommerce\commonserviceapi\target\classes started by Kavi in C:\Ecommerce\commonserviceapi)
2025-04-17 14:05:59 [restartedMain] INFO  [:] c.e.c.CommonserviceApplication - No active profile set, falling back to 1 default profile: "default"
2025-04-17 14:06:00 [restartedMain] INFO  [:] o.s.b.a.l.ConditionEvaluationReportLogger - 

Error starting ApplicationContext. To display the condition evaluation report re-run your application with 'debug' enabled.
2025-04-17 14:06:04 [restartedMain] INFO  [:] c.e.c.CommonserviceApplication - Starting CommonserviceApplication using Java 21.0.2 with PID 2392 (C:\Ecommerce\commonserviceapi\target\classes started by Kavi in C:\Ecommerce\commonserviceapi)
2025-04-17 14:06:04 [restartedMain] INFO  [:] c.e.c.CommonserviceApplication - No active profile set, falling back to 1 default profile: "default"
2025-04-17 14:06:04 [restartedMain] INFO  [:] o.s.b.a.e.web.EndpointLinksResolver - Exposing 1 endpoint beneath base path '/actuator'
2025-04-17 14:06:05 [restartedMain] INFO  [:] o.s.b.d.a.OptionalLiveReloadServer - LiveReload server is running on port 35729
2025-04-17 14:06:05 [restartedMain] INFO  [:] o.s.b.w.e.netty.NettyWebServer - Netty started on port 7070 (http)
2025-04-17 14:06:05 [restartedMain] INFO  [:] c.e.c.CommonserviceApplication - Started CommonserviceApplication in 1.356 seconds (process running for 415.295)
2025-04-17 14:06:05 [restartedMain] INFO  [:] o.s.b.d.a.ConditionEvaluationDeltaLoggingListener - Condition evaluation unchanged
2025-04-17 14:10:47 [File Watcher] INFO  [:] o.s.b.d.a.LocalDevToolsAutoConfiguration$RestartingClassPathChangeChangedEventListener - Restarting due to 1 class path change (0 additions, 0 deletions, 1 modification)
2025-04-17 14:10:47 [Thread-60] INFO  [:] o.s.b.w.e.netty.GracefulShutdown - Commencing graceful shutdown. Waiting for active requests to complete
2025-04-17 14:10:47 [netty-shutdown] INFO  [:] o.s.b.w.e.netty.GracefulShutdown - Graceful shutdown complete
2025-04-17 14:10:48 [restartedMain] INFO  [:] c.e.c.CommonserviceApplication - Starting CommonserviceApplication using Java 21.0.2 with PID 2392 (C:\Ecommerce\commonserviceapi\target\classes started by Kavi in C:\Ecommerce\commonserviceapi)
2025-04-17 14:10:48 [restartedMain] INFO  [:] c.e.c.CommonserviceApplication - No active profile set, falling back to 1 default profile: "default"
2025-04-17 14:10:49 [restartedMain] INFO  [:] o.s.b.a.e.web.EndpointLinksResolver - Exposing 1 endpoint beneath base path '/actuator'
2025-04-17 14:10:50 [restartedMain] INFO  [:] o.s.b.d.a.OptionalLiveReloadServer - LiveReload server is running on port 35729
2025-04-17 14:10:50 [restartedMain] INFO  [:] o.s.b.w.e.netty.NettyWebServer - Netty started on port 7070 (http)
2025-04-17 14:10:50 [restartedMain] INFO  [:] c.e.c.CommonserviceApplication - Started CommonserviceApplication in 1.423 seconds (process running for 700.179)
2025-04-17 14:10:50 [restartedMain] INFO  [:] o.s.b.d.a.ConditionEvaluationDeltaLoggingListener - Condition evaluation unchanged
2025-04-17 14:11:30 [restartedMain] INFO  [:] c.e.c.CommonserviceApplication - Starting CommonserviceApplication using Java 21.0.2 with PID 15392 (C:\Ecommerce\commonserviceapi\target\classes started by Kavi in C:\Ecommerce\commonserviceapi)
2025-04-17 14:11:30 [restartedMain] INFO  [:] c.e.c.CommonserviceApplication - No active profile set, falling back to 1 default profile: "default"
2025-04-17 14:11:30 [restartedMain] INFO  [:] o.s.b.d.e.DevToolsPropertyDefaultsPostProcessor - Devtools property defaults active! Set 'spring.devtools.add-properties' to 'false' to disable
2025-04-17 14:11:30 [restartedMain] INFO  [:] o.s.b.d.e.DevToolsPropertyDefaultsPostProcessor - For additional web related logging consider setting the 'logging.level.web' property to 'DEBUG'
2025-04-17 14:11:34 [restartedMain] INFO  [:] o.s.b.a.e.web.EndpointLinksResolver - Exposing 1 endpoint beneath base path '/actuator'
2025-04-17 14:11:35 [restartedMain] INFO  [:] o.s.b.d.a.OptionalLiveReloadServer - LiveReload server is running on port 35729
2025-04-17 14:11:36 [restartedMain] INFO  [:] o.s.b.w.e.netty.NettyWebServer - Netty started on port 7070 (http)
2025-04-17 14:11:36 [restartedMain] INFO  [:] c.e.c.CommonserviceApplication - Started CommonserviceApplication in 7.635 seconds (process running for 8.955)
2025-04-17 16:37:42 [File Watcher] INFO  [:] o.s.b.d.a.LocalDevToolsAutoConfiguration$RestartingClassPathChangeChangedEventListener - Restarting due to 18 class path changes (0 additions, 5 deletions, 13 modifications)
2025-04-17 16:37:43 [Thread-6] INFO  [:] o.s.b.w.e.netty.GracefulShutdown - Commencing graceful shutdown. Waiting for active requests to complete
2025-04-17 16:37:43 [netty-shutdown] INFO  [:] o.s.b.w.e.netty.GracefulShutdown - Graceful shutdown complete
