2025-04-17 13:39:58 [main] INFO  [:] c.e.c.CustomerserviceApplication - Starting CustomerserviceApplication using Java 21.0.2 with PID 17148 (C:\Ecommerce\customerservice\target\classes started by Kavi in C:\Ecommerce\customerservice)
2025-04-17 13:39:58 [main] INFO  [:] c.e.c.CustomerserviceApplication - No active profile set, falling back to 1 default profile: "default"
2025-04-17 13:40:01 [main] INFO  [:] o.s.d.r.c.RepositoryConfigurationDelegate - Bootstrapping Spring Data JPA repositories in DEFAULT mode.
2025-04-17 13:40:01 [main] INFO  [:] o.s.d.r.c.RepositoryConfigurationDelegate - Finished Spring Data repository scanning in 289 ms. Found 1 JPA repository interface.
2025-04-17 13:40:03 [main] INFO  [:] o.s.b.w.e.tomcat.TomcatWebServer - Tomcat initialized with port 7071 (http)
2025-04-17 13:40:03 [main] INFO  [:] o.a.coyote.http11.Http11NioProtocol - Initializing ProtocolHandler ["http-nio-7071"]
2025-04-17 13:40:03 [main] INFO  [:] o.a.catalina.core.StandardService - Starting service [Tomcat]
2025-04-17 13:40:03 [main] INFO  [:] o.a.catalina.core.StandardEngine - Starting Servlet engine: [Apache Tomcat/10.1.39]
2025-04-17 13:40:03 [main] INFO  [:] o.a.c.c.C.[Tomcat].[localhost].[/] - Initializing Spring embedded WebApplicationContext
2025-04-17 13:40:03 [main] INFO  [:] o.s.b.w.s.c.ServletWebServerApplicationContext - Root WebApplicationContext: initialization completed in 4537 ms
2025-04-17 13:40:05 [main] INFO  [:] o.h.jpa.internal.util.LogHelper - HHH000204: Processing PersistenceUnitInfo [name: default]
2025-04-17 13:40:05 [main] INFO  [:] org.hibernate.Version - HHH000412: Hibernate ORM core version 6.6.11.Final
2025-04-17 13:40:05 [main] INFO  [:] o.h.c.i.RegionFactoryInitiator - HHH000026: Second-level cache disabled
2025-04-17 13:40:05 [main] INFO  [:] o.s.o.j.p.SpringPersistenceUnitInfo - No LoadTimeWeaver setup: ignoring JPA class transformer
2025-04-17 13:40:06 [main] INFO  [:] com.zaxxer.hikari.HikariDataSource - HikariPool-1 - Starting...
2025-04-17 13:40:06 [main] INFO  [:] com.zaxxer.hikari.pool.HikariPool - HikariPool-1 - Added connection com.mysql.cj.jdbc.ConnectionImpl@2123a61c
2025-04-17 13:40:06 [main] INFO  [:] com.zaxxer.hikari.HikariDataSource - HikariPool-1 - Start completed.
2025-04-17 13:40:06 [main] INFO  [:] o.hibernate.orm.connections.pooling - HHH10001005: Database info:
	Database JDBC URL [Connecting through datasource 'HikariDataSource (HikariPool-1)']
	Database driver: undefined/unknown
	Database version: 8.0.40
	Autocommit mode: undefined/unknown
	Isolation level: undefined/unknown
	Minimum pool size: undefined/unknown
	Maximum pool size: undefined/unknown
2025-04-17 13:40:08 [main] INFO  [:] o.h.e.t.j.p.i.JtaPlatformInitiator - HHH000489: No JTA platform available (set 'hibernate.transaction.jta.platform' to enable JTA platform integration)
2025-04-17 13:40:08 [main] INFO  [:] o.s.o.j.LocalContainerEntityManagerFactoryBean - Initialized JPA EntityManagerFactory for persistence unit 'default'
2025-04-17 13:40:10 [main] INFO  [:] o.s.b.a.e.web.EndpointLinksResolver - Exposing 1 endpoint beneath base path '/actuator'
2025-04-17 13:40:11 [main] INFO  [:] o.a.coyote.http11.Http11NioProtocol - Starting ProtocolHandler ["http-nio-7071"]
2025-04-17 13:40:11 [main] INFO  [:] o.s.b.w.e.tomcat.TomcatWebServer - Tomcat started on port 7071 (http) with context path '/'
2025-04-17 13:40:11 [main] INFO  [:] c.e.c.CustomerserviceApplication - Started CustomerserviceApplication in 14.125 seconds (process running for 15.162)
2025-04-17 13:40:37 [http-nio-7071-exec-1] INFO  [:] o.a.c.c.C.[Tomcat].[localhost].[/] - Initializing Spring DispatcherServlet 'dispatcherServlet'
2025-04-17 13:40:37 [http-nio-7071-exec-1] INFO  [:] o.s.web.servlet.DispatcherServlet - Initializing Servlet 'dispatcherServlet'
2025-04-17 13:40:37 [http-nio-7071-exec-1] INFO  [:] o.s.web.servlet.DispatcherServlet - Completed initialization in 3 ms
2025-04-17 13:59:49 [main] INFO  [:] c.e.c.CustomerserviceApplication - Starting CustomerserviceApplication using Java 21.0.2 with PID 6092 (C:\Ecommerce\customerservice\target\classes started by Kavi in C:\Ecommerce\customerservice)
2025-04-17 13:59:49 [main] INFO  [:] c.e.c.CustomerserviceApplication - No active profile set, falling back to 1 default profile: "default"
2025-04-17 13:59:51 [main] INFO  [:] o.s.d.r.c.RepositoryConfigurationDelegate - Bootstrapping Spring Data JPA repositories in DEFAULT mode.
2025-04-17 13:59:51 [main] INFO  [:] o.s.d.r.c.RepositoryConfigurationDelegate - Finished Spring Data repository scanning in 308 ms. Found 1 JPA repository interface.
2025-04-17 13:59:53 [main] INFO  [:] o.s.b.w.e.tomcat.TomcatWebServer - Tomcat initialized with port 7071 (http)
2025-04-17 13:59:53 [main] INFO  [:] o.a.coyote.http11.Http11NioProtocol - Initializing ProtocolHandler ["http-nio-7071"]
2025-04-17 13:59:53 [main] INFO  [:] o.a.catalina.core.StandardService - Starting service [Tomcat]
2025-04-17 13:59:53 [main] INFO  [:] o.a.catalina.core.StandardEngine - Starting Servlet engine: [Apache Tomcat/10.1.39]
2025-04-17 13:59:54 [main] INFO  [:] o.a.c.c.C.[Tomcat].[localhost].[/] - Initializing Spring embedded WebApplicationContext
2025-04-17 13:59:54 [main] INFO  [:] o.s.b.w.s.c.ServletWebServerApplicationContext - Root WebApplicationContext: initialization completed in 4880 ms
2025-04-17 13:59:55 [main] INFO  [:] o.h.jpa.internal.util.LogHelper - HHH000204: Processing PersistenceUnitInfo [name: default]
2025-04-17 13:59:55 [main] INFO  [:] org.hibernate.Version - HHH000412: Hibernate ORM core version 6.6.11.Final
2025-04-17 13:59:55 [main] INFO  [:] o.h.c.i.RegionFactoryInitiator - HHH000026: Second-level cache disabled
2025-04-17 13:59:56 [main] INFO  [:] o.s.o.j.p.SpringPersistenceUnitInfo - No LoadTimeWeaver setup: ignoring JPA class transformer
2025-04-17 13:59:56 [main] INFO  [:] com.zaxxer.hikari.HikariDataSource - HikariPool-1 - Starting...
2025-04-17 13:59:57 [main] INFO  [:] com.zaxxer.hikari.pool.HikariPool - HikariPool-1 - Added connection com.mysql.cj.jdbc.ConnectionImpl@2d1f3639
2025-04-17 13:59:57 [main] INFO  [:] com.zaxxer.hikari.HikariDataSource - HikariPool-1 - Start completed.
2025-04-17 13:59:57 [main] INFO  [:] o.hibernate.orm.connections.pooling - HHH10001005: Database info:
	Database JDBC URL [Connecting through datasource 'HikariDataSource (HikariPool-1)']
	Database driver: undefined/unknown
	Database version: 8.0.40
	Autocommit mode: undefined/unknown
	Isolation level: undefined/unknown
	Minimum pool size: undefined/unknown
	Maximum pool size: undefined/unknown
2025-04-17 13:59:58 [main] INFO  [:] o.h.e.t.j.p.i.JtaPlatformInitiator - HHH000489: No JTA platform available (set 'hibernate.transaction.jta.platform' to enable JTA platform integration)
2025-04-17 13:59:59 [main] INFO  [:] o.s.o.j.LocalContainerEntityManagerFactoryBean - Initialized JPA EntityManagerFactory for persistence unit 'default'
2025-04-17 14:00:01 [main] INFO  [:] o.s.b.a.e.web.EndpointLinksResolver - Exposing 1 endpoint beneath base path '/actuator'
2025-04-17 14:00:01 [main] INFO  [:] o.a.coyote.http11.Http11NioProtocol - Starting ProtocolHandler ["http-nio-7071"]
2025-04-17 14:00:02 [main] INFO  [:] o.s.b.w.e.tomcat.TomcatWebServer - Tomcat started on port 7071 (http) with context path '/'
2025-04-17 14:00:02 [main] INFO  [:] c.e.c.CustomerserviceApplication - Started CustomerserviceApplication in 14.711 seconds (process running for 15.779)
2025-04-17 14:00:44 [http-nio-7071-exec-1] INFO  [:] o.a.c.c.C.[Tomcat].[localhost].[/] - Initializing Spring DispatcherServlet 'dispatcherServlet'
2025-04-17 14:00:44 [http-nio-7071-exec-1] INFO  [:] o.s.web.servlet.DispatcherServlet - Initializing Servlet 'dispatcherServlet'
2025-04-17 14:00:44 [http-nio-7071-exec-1] INFO  [:] o.s.web.servlet.DispatcherServlet - Completed initialization in 3 ms
2025-04-17 14:11:48 [main] INFO  [:] c.e.c.CustomerserviceApplication - Starting CustomerserviceApplication using Java 21.0.2 with PID 14312 (C:\Ecommerce\customerservice\target\classes started by Kavi in C:\Ecommerce\customerservice)
2025-04-17 14:11:48 [main] INFO  [:] c.e.c.CustomerserviceApplication - No active profile set, falling back to 1 default profile: "default"
2025-04-17 14:11:51 [main] INFO  [:] o.s.d.r.c.RepositoryConfigurationDelegate - Bootstrapping Spring Data JPA repositories in DEFAULT mode.
2025-04-17 14:11:51 [main] INFO  [:] o.s.d.r.c.RepositoryConfigurationDelegate - Finished Spring Data repository scanning in 353 ms. Found 1 JPA repository interface.
2025-04-17 14:11:53 [main] INFO  [:] o.s.b.w.e.tomcat.TomcatWebServer - Tomcat initialized with port 7071 (http)
2025-04-17 14:11:53 [main] INFO  [:] o.a.coyote.http11.Http11NioProtocol - Initializing ProtocolHandler ["http-nio-7071"]
2025-04-17 14:11:53 [main] INFO  [:] o.a.catalina.core.StandardService - Starting service [Tomcat]
2025-04-17 14:11:53 [main] INFO  [:] o.a.catalina.core.StandardEngine - Starting Servlet engine: [Apache Tomcat/10.1.39]
2025-04-17 14:11:53 [main] INFO  [:] o.a.c.c.C.[Tomcat].[localhost].[/] - Initializing Spring embedded WebApplicationContext
2025-04-17 14:11:53 [main] INFO  [:] o.s.b.w.s.c.ServletWebServerApplicationContext - Root WebApplicationContext: initialization completed in 4903 ms
2025-04-17 14:11:55 [main] INFO  [:] o.h.jpa.internal.util.LogHelper - HHH000204: Processing PersistenceUnitInfo [name: default]
2025-04-17 14:11:55 [main] INFO  [:] org.hibernate.Version - HHH000412: Hibernate ORM core version 6.6.11.Final
2025-04-17 14:11:55 [main] INFO  [:] o.h.c.i.RegionFactoryInitiator - HHH000026: Second-level cache disabled
2025-04-17 14:11:56 [main] INFO  [:] o.s.o.j.p.SpringPersistenceUnitInfo - No LoadTimeWeaver setup: ignoring JPA class transformer
2025-04-17 14:11:56 [main] INFO  [:] com.zaxxer.hikari.HikariDataSource - HikariPool-1 - Starting...
2025-04-17 14:11:57 [main] INFO  [:] com.zaxxer.hikari.pool.HikariPool - HikariPool-1 - Added connection com.mysql.cj.jdbc.ConnectionImpl@2e5c7cd5
2025-04-17 14:11:57 [main] INFO  [:] com.zaxxer.hikari.HikariDataSource - HikariPool-1 - Start completed.
2025-04-17 14:11:57 [main] INFO  [:] o.hibernate.orm.connections.pooling - HHH10001005: Database info:
	Database JDBC URL [Connecting through datasource 'HikariDataSource (HikariPool-1)']
	Database driver: undefined/unknown
	Database version: 8.0.40
	Autocommit mode: undefined/unknown
	Isolation level: undefined/unknown
	Minimum pool size: undefined/unknown
	Maximum pool size: undefined/unknown
2025-04-17 14:11:58 [main] INFO  [:] o.h.e.t.j.p.i.JtaPlatformInitiator - HHH000489: No JTA platform available (set 'hibernate.transaction.jta.platform' to enable JTA platform integration)
2025-04-17 14:11:59 [main] INFO  [:] o.s.o.j.LocalContainerEntityManagerFactoryBean - Initialized JPA EntityManagerFactory for persistence unit 'default'
2025-04-17 14:12:01 [main] INFO  [:] o.s.b.a.e.web.EndpointLinksResolver - Exposing 1 endpoint beneath base path '/actuator'
2025-04-17 14:12:01 [main] INFO  [:] o.a.coyote.http11.Http11NioProtocol - Starting ProtocolHandler ["http-nio-7071"]
2025-04-17 14:12:01 [main] INFO  [:] o.s.b.w.e.tomcat.TomcatWebServer - Tomcat started on port 7071 (http) with context path '/'
2025-04-17 14:12:01 [main] INFO  [:] c.e.c.CustomerserviceApplication - Started CustomerserviceApplication in 14.679 seconds (process running for 15.72)
2025-04-17 14:12:06 [http-nio-7071-exec-2] INFO  [:] o.a.c.c.C.[Tomcat].[localhost].[/] - Initializing Spring DispatcherServlet 'dispatcherServlet'
2025-04-17 14:12:06 [http-nio-7071-exec-2] INFO  [:] o.s.web.servlet.DispatcherServlet - Initializing Servlet 'dispatcherServlet'
2025-04-17 14:12:06 [http-nio-7071-exec-2] INFO  [:] o.s.web.servlet.DispatcherServlet - Completed initialization in 39 ms
