2025-04-10 17:28:34.059 [main] INFO  c.e.c.CustomerserviceApplication - [] Starting CustomerserviceApplication using Java 21.0.2 with PID 15492 (C:\Ecommerce\customerservice\target\classes started by Kavi in C:\Ecommerce\customerservice)
2025-04-10 17:28:34.062 [main] INFO  c.e.c.CustomerserviceApplication - [] No active profile set, falling back to 1 default profile: "default"
2025-04-10 17:28:35.480 [main] INFO  o.s.d.r.c.RepositoryConfigurationDelegate - [] Bootstrapping Spring Data JPA repositories in DEFAULT mode.
2025-04-10 17:28:35.644 [main] INFO  o.s.d.r.c.RepositoryConfigurationDelegate - [] Finished Spring Data repository scanning in 148 ms. Found 1 JPA repository interface.
2025-04-10 17:28:36.700 [main] INFO  o.s.b.w.e.tomcat.TomcatWebServer - [] Tomcat initialized with port 7071 (http)
2025-04-10 17:28:36.729 [main] INFO  o.a.coyote.http11.Http11NioProtocol - [] Initializing ProtocolHandler ["http-nio-7071"]
2025-04-10 17:28:36.732 [main] INFO  o.a.catalina.core.StandardService - [] Starting service [Tomcat]
2025-04-10 17:28:36.733 [main] INFO  o.a.catalina.core.StandardEngine - [] Starting Servlet engine: [Apache Tomcat/10.1.36]
2025-04-10 17:28:36.817 [main] INFO  o.a.c.c.C.[Tomcat].[localhost].[/] - [] Initializing Spring embedded WebApplicationContext
2025-04-10 17:28:36.817 [main] INFO  o.s.b.w.s.c.ServletWebServerApplicationContext - [] Root WebApplicationContext: initialization completed in 2690 ms
2025-04-10 17:28:37.233 [main] INFO  com.zaxxer.hikari.HikariDataSource - [] HikariPool-1 - Starting...
2025-04-10 17:28:37.716 [main] INFO  com.zaxxer.hikari.pool.HikariPool - [] HikariPool-1 - Added connection com.mysql.cj.jdbc.ConnectionImpl@1fb71788
2025-04-10 17:28:37.720 [main] INFO  com.zaxxer.hikari.HikariDataSource - [] HikariPool-1 - Start completed.
2025-04-10 17:28:38.140 [main] INFO  liquibase.lockservice - [] Successfully acquired change log lock
2025-04-10 17:28:38.706 [main] INFO  liquibase.changelog - [] Reading from customer_db.DATABASECHANGELOG
2025-04-10 17:28:38.774 [main] INFO  liquibase.servicelocator - [] Cannot load service: liquibase.hub.HubService: Provider liquibase.hub.core.StandardHubService could not be instantiated
2025-04-10 17:28:38.785 [main] INFO  liquibase.lockservice - [] Successfully released change log lock
2025-04-10 17:28:38.943 [main] INFO  o.h.jpa.internal.util.LogHelper - [] HHH000204: Processing PersistenceUnitInfo [name: default]
2025-04-10 17:28:39.043 [main] INFO  org.hibernate.Version - [] HHH000412: Hibernate ORM core version 6.6.8.Final
2025-04-10 17:28:39.093 [main] INFO  o.h.c.i.RegionFactoryInitiator - [] HHH000026: Second-level cache disabled
2025-04-10 17:28:39.527 [main] INFO  o.s.o.j.p.SpringPersistenceUnitInfo - [] No LoadTimeWeaver setup: ignoring JPA class transformer
2025-04-10 17:28:39.615 [main] INFO  o.hibernate.orm.connections.pooling - [] HHH10001005: Database info:
	Database JDBC URL [Connecting through datasource 'HikariDataSource (HikariPool-1)']
	Database driver: undefined/unknown
	Database version: 8.0.40
	Autocommit mode: undefined/unknown
	Isolation level: undefined/unknown
	Minimum pool size: undefined/unknown
	Maximum pool size: undefined/unknown
2025-04-10 17:28:40.492 [main] INFO  o.h.e.t.j.p.i.JtaPlatformInitiator - [] HHH000489: No JTA platform available (set 'hibernate.transaction.jta.platform' to enable JTA platform integration)
2025-04-10 17:28:40.538 [main] INFO  o.s.o.j.LocalContainerEntityManagerFactoryBean - [] Initialized JPA EntityManagerFactory for persistence unit 'default'
2025-04-10 17:28:42.283 [main] INFO  o.s.b.a.e.web.EndpointLinksResolver - [] Exposing 1 endpoint beneath base path '/actuator'
2025-04-10 17:28:42.575 [main] INFO  o.a.coyote.http11.Http11NioProtocol - [] Starting ProtocolHandler ["http-nio-7071"]
2025-04-10 17:28:42.592 [main] INFO  o.s.b.w.e.tomcat.TomcatWebServer - [] Tomcat started on port 7071 (http) with context path '/'
2025-04-10 17:28:42.605 [main] INFO  c.e.c.CustomerserviceApplication - [] Started CustomerserviceApplication in 9.411 seconds (process running for 9.997)
2025-04-10 17:34:38.886 [http-nio-7071-exec-1] INFO  o.a.c.c.C.[Tomcat].[localhost].[/] - [] Initializing Spring DispatcherServlet 'dispatcherServlet'
2025-04-10 17:34:38.890 [http-nio-7071-exec-1] INFO  o.s.web.servlet.DispatcherServlet - [] Initializing Servlet 'dispatcherServlet'
2025-04-10 17:34:38.908 [http-nio-7071-exec-1] INFO  o.s.web.servlet.DispatcherServlet - [] Completed initialization in 17 ms
2025-04-10 17:34:38.943 [http-nio-7071-exec-1] INFO  requestLogger - [57c4c36e-6a28-45e6-8d9b-03bd120adcf6] Request => Method: [GET], URI: [/customers/retrieve/1], IP: [127.0.0.1], Agent: [ReactorNetty/1.2.3], Time: [2025-04-10T17:34:38.943118200]
2025-04-10 17:34:39.019 [http-nio-7071-exec-1] INFO  productRequestLogger - [57c4c36e-6a28-45e6-8d9b-03bd120adcf6] Received request: GET /customers/retrieve/1
2025-04-10 17:34:39.019 [http-nio-7071-exec-1] INFO  c.e.c.service.CustomerService - [57c4c36e-6a28-45e6-8d9b-03bd120adcf6] Fetching customer with ID: 1
2025-04-10 17:45:48.292 [main] INFO  c.e.c.CustomerserviceApplication - [] Starting CustomerserviceApplication using Java 21.0.2 with PID 9332 (C:\Ecommerce\customerservice\target\classes started by Kavi in C:\Ecommerce\customerservice)
2025-04-10 17:45:48.295 [main] INFO  c.e.c.CustomerserviceApplication - [] No active profile set, falling back to 1 default profile: "default"
2025-04-10 17:45:49.577 [main] INFO  o.s.d.r.c.RepositoryConfigurationDelegate - [] Bootstrapping Spring Data JPA repositories in DEFAULT mode.
2025-04-10 17:45:49.761 [main] INFO  o.s.d.r.c.RepositoryConfigurationDelegate - [] Finished Spring Data repository scanning in 167 ms. Found 1 JPA repository interface.
2025-04-10 17:45:50.744 [main] INFO  o.s.b.w.e.tomcat.TomcatWebServer - [] Tomcat initialized with port 7071 (http)
2025-04-10 17:45:50.764 [main] INFO  o.a.coyote.http11.Http11NioProtocol - [] Initializing ProtocolHandler ["http-nio-7071"]
2025-04-10 17:45:50.767 [main] INFO  o.a.catalina.core.StandardService - [] Starting service [Tomcat]
2025-04-10 17:45:50.767 [main] INFO  o.a.catalina.core.StandardEngine - [] Starting Servlet engine: [Apache Tomcat/10.1.36]
2025-04-10 17:45:50.869 [main] INFO  o.a.c.c.C.[Tomcat].[localhost].[/] - [] Initializing Spring embedded WebApplicationContext
2025-04-10 17:45:50.869 [main] INFO  o.s.b.w.s.c.ServletWebServerApplicationContext - [] Root WebApplicationContext: initialization completed in 2515 ms
2025-04-10 17:45:51.282 [main] INFO  com.zaxxer.hikari.HikariDataSource - [] HikariPool-1 - Starting...
2025-04-10 17:45:51.766 [main] INFO  com.zaxxer.hikari.pool.HikariPool - [] HikariPool-1 - Added connection com.mysql.cj.jdbc.ConnectionImpl@29699283
2025-04-10 17:45:51.770 [main] INFO  com.zaxxer.hikari.HikariDataSource - [] HikariPool-1 - Start completed.
2025-04-10 17:45:52.156 [main] INFO  liquibase.lockservice - [] Successfully acquired change log lock
2025-04-10 17:45:52.708 [main] INFO  liquibase.changelog - [] Reading from customer_db.DATABASECHANGELOG
2025-04-10 17:45:52.771 [main] INFO  liquibase.servicelocator - [] Cannot load service: liquibase.hub.HubService: Provider liquibase.hub.core.StandardHubService could not be instantiated
2025-04-10 17:45:52.785 [main] INFO  liquibase.lockservice - [] Successfully released change log lock
2025-04-10 17:45:52.950 [main] INFO  o.h.jpa.internal.util.LogHelper - [] HHH000204: Processing PersistenceUnitInfo [name: default]
2025-04-10 17:45:53.059 [main] INFO  org.hibernate.Version - [] HHH000412: Hibernate ORM core version 6.6.8.Final
2025-04-10 17:45:53.122 [main] INFO  o.h.c.i.RegionFactoryInitiator - [] HHH000026: Second-level cache disabled
2025-04-10 17:45:53.559 [main] INFO  o.s.o.j.p.SpringPersistenceUnitInfo - [] No LoadTimeWeaver setup: ignoring JPA class transformer
2025-04-10 17:45:53.666 [main] INFO  o.hibernate.orm.connections.pooling - [] HHH10001005: Database info:
	Database JDBC URL [Connecting through datasource 'HikariDataSource (HikariPool-1)']
	Database driver: undefined/unknown
	Database version: 8.0.40
	Autocommit mode: undefined/unknown
	Isolation level: undefined/unknown
	Minimum pool size: undefined/unknown
	Maximum pool size: undefined/unknown
2025-04-10 17:45:54.596 [main] INFO  o.h.e.t.j.p.i.JtaPlatformInitiator - [] HHH000489: No JTA platform available (set 'hibernate.transaction.jta.platform' to enable JTA platform integration)
2025-04-10 17:45:54.634 [main] INFO  o.s.o.j.LocalContainerEntityManagerFactoryBean - [] Initialized JPA EntityManagerFactory for persistence unit 'default'
2025-04-10 17:45:56.349 [main] INFO  o.s.b.a.e.web.EndpointLinksResolver - [] Exposing 1 endpoint beneath base path '/actuator'
2025-04-10 17:45:56.593 [main] INFO  o.a.coyote.http11.Http11NioProtocol - [] Starting ProtocolHandler ["http-nio-7071"]
2025-04-10 17:45:56.609 [main] INFO  o.s.b.w.e.tomcat.TomcatWebServer - [] Tomcat started on port 7071 (http) with context path '/'
2025-04-10 17:45:56.629 [main] INFO  c.e.c.CustomerserviceApplication - [] Started CustomerserviceApplication in 9.155 seconds (process running for 9.705)
2025-04-10 17:47:27.425 [http-nio-7071-exec-4] INFO  o.a.c.c.C.[Tomcat].[localhost].[/] - [] Initializing Spring DispatcherServlet 'dispatcherServlet'
2025-04-10 17:47:27.426 [http-nio-7071-exec-4] INFO  o.s.web.servlet.DispatcherServlet - [] Initializing Servlet 'dispatcherServlet'
2025-04-10 17:47:27.430 [http-nio-7071-exec-4] INFO  o.s.web.servlet.DispatcherServlet - [] Completed initialization in 3 ms
2025-04-10 17:47:27.453 [http-nio-7071-exec-4] INFO  requestLogger - [2934663d-b178-4c5e-a40c-308deecdf1f8] Request => Method: [GET], URI: [/customers/retrieve/1], IP: [127.0.0.1], Agent: [ReactorNetty/1.2.3], Time: [2025-04-10T17:47:27.453808300]
2025-04-10 17:47:27.495 [http-nio-7071-exec-4] INFO  productRequestLogger - [2934663d-b178-4c5e-a40c-308deecdf1f8] Received request: GET /customers/retrieve/1
2025-04-10 17:47:27.495 [http-nio-7071-exec-4] INFO  c.e.c.service.CustomerService - [2934663d-b178-4c5e-a40c-308deecdf1f8] Fetching customer with ID: 1
2025-04-10 17:48:24.801 [http-nio-7071-exec-3] INFO  requestLogger - [abc143] Request => Method: [GET], URI: [/customers/retrieve/1], IP: [127.0.0.1], Agent: [ReactorNetty/1.2.3], Time: [2025-04-10T17:48:24.801512700]
2025-04-10 17:48:24.802 [http-nio-7071-exec-3] INFO  productRequestLogger - [abc143] Received request: GET /customers/retrieve/1
2025-04-10 17:48:24.802 [http-nio-7071-exec-3] INFO  c.e.c.service.CustomerService - [abc143] Fetching customer with ID: 1
2025-04-10 18:08:42.173 [main] INFO  c.e.c.CustomerserviceApplication - [] Starting CustomerserviceApplication using Java 21.0.2 with PID 16912 (C:\Ecommerce\customerservice\target\classes started by Kavi in C:\Ecommerce\customerservice)
2025-04-10 18:08:42.176 [main] INFO  c.e.c.CustomerserviceApplication - [] No active profile set, falling back to 1 default profile: "default"
2025-04-10 18:08:43.493 [main] INFO  o.s.d.r.c.RepositoryConfigurationDelegate - [] Bootstrapping Spring Data JPA repositories in DEFAULT mode.
2025-04-10 18:08:43.670 [main] INFO  o.s.d.r.c.RepositoryConfigurationDelegate - [] Finished Spring Data repository scanning in 162 ms. Found 1 JPA repository interface.
2025-04-10 18:08:44.698 [main] INFO  o.s.b.w.e.tomcat.TomcatWebServer - [] Tomcat initialized with port 7071 (http)
2025-04-10 18:08:44.714 [main] INFO  o.a.coyote.http11.Http11NioProtocol - [] Initializing ProtocolHandler ["http-nio-7071"]
2025-04-10 18:08:44.718 [main] INFO  o.a.catalina.core.StandardService - [] Starting service [Tomcat]
2025-04-10 18:08:44.719 [main] INFO  o.a.catalina.core.StandardEngine - [] Starting Servlet engine: [Apache Tomcat/10.1.36]
2025-04-10 18:08:44.816 [main] INFO  o.a.c.c.C.[Tomcat].[localhost].[/] - [] Initializing Spring embedded WebApplicationContext
2025-04-10 18:08:44.816 [main] INFO  o.s.b.w.s.c.ServletWebServerApplicationContext - [] Root WebApplicationContext: initialization completed in 2578 ms
2025-04-10 18:08:45.200 [main] INFO  com.zaxxer.hikari.HikariDataSource - [] HikariPool-1 - Starting...
2025-04-10 18:08:45.579 [main] INFO  com.zaxxer.hikari.pool.HikariPool - [] HikariPool-1 - Added connection com.mysql.cj.jdbc.ConnectionImpl@58ec8271
2025-04-10 18:08:45.582 [main] INFO  com.zaxxer.hikari.HikariDataSource - [] HikariPool-1 - Start completed.
2025-04-10 18:08:45.924 [main] INFO  liquibase.lockservice - [] Successfully acquired change log lock
2025-04-10 18:08:46.424 [main] INFO  liquibase.changelog - [] Reading from customer_db.DATABASECHANGELOG
2025-04-10 18:08:46.490 [main] INFO  liquibase.servicelocator - [] Cannot load service: liquibase.hub.HubService: Provider liquibase.hub.core.StandardHubService could not be instantiated
2025-04-10 18:08:46.503 [main] INFO  liquibase.lockservice - [] Successfully released change log lock
2025-04-10 18:08:46.637 [main] INFO  o.h.jpa.internal.util.LogHelper - [] HHH000204: Processing PersistenceUnitInfo [name: default]
2025-04-10 18:08:46.705 [main] INFO  org.hibernate.Version - [] HHH000412: Hibernate ORM core version 6.6.8.Final
2025-04-10 18:08:46.741 [main] INFO  o.h.c.i.RegionFactoryInitiator - [] HHH000026: Second-level cache disabled
2025-04-10 18:08:47.069 [main] INFO  o.s.o.j.p.SpringPersistenceUnitInfo - [] No LoadTimeWeaver setup: ignoring JPA class transformer
2025-04-10 18:08:47.153 [main] INFO  o.hibernate.orm.connections.pooling - [] HHH10001005: Database info:
	Database JDBC URL [Connecting through datasource 'HikariDataSource (HikariPool-1)']
	Database driver: undefined/unknown
	Database version: 8.0.40
	Autocommit mode: undefined/unknown
	Isolation level: undefined/unknown
	Minimum pool size: undefined/unknown
	Maximum pool size: undefined/unknown
2025-04-10 18:08:47.888 [main] INFO  o.h.e.t.j.p.i.JtaPlatformInitiator - [] HHH000489: No JTA platform available (set 'hibernate.transaction.jta.platform' to enable JTA platform integration)
2025-04-10 18:08:47.931 [main] INFO  o.s.o.j.LocalContainerEntityManagerFactoryBean - [] Initialized JPA EntityManagerFactory for persistence unit 'default'
2025-04-10 18:08:49.504 [main] INFO  o.s.b.a.e.web.EndpointLinksResolver - [] Exposing 1 endpoint beneath base path '/actuator'
2025-04-10 18:08:49.716 [main] INFO  o.a.coyote.http11.Http11NioProtocol - [] Starting ProtocolHandler ["http-nio-7071"]
2025-04-10 18:08:49.727 [main] INFO  o.s.b.w.e.tomcat.TomcatWebServer - [] Tomcat started on port 7071 (http) with context path '/'
2025-04-10 18:08:49.740 [main] INFO  c.e.c.CustomerserviceApplication - [] Started CustomerserviceApplication in 8.393 seconds (process running for 8.942)
2025-04-10 18:09:26.757 [http-nio-7071-exec-1] INFO  o.a.c.c.C.[Tomcat].[localhost].[/] - [] Initializing Spring DispatcherServlet 'dispatcherServlet'
2025-04-10 18:09:26.758 [http-nio-7071-exec-1] INFO  o.s.web.servlet.DispatcherServlet - [] Initializing Servlet 'dispatcherServlet'
2025-04-10 18:09:26.761 [http-nio-7071-exec-1] INFO  o.s.web.servlet.DispatcherServlet - [] Completed initialization in 1 ms
2025-04-10 18:09:26.783 [http-nio-7071-exec-1] INFO  requestLogger - [64e9815d-69d6-4c8e-b726-c8b1c853b50c] Request => Method: [GET], URI: [/customers/retrieve/1], IP: [127.0.0.1], Agent: [ReactorNetty/1.2.3], Time: [2025-04-10T18:09:26.783232700]
2025-04-10 18:12:19.095 [main] INFO  c.e.c.CustomerserviceApplication - [] Starting CustomerserviceApplication using Java 21.0.2 with PID 2584 (C:\Ecommerce\customerservice\target\classes started by Kavi in C:\Ecommerce\customerservice)
2025-04-10 18:12:19.098 [main] INFO  c.e.c.CustomerserviceApplication - [] No active profile set, falling back to 1 default profile: "default"
2025-04-10 18:12:20.477 [main] INFO  o.s.d.r.c.RepositoryConfigurationDelegate - [] Bootstrapping Spring Data JPA repositories in DEFAULT mode.
2025-04-10 18:12:20.672 [main] INFO  o.s.d.r.c.RepositoryConfigurationDelegate - [] Finished Spring Data repository scanning in 179 ms. Found 1 JPA repository interface.
2025-04-10 18:12:21.704 [main] INFO  o.s.b.w.e.tomcat.TomcatWebServer - [] Tomcat initialized with port 7071 (http)
2025-04-10 18:12:21.721 [main] INFO  o.a.coyote.http11.Http11NioProtocol - [] Initializing ProtocolHandler ["http-nio-7071"]
2025-04-10 18:12:21.725 [main] INFO  o.a.catalina.core.StandardService - [] Starting service [Tomcat]
2025-04-10 18:12:21.725 [main] INFO  o.a.catalina.core.StandardEngine - [] Starting Servlet engine: [Apache Tomcat/10.1.36]
2025-04-10 18:12:21.819 [main] INFO  o.a.c.c.C.[Tomcat].[localhost].[/] - [] Initializing Spring embedded WebApplicationContext
2025-04-10 18:12:21.820 [main] INFO  o.s.b.w.s.c.ServletWebServerApplicationContext - [] Root WebApplicationContext: initialization completed in 2661 ms
2025-04-10 18:12:22.250 [main] INFO  com.zaxxer.hikari.HikariDataSource - [] HikariPool-1 - Starting...
2025-04-10 18:12:22.681 [main] INFO  com.zaxxer.hikari.pool.HikariPool - [] HikariPool-1 - Added connection com.mysql.cj.jdbc.ConnectionImpl@2b6b487c
2025-04-10 18:12:22.684 [main] INFO  com.zaxxer.hikari.HikariDataSource - [] HikariPool-1 - Start completed.
2025-04-10 18:12:23.058 [main] INFO  liquibase.lockservice - [] Successfully acquired change log lock
2025-04-10 18:12:23.572 [main] INFO  liquibase.changelog - [] Reading from customer_db.DATABASECHANGELOG
2025-04-10 18:12:23.631 [main] INFO  liquibase.servicelocator - [] Cannot load service: liquibase.hub.HubService: Provider liquibase.hub.core.StandardHubService could not be instantiated
2025-04-10 18:12:23.649 [main] INFO  liquibase.lockservice - [] Successfully released change log lock
2025-04-10 18:12:23.784 [main] INFO  o.h.jpa.internal.util.LogHelper - [] HHH000204: Processing PersistenceUnitInfo [name: default]
2025-04-10 18:12:23.830 [main] INFO  org.hibernate.Version - [] HHH000412: Hibernate ORM core version 6.6.8.Final
2025-04-10 18:12:23.863 [main] INFO  o.h.c.i.RegionFactoryInitiator - [] HHH000026: Second-level cache disabled
2025-04-10 18:12:24.196 [main] INFO  o.s.o.j.p.SpringPersistenceUnitInfo - [] No LoadTimeWeaver setup: ignoring JPA class transformer
2025-04-10 18:12:24.291 [main] INFO  o.hibernate.orm.connections.pooling - [] HHH10001005: Database info:
	Database JDBC URL [Connecting through datasource 'HikariDataSource (HikariPool-1)']
	Database driver: undefined/unknown
	Database version: 8.0.40
	Autocommit mode: undefined/unknown
	Isolation level: undefined/unknown
	Minimum pool size: undefined/unknown
	Maximum pool size: undefined/unknown
2025-04-10 18:12:25.056 [main] INFO  o.h.e.t.j.p.i.JtaPlatformInitiator - [] HHH000489: No JTA platform available (set 'hibernate.transaction.jta.platform' to enable JTA platform integration)
2025-04-10 18:12:25.099 [main] INFO  o.s.o.j.LocalContainerEntityManagerFactoryBean - [] Initialized JPA EntityManagerFactory for persistence unit 'default'
2025-04-10 18:12:27.033 [main] INFO  o.s.b.a.e.web.EndpointLinksResolver - [] Exposing 1 endpoint beneath base path '/actuator'
2025-04-10 18:12:27.281 [main] INFO  o.a.coyote.http11.Http11NioProtocol - [] Starting ProtocolHandler ["http-nio-7071"]
2025-04-10 18:12:27.298 [main] INFO  o.s.b.w.e.tomcat.TomcatWebServer - [] Tomcat started on port 7071 (http) with context path '/'
2025-04-10 18:12:27.316 [main] INFO  c.e.c.CustomerserviceApplication - [] Started CustomerserviceApplication in 9.055 seconds (process running for 9.603)
2025-04-10 18:12:37.834 [http-nio-7071-exec-2] INFO  o.a.c.c.C.[Tomcat].[localhost].[/] - [] Initializing Spring DispatcherServlet 'dispatcherServlet'
2025-04-10 18:12:37.835 [http-nio-7071-exec-2] INFO  o.s.web.servlet.DispatcherServlet - [] Initializing Servlet 'dispatcherServlet'
2025-04-10 18:12:37.838 [http-nio-7071-exec-2] INFO  o.s.web.servlet.DispatcherServlet - [] Completed initialization in 2 ms
2025-04-10 18:12:37.860 [http-nio-7071-exec-2] INFO  requestLogger - [b25dcc19-5b1d-478a-95b8-3e7e92398aa1] Request => Method: [GET], URI: [/customers/retrieve/1], IP: [127.0.0.1], Agent: [ReactorNetty/1.2.3], Time: [2025-04-10T18:12:37.860414100]
2025-04-10 18:25:25.737 [main] INFO  c.e.c.CustomerserviceApplication - [] Starting CustomerserviceApplication using Java 21.0.2 with PID 6324 (C:\Ecommerce\customerservice\target\classes started by Kavi in C:\Ecommerce\customerservice)
2025-04-10 18:25:25.741 [main] INFO  c.e.c.CustomerserviceApplication - [] No active profile set, falling back to 1 default profile: "default"
2025-04-10 18:25:27.170 [main] INFO  o.s.d.r.c.RepositoryConfigurationDelegate - [] Bootstrapping Spring Data JPA repositories in DEFAULT mode.
2025-04-10 18:25:27.356 [main] INFO  o.s.d.r.c.RepositoryConfigurationDelegate - [] Finished Spring Data repository scanning in 169 ms. Found 1 JPA repository interface.
2025-04-10 18:25:28.548 [main] INFO  o.s.b.w.e.tomcat.TomcatWebServer - [] Tomcat initialized with port 7071 (http)
2025-04-10 18:25:28.563 [main] INFO  o.a.coyote.http11.Http11NioProtocol - [] Initializing ProtocolHandler ["http-nio-7071"]
2025-04-10 18:25:28.566 [main] INFO  o.a.catalina.core.StandardService - [] Starting service [Tomcat]
2025-04-10 18:25:28.566 [main] INFO  o.a.catalina.core.StandardEngine - [] Starting Servlet engine: [Apache Tomcat/10.1.36]
2025-04-10 18:25:28.651 [main] INFO  o.a.c.c.C.[Tomcat].[localhost].[/] - [] Initializing Spring embedded WebApplicationContext
2025-04-10 18:25:28.653 [main] INFO  o.s.b.w.s.c.ServletWebServerApplicationContext - [] Root WebApplicationContext: initialization completed in 2852 ms
2025-04-10 18:25:29.088 [main] INFO  com.zaxxer.hikari.HikariDataSource - [] HikariPool-1 - Starting...
2025-04-10 18:25:29.633 [main] INFO  com.zaxxer.hikari.pool.HikariPool - [] HikariPool-1 - Added connection com.mysql.cj.jdbc.ConnectionImpl@76dc36e5
2025-04-10 18:25:29.638 [main] INFO  com.zaxxer.hikari.HikariDataSource - [] HikariPool-1 - Start completed.
2025-04-10 18:25:30.015 [main] INFO  liquibase.lockservice - [] Successfully acquired change log lock
2025-04-10 18:25:30.570 [main] INFO  liquibase.changelog - [] Reading from customer_db.DATABASECHANGELOG
2025-04-10 18:25:30.650 [main] INFO  liquibase.servicelocator - [] Cannot load service: liquibase.hub.HubService: Provider liquibase.hub.core.StandardHubService could not be instantiated
2025-04-10 18:25:30.663 [main] INFO  liquibase.lockservice - [] Successfully released change log lock
2025-04-10 18:25:30.822 [main] INFO  o.h.jpa.internal.util.LogHelper - [] HHH000204: Processing PersistenceUnitInfo [name: default]
2025-04-10 18:25:30.928 [main] INFO  org.hibernate.Version - [] HHH000412: Hibernate ORM core version 6.6.8.Final
2025-04-10 18:25:30.990 [main] INFO  o.h.c.i.RegionFactoryInitiator - [] HHH000026: Second-level cache disabled
2025-04-10 18:25:31.443 [main] INFO  o.s.o.j.p.SpringPersistenceUnitInfo - [] No LoadTimeWeaver setup: ignoring JPA class transformer
2025-04-10 18:25:31.538 [main] INFO  o.hibernate.orm.connections.pooling - [] HHH10001005: Database info:
	Database JDBC URL [Connecting through datasource 'HikariDataSource (HikariPool-1)']
	Database driver: undefined/unknown
	Database version: 8.0.40
	Autocommit mode: undefined/unknown
	Isolation level: undefined/unknown
	Minimum pool size: undefined/unknown
	Maximum pool size: undefined/unknown
2025-04-10 18:25:32.444 [main] INFO  o.h.e.t.j.p.i.JtaPlatformInitiator - [] HHH000489: No JTA platform available (set 'hibernate.transaction.jta.platform' to enable JTA platform integration)
2025-04-10 18:25:32.493 [main] INFO  o.s.o.j.LocalContainerEntityManagerFactoryBean - [] Initialized JPA EntityManagerFactory for persistence unit 'default'
2025-04-10 18:25:34.243 [main] INFO  o.s.b.a.e.web.EndpointLinksResolver - [] Exposing 1 endpoint beneath base path '/actuator'
2025-04-10 18:25:34.513 [main] INFO  o.a.coyote.http11.Http11NioProtocol - [] Starting ProtocolHandler ["http-nio-7071"]
2025-04-10 18:25:34.535 [main] INFO  o.s.b.w.e.tomcat.TomcatWebServer - [] Tomcat started on port 7071 (http) with context path '/'
2025-04-10 18:25:34.549 [main] INFO  c.e.c.CustomerserviceApplication - [] Started CustomerserviceApplication in 9.659 seconds (process running for 10.242)
2025-04-10 18:25:43.290 [http-nio-7071-exec-2] INFO  o.a.c.c.C.[Tomcat].[localhost].[/] - [] Initializing Spring DispatcherServlet 'dispatcherServlet'
2025-04-10 18:25:43.291 [http-nio-7071-exec-2] INFO  o.s.web.servlet.DispatcherServlet - [] Initializing Servlet 'dispatcherServlet'
2025-04-10 18:25:43.292 [http-nio-7071-exec-2] INFO  o.s.web.servlet.DispatcherServlet - [] Completed initialization in 1 ms
2025-04-10 18:25:43.314 [http-nio-7071-exec-2] INFO  requestLogger - [b2223bea-10bc-46f2-a35c-dfe8d8a756e8] Request => Method: [GET], URI: [/customers/retrieve/2], IP: [127.0.0.1], Agent: [ReactorNetty/1.2.3], Time: [2025-04-10T18:25:43.314864300]
2025-04-10 18:28:41.563 [http-nio-7071-exec-4] INFO  requestLogger - [3655ab7e-5221-417b-afad-3e4f9af02270] Request => Method: [GET], URI: [/customers/3], IP: [0:0:0:0:0:0:0:1], Agent: [PostmanRuntime/7.43.3], Time: [2025-04-10T18:28:41.563863900]
2025-04-10 18:28:41.565 [http-nio-7071-exec-4] INFO  externalLogger - [3655ab7e-5221-417b-afad-3e4f9af02270] Calling external product service at: http://localhost:7072/products/retrieve/3
2025-04-10 18:28:46.720 [http-nio-7071-exec-6] INFO  requestLogger - [ff647db5-c596-4a4b-a68e-62db2dd840db] Request => Method: [GET], URI: [/customers/2], IP: [0:0:0:0:0:0:0:1], Agent: [PostmanRuntime/7.43.3], Time: [2025-04-10T18:28:46.720061]
2025-04-10 18:28:46.721 [http-nio-7071-exec-6] INFO  externalLogger - [ff647db5-c596-4a4b-a68e-62db2dd840db] Calling external product service at: http://localhost:7072/products/retrieve/2
2025-04-10 18:37:04.353 [main] INFO  c.e.c.CustomerserviceApplication - [] Starting CustomerserviceApplication using Java 21.0.2 with PID 16676 (C:\Ecommerce\customerservice\target\classes started by Kavi in C:\Ecommerce\customerservice)
2025-04-10 18:37:04.357 [main] INFO  c.e.c.CustomerserviceApplication - [] No active profile set, falling back to 1 default profile: "default"
2025-04-10 18:37:05.692 [main] INFO  o.s.d.r.c.RepositoryConfigurationDelegate - [] Bootstrapping Spring Data JPA repositories in DEFAULT mode.
2025-04-10 18:37:05.868 [main] INFO  o.s.d.r.c.RepositoryConfigurationDelegate - [] Finished Spring Data repository scanning in 163 ms. Found 1 JPA repository interface.
2025-04-10 18:37:06.891 [main] INFO  o.s.b.w.e.tomcat.TomcatWebServer - [] Tomcat initialized with port 7071 (http)
2025-04-10 18:37:06.912 [main] INFO  o.a.coyote.http11.Http11NioProtocol - [] Initializing ProtocolHandler ["http-nio-7071"]
2025-04-10 18:37:06.915 [main] INFO  o.a.catalina.core.StandardService - [] Starting service [Tomcat]
2025-04-10 18:37:06.916 [main] INFO  o.a.catalina.core.StandardEngine - [] Starting Servlet engine: [Apache Tomcat/10.1.36]
2025-04-10 18:37:07.014 [main] INFO  o.a.c.c.C.[Tomcat].[localhost].[/] - [] Initializing Spring embedded WebApplicationContext
2025-04-10 18:37:07.014 [main] INFO  o.s.b.w.s.c.ServletWebServerApplicationContext - [] Root WebApplicationContext: initialization completed in 2597 ms
2025-04-10 18:37:07.464 [main] INFO  com.zaxxer.hikari.HikariDataSource - [] HikariPool-1 - Starting...
2025-04-10 18:37:07.947 [main] INFO  com.zaxxer.hikari.pool.HikariPool - [] HikariPool-1 - Added connection com.mysql.cj.jdbc.ConnectionImpl@1a336906
2025-04-10 18:37:07.950 [main] INFO  com.zaxxer.hikari.HikariDataSource - [] HikariPool-1 - Start completed.
2025-04-10 18:37:08.413 [main] INFO  liquibase.lockservice - [] Successfully acquired change log lock
2025-04-10 18:37:09.057 [main] INFO  liquibase.changelog - [] Reading from customer_db.DATABASECHANGELOG
2025-04-10 18:37:09.126 [main] INFO  liquibase.servicelocator - [] Cannot load service: liquibase.hub.HubService: Provider liquibase.hub.core.StandardHubService could not be instantiated
2025-04-10 18:37:09.139 [main] INFO  liquibase.lockservice - [] Successfully released change log lock
2025-04-10 18:37:09.292 [main] INFO  o.h.jpa.internal.util.LogHelper - [] HHH000204: Processing PersistenceUnitInfo [name: default]
2025-04-10 18:37:09.354 [main] INFO  org.hibernate.Version - [] HHH000412: Hibernate ORM core version 6.6.8.Final
2025-04-10 18:37:09.396 [main] INFO  o.h.c.i.RegionFactoryInitiator - [] HHH000026: Second-level cache disabled
2025-04-10 18:37:09.731 [main] INFO  o.s.o.j.p.SpringPersistenceUnitInfo - [] No LoadTimeWeaver setup: ignoring JPA class transformer
2025-04-10 18:37:09.810 [main] INFO  o.hibernate.orm.connections.pooling - [] HHH10001005: Database info:
	Database JDBC URL [Connecting through datasource 'HikariDataSource (HikariPool-1)']
	Database driver: undefined/unknown
	Database version: 8.0.40
	Autocommit mode: undefined/unknown
	Isolation level: undefined/unknown
	Minimum pool size: undefined/unknown
	Maximum pool size: undefined/unknown
2025-04-10 18:37:10.615 [main] INFO  o.h.e.t.j.p.i.JtaPlatformInitiator - [] HHH000489: No JTA platform available (set 'hibernate.transaction.jta.platform' to enable JTA platform integration)
2025-04-10 18:37:10.660 [main] INFO  o.s.o.j.LocalContainerEntityManagerFactoryBean - [] Initialized JPA EntityManagerFactory for persistence unit 'default'
2025-04-10 18:37:12.560 [main] INFO  o.s.b.a.e.web.EndpointLinksResolver - [] Exposing 1 endpoint beneath base path '/actuator'
2025-04-10 18:37:12.661 [main] INFO  o.a.coyote.http11.Http11NioProtocol - [] Starting ProtocolHandler ["http-nio-7071"]
2025-04-10 18:37:12.682 [main] INFO  o.s.b.w.e.tomcat.TomcatWebServer - [] Tomcat started on port 7071 (http) with context path '/'
2025-04-10 18:37:12.700 [main] INFO  c.e.c.CustomerserviceApplication - [] Started CustomerserviceApplication in 10.163 seconds (process running for 10.729)
2025-04-10 18:37:43.017 [http-nio-7071-exec-2] INFO  o.a.c.c.C.[Tomcat].[localhost].[/] - [] Initializing Spring DispatcherServlet 'dispatcherServlet'
2025-04-10 18:37:43.018 [http-nio-7071-exec-2] INFO  o.s.web.servlet.DispatcherServlet - [] Initializing Servlet 'dispatcherServlet'
2025-04-10 18:37:43.020 [http-nio-7071-exec-2] INFO  o.s.web.servlet.DispatcherServlet - [] Completed initialization in 2 ms
2025-04-10 18:37:43.040 [http-nio-7071-exec-2] INFO  requestLogger - [0ff7ad02-5908-4f0c-89d0-d30766ba373f] Request => Method: [GET], URI: [/customers/1], IP: [0:0:0:0:0:0:0:1], Agent: [PostmanRuntime/7.43.3], Time: [2025-04-10T18:37:43.040572400]
2025-04-10 18:37:43.084 [http-nio-7071-exec-2] INFO  externalLogger - [0ff7ad02-5908-4f0c-89d0-d30766ba373f] Calling external product service at: http://localhost:7072/products/retrieve/1
2025-04-10 18:38:23.191 [http-nio-7071-exec-4] INFO  requestLogger - [923125a4-af56-499f-8b5a-90306a694ec3] Request => Method: [GET], URI: [/customers/retrieve/1], IP: [127.0.0.1], Agent: [ReactorNetty/1.2.3], Time: [2025-04-10T18:38:23.191766200]
2025-04-10 18:38:26.530 [http-nio-7071-exec-5] INFO  requestLogger - [460cd41a-43c0-4078-ba6a-f73f9f87fe45] Request => Method: [GET], URI: [/customers/retrieve/3], IP: [127.0.0.1], Agent: [ReactorNetty/1.2.3], Time: [2025-04-10T18:38:26.530882600]
2025-04-10 18:58:38.148 [main] INFO  com.ecommerce.customerservice.CustomerserviceApplication - [] [] Starting CustomerserviceApplication using Java 21.0.2 with PID 16604 (C:\Ecommerce\customerservice\target\classes started by Kavi in C:\Ecommerce\customerservice)
2025-04-10 18:58:38.154 [main] INFO  com.ecommerce.customerservice.CustomerserviceApplication - [] [] No active profile set, falling back to 1 default profile: "default"
2025-04-10 18:58:40.296 [main] INFO  org.springframework.data.repository.config.RepositoryConfigurationDelegate - [] [] Bootstrapping Spring Data JPA repositories in DEFAULT mode.
2025-04-10 18:58:40.664 [main] INFO  org.springframework.data.repository.config.RepositoryConfigurationDelegate - [] [] Finished Spring Data repository scanning in 341 ms. Found 1 JPA repository interface.
2025-04-10 18:58:42.428 [main] INFO  org.springframework.boot.web.embedded.tomcat.TomcatWebServer - [] [] Tomcat initialized with port 7071 (http)
2025-04-10 18:58:42.452 [main] INFO  org.apache.coyote.http11.Http11NioProtocol - [] [] Initializing ProtocolHandler ["http-nio-7071"]
2025-04-10 18:58:42.457 [main] INFO  org.apache.catalina.core.StandardService - [] [] Starting service [Tomcat]
2025-04-10 18:58:42.458 [main] INFO  org.apache.catalina.core.StandardEngine - [] [] Starting Servlet engine: [Apache Tomcat/10.1.36]
2025-04-10 18:58:42.643 [main] INFO  org.apache.catalina.core.ContainerBase.[Tomcat].[localhost].[/] - [] [] Initializing Spring embedded WebApplicationContext
2025-04-10 18:58:42.644 [main] INFO  org.springframework.boot.web.servlet.context.ServletWebServerApplicationContext - [] [] Root WebApplicationContext: initialization completed in 4392 ms
2025-04-10 18:58:43.993 [main] INFO  com.zaxxer.hikari.HikariDataSource - [] [] HikariPool-1 - Starting...
2025-04-10 18:58:44.702 [main] INFO  com.zaxxer.hikari.pool.HikariPool - [] [] HikariPool-1 - Added connection com.mysql.cj.jdbc.ConnectionImpl@98712fa
2025-04-10 18:58:44.706 [main] INFO  com.zaxxer.hikari.HikariDataSource - [] [] HikariPool-1 - Start completed.
2025-04-10 18:58:45.299 [main] INFO  liquibase.lockservice - [] [] Successfully acquired change log lock
2025-04-10 18:58:46.157 [main] INFO  liquibase.changelog - [] [] Reading from customer_db.DATABASECHANGELOG
2025-04-10 18:58:46.254 [main] INFO  liquibase.servicelocator - [] [] Cannot load service: liquibase.hub.HubService: Provider liquibase.hub.core.StandardHubService could not be instantiated
2025-04-10 18:58:46.277 [main] INFO  liquibase.lockservice - [] [] Successfully released change log lock
2025-04-10 18:58:46.476 [main] INFO  org.hibernate.jpa.internal.util.LogHelper - [] [] HHH000204: Processing PersistenceUnitInfo [name: default]
2025-04-10 18:58:46.582 [main] INFO  org.hibernate.Version - [] [] HHH000412: Hibernate ORM core version 6.6.8.Final
2025-04-10 18:58:46.683 [main] INFO  org.hibernate.cache.internal.RegionFactoryInitiator - [] [] HHH000026: Second-level cache disabled
2025-04-10 18:58:47.234 [main] INFO  org.springframework.orm.jpa.persistenceunit.SpringPersistenceUnitInfo - [] [] No LoadTimeWeaver setup: ignoring JPA class transformer
2025-04-10 18:58:47.365 [main] INFO  org.hibernate.orm.connections.pooling - [] [] HHH10001005: Database info:
	Database JDBC URL [Connecting through datasource 'HikariDataSource (HikariPool-1)']
	Database driver: undefined/unknown
	Database version: 8.0.40
	Autocommit mode: undefined/unknown
	Isolation level: undefined/unknown
	Minimum pool size: undefined/unknown
	Maximum pool size: undefined/unknown
2025-04-10 18:58:48.830 [main] INFO  org.hibernate.engine.transaction.jta.platform.internal.JtaPlatformInitiator - [] [] HHH000489: No JTA platform available (set 'hibernate.transaction.jta.platform' to enable JTA platform integration)
2025-04-10 18:58:48.897 [main] INFO  org.springframework.orm.jpa.LocalContainerEntityManagerFactoryBean - [] [] Initialized JPA EntityManagerFactory for persistence unit 'default'
2025-04-10 18:58:51.340 [main] INFO  org.springframework.boot.actuate.endpoint.web.EndpointLinksResolver - [] [] Exposing 1 endpoint beneath base path '/actuator'
2025-04-10 18:58:51.818 [main] INFO  org.apache.coyote.http11.Http11NioProtocol - [] [] Starting ProtocolHandler ["http-nio-7071"]
2025-04-10 18:58:51.843 [main] INFO  org.springframework.boot.web.embedded.tomcat.TomcatWebServer - [] [] Tomcat started on port 7071 (http) with context path '/'
2025-04-10 18:58:51.882 [main] INFO  com.ecommerce.customerservice.CustomerserviceApplication - [] [] Started CustomerserviceApplication in 15.125 seconds (process running for 16.149)
2025-04-10 18:59:08.867 [http-nio-7071-exec-2] INFO  org.apache.catalina.core.ContainerBase.[Tomcat].[localhost].[/] - [] [] Initializing Spring DispatcherServlet 'dispatcherServlet'
2025-04-10 18:59:08.868 [http-nio-7071-exec-2] INFO  org.springframework.web.servlet.DispatcherServlet - [] [] Initializing Servlet 'dispatcherServlet'
2025-04-10 18:59:08.872 [http-nio-7071-exec-2] INFO  org.springframework.web.servlet.DispatcherServlet - [] [] Completed initialization in 4 ms
2025-04-10 19:01:23.579 [main] INFO  com.ecommerce.customerservice.CustomerserviceApplication - [] [] Starting CustomerserviceApplication using Java 21.0.2 with PID 16836 (C:\Ecommerce\customerservice\target\classes started by Kavi in C:\Ecommerce\customerservice)
2025-04-10 19:01:23.584 [main] INFO  com.ecommerce.customerservice.CustomerserviceApplication - [] [] No active profile set, falling back to 1 default profile: "default"
2025-04-10 19:01:25.827 [main] INFO  org.springframework.data.repository.config.RepositoryConfigurationDelegate - [] [] Bootstrapping Spring Data JPA repositories in DEFAULT mode.
2025-04-10 19:01:26.172 [main] INFO  org.springframework.data.repository.config.RepositoryConfigurationDelegate - [] [] Finished Spring Data repository scanning in 308 ms. Found 1 JPA repository interface.
2025-04-10 19:01:27.940 [main] INFO  org.springframework.boot.web.embedded.tomcat.TomcatWebServer - [] [] Tomcat initialized with port 7071 (http)
2025-04-10 19:01:27.970 [main] INFO  org.apache.coyote.http11.Http11NioProtocol - [] [] Initializing ProtocolHandler ["http-nio-7071"]
2025-04-10 19:01:27.977 [main] INFO  org.apache.catalina.core.StandardService - [] [] Starting service [Tomcat]
2025-04-10 19:01:27.978 [main] INFO  org.apache.catalina.core.StandardEngine - [] [] Starting Servlet engine: [Apache Tomcat/10.1.36]
2025-04-10 19:01:28.177 [main] INFO  org.apache.catalina.core.ContainerBase.[Tomcat].[localhost].[/] - [] [] Initializing Spring embedded WebApplicationContext
2025-04-10 19:01:28.178 [main] INFO  org.springframework.boot.web.servlet.context.ServletWebServerApplicationContext - [] [] Root WebApplicationContext: initialization completed in 4484 ms
2025-04-10 19:01:29.431 [main] INFO  com.zaxxer.hikari.HikariDataSource - [] [] HikariPool-1 - Starting...
2025-04-10 19:01:30.165 [main] INFO  com.zaxxer.hikari.pool.HikariPool - [] [] HikariPool-1 - Added connection com.mysql.cj.jdbc.ConnectionImpl@98712fa
2025-04-10 19:01:30.171 [main] INFO  com.zaxxer.hikari.HikariDataSource - [] [] HikariPool-1 - Start completed.
2025-04-10 19:01:30.710 [main] INFO  liquibase.lockservice - [] [] Successfully acquired change log lock
2025-04-10 19:01:31.606 [main] INFO  liquibase.changelog - [] [] Reading from customer_db.DATABASECHANGELOG
2025-04-10 19:01:31.713 [main] INFO  liquibase.servicelocator - [] [] Cannot load service: liquibase.hub.HubService: Provider liquibase.hub.core.StandardHubService could not be instantiated
2025-04-10 19:01:31.741 [main] INFO  liquibase.lockservice - [] [] Successfully released change log lock
2025-04-10 19:01:31.948 [main] INFO  org.hibernate.jpa.internal.util.LogHelper - [] [] HHH000204: Processing PersistenceUnitInfo [name: default]
2025-04-10 19:01:32.036 [main] INFO  org.hibernate.Version - [] [] HHH000412: Hibernate ORM core version 6.6.8.Final
2025-04-10 19:01:32.118 [main] INFO  org.hibernate.cache.internal.RegionFactoryInitiator - [] [] HHH000026: Second-level cache disabled
2025-04-10 19:01:32.634 [main] INFO  org.springframework.orm.jpa.persistenceunit.SpringPersistenceUnitInfo - [] [] No LoadTimeWeaver setup: ignoring JPA class transformer
2025-04-10 19:01:32.760 [main] INFO  org.hibernate.orm.connections.pooling - [] [] HHH10001005: Database info:
	Database JDBC URL [Connecting through datasource 'HikariDataSource (HikariPool-1)']
	Database driver: undefined/unknown
	Database version: 8.0.40
	Autocommit mode: undefined/unknown
	Isolation level: undefined/unknown
	Minimum pool size: undefined/unknown
	Maximum pool size: undefined/unknown
2025-04-10 19:01:34.077 [main] INFO  org.hibernate.engine.transaction.jta.platform.internal.JtaPlatformInitiator - [] [] HHH000489: No JTA platform available (set 'hibernate.transaction.jta.platform' to enable JTA platform integration)
2025-04-10 19:01:34.141 [main] INFO  org.springframework.orm.jpa.LocalContainerEntityManagerFactoryBean - [] [] Initialized JPA EntityManagerFactory for persistence unit 'default'
2025-04-10 19:01:36.322 [main] INFO  org.springframework.boot.actuate.endpoint.web.EndpointLinksResolver - [] [] Exposing 1 endpoint beneath base path '/actuator'
2025-04-10 19:01:36.690 [main] INFO  org.apache.coyote.http11.Http11NioProtocol - [] [] Starting ProtocolHandler ["http-nio-7071"]
2025-04-10 19:01:36.709 [main] INFO  org.springframework.boot.web.embedded.tomcat.TomcatWebServer - [] [] Tomcat started on port 7071 (http) with context path '/'
2025-04-10 19:01:36.736 [main] INFO  com.ecommerce.customerservice.CustomerserviceApplication - [] [] Started CustomerserviceApplication in 14.543 seconds (process running for 15.609)
2025-04-10 19:01:47.935 [http-nio-7071-exec-1] INFO  org.apache.catalina.core.ContainerBase.[Tomcat].[localhost].[/] - [] [] Initializing Spring DispatcherServlet 'dispatcherServlet'
2025-04-10 19:01:47.936 [http-nio-7071-exec-1] INFO  org.springframework.web.servlet.DispatcherServlet - [] [] Initializing Servlet 'dispatcherServlet'
2025-04-10 19:01:47.945 [http-nio-7071-exec-1] INFO  org.springframework.web.servlet.DispatcherServlet - [] [] Completed initialization in 7 ms
