2025-04-11 10:26:27.390 [main] INFO  com.ecommerce.customerservice.CustomerserviceApplication - [] [] Starting CustomerserviceApplication using Java 21.0.2 with PID 17028 (C:\Ecommerce\customerservice\target\classes started by Kavi in C:\Ecommerce\customerservice)
2025-04-11 10:26:27.401 [main] INFO  com.ecommerce.customerservice.CustomerserviceApplication - [] [] No active profile set, falling back to 1 default profile: "default"
2025-04-11 10:26:29.566 [main] INFO  org.springframework.data.repository.config.RepositoryConfigurationDelegate - [] [] Bootstrapping Spring Data JPA repositories in DEFAULT mode.
2025-04-11 10:26:29.857 [main] INFO  org.springframework.data.repository.config.RepositoryConfigurationDelegate - [] [] Finished Spring Data repository scanning in 271 ms. Found 1 JPA repository interface.
2025-04-11 10:26:31.596 [main] INFO  org.springframework.boot.web.embedded.tomcat.TomcatWebServer - [] [] Tomcat initialized with port 7071 (http)
2025-04-11 10:26:31.622 [main] INFO  org.apache.coyote.http11.Http11NioProtocol - [] [] Initializing ProtocolHandler ["http-nio-7071"]
2025-04-11 10:26:31.627 [main] INFO  org.apache.catalina.core.StandardService - [] [] Starting service [Tomcat]
2025-04-11 10:26:31.628 [main] INFO  org.apache.catalina.core.StandardEngine - [] [] Starting Servlet engine: [Apache Tomcat/10.1.36]
2025-04-11 10:26:31.772 [main] INFO  org.apache.catalina.core.ContainerBase.[Tomcat].[localhost].[/] - [] [] Initializing Spring embedded WebApplicationContext
2025-04-11 10:26:31.773 [main] INFO  org.springframework.boot.web.servlet.context.ServletWebServerApplicationContext - [] [] Root WebApplicationContext: initialization completed in 4270 ms
2025-04-11 10:26:33.114 [main] INFO  com.zaxxer.hikari.HikariDataSource - [] [] HikariPool-1 - Starting...
2025-04-11 10:26:34.079 [main] INFO  com.zaxxer.hikari.pool.HikariPool - [] [] HikariPool-1 - Added connection com.mysql.cj.jdbc.ConnectionImpl@4a29fe2e
2025-04-11 10:26:34.084 [main] INFO  com.zaxxer.hikari.HikariDataSource - [] [] HikariPool-1 - Start completed.
2025-04-11 10:26:34.697 [main] INFO  liquibase.lockservice - [] [] Successfully acquired change log lock
2025-04-11 10:26:35.679 [main] INFO  liquibase.changelog - [] [] Reading from customer_db.DATABASECHANGELOG
2025-04-11 10:26:35.804 [main] INFO  liquibase.servicelocator - [] [] Cannot load service: liquibase.hub.HubService: Provider liquibase.hub.core.StandardHubService could not be instantiated
2025-04-11 10:26:35.822 [main] INFO  liquibase.lockservice - [] [] Successfully released change log lock
2025-04-11 10:26:36.056 [main] INFO  org.hibernate.jpa.internal.util.LogHelper - [] [] HHH000204: Processing PersistenceUnitInfo [name: default]
2025-04-11 10:26:36.214 [main] INFO  org.hibernate.Version - [] [] HHH000412: Hibernate ORM core version 6.6.8.Final
2025-04-11 10:26:36.290 [main] INFO  org.hibernate.cache.internal.RegionFactoryInitiator - [] [] HHH000026: Second-level cache disabled
2025-04-11 10:26:36.910 [main] INFO  org.springframework.orm.jpa.persistenceunit.SpringPersistenceUnitInfo - [] [] No LoadTimeWeaver setup: ignoring JPA class transformer
2025-04-11 10:26:37.052 [main] INFO  org.hibernate.orm.connections.pooling - [] [] HHH10001005: Database info:
	Database JDBC URL [Connecting through datasource 'HikariDataSource (HikariPool-1)']
	Database driver: undefined/unknown
	Database version: 8.0.40
	Autocommit mode: undefined/unknown
	Isolation level: undefined/unknown
	Minimum pool size: undefined/unknown
	Maximum pool size: undefined/unknown
2025-04-11 10:26:38.601 [main] INFO  org.hibernate.engine.transaction.jta.platform.internal.JtaPlatformInitiator - [] [] HHH000489: No JTA platform available (set 'hibernate.transaction.jta.platform' to enable JTA platform integration)
2025-04-11 10:26:38.678 [main] INFO  org.springframework.orm.jpa.LocalContainerEntityManagerFactoryBean - [] [] Initialized JPA EntityManagerFactory for persistence unit 'default'
2025-04-11 10:26:40.913 [main] INFO  org.springframework.boot.actuate.endpoint.web.EndpointLinksResolver - [] [] Exposing 1 endpoint beneath base path '/actuator'
2025-04-11 10:26:41.328 [main] INFO  org.apache.coyote.http11.Http11NioProtocol - [] [] Starting ProtocolHandler ["http-nio-7071"]
2025-04-11 10:26:41.363 [main] INFO  org.springframework.boot.web.embedded.tomcat.TomcatWebServer - [] [] Tomcat started on port 7071 (http) with context path '/'
2025-04-11 10:26:41.392 [main] INFO  com.ecommerce.customerservice.CustomerserviceApplication - [] [] Started CustomerserviceApplication in 15.328 seconds (process running for 16.275)
