2025-04-17 16:49:58 [] [] INFO  c.e.c.CommonserviceApplication - Starting CommonserviceApplication using Java 21.0.2 with PID 15172 (C:\Ecommerce\commonserviceapi\target\classes started by Kavi in C:\Ecommerce\commonserviceapi)
2025-04-17 16:49:58 [] [] INFO  c.e.c.CommonserviceApplication - No active profile set, falling back to 1 default profile: "default"
2025-04-17 16:49:58 [] [] INFO  o.s.b.d.e.DevToolsPropertyDefaultsPostProcessor - Devtools property defaults active! Set 'spring.devtools.add-properties' to 'false' to disable
2025-04-17 16:49:58 [] [] INFO  o.s.b.d.e.DevToolsPropertyDefaultsPostProcessor - For additional web related logging consider setting the 'logging.level.web' property to 'DEBUG'
2025-04-17 16:49:59 [] [] INFO  o.s.d.r.c.RepositoryConfigurationDelegate - Bootstrapping Spring Data JPA repositories in DEFAULT mode.
2025-04-17 16:49:59 [] [] INFO  o.s.d.r.c.RepositoryConfigurationDelegate - Finished Spring Data repository scanning in 20 ms. Found 0 JPA repository interfaces.
2025-04-17 16:50:01 [] [] INFO  o.s.b.w.e.tomcat.TomcatWebServer - Tomcat initialized with port 7072 (http)
2025-04-17 16:50:01 [] [] INFO  o.a.coyote.http11.Http11NioProtocol - Initializing ProtocolHandler ["http-nio-7072"]
2025-04-17 16:50:01 [] [] INFO  o.a.catalina.core.StandardService - Starting service [Tomcat]
2025-04-17 16:50:01 [] [] INFO  o.a.catalina.core.StandardEngine - Starting Servlet engine: [Apache Tomcat/10.1.36]
2025-04-17 16:50:01 [] [] INFO  o.a.c.c.C.[Tomcat].[localhost].[/] - Initializing Spring embedded WebApplicationContext
2025-04-17 16:50:01 [] [] INFO  o.s.b.w.s.c.ServletWebServerApplicationContext - Root WebApplicationContext: initialization completed in 3117 ms
2025-04-17 16:50:02 [] [] INFO  o.h.jpa.internal.util.LogHelper - HHH000204: Processing PersistenceUnitInfo [name: default]
2025-04-17 16:50:02 [] [] INFO  org.hibernate.Version - HHH000412: Hibernate ORM core version 6.6.8.Final
2025-04-17 16:50:02 [] [] INFO  o.h.c.i.RegionFactoryInitiator - HHH000026: Second-level cache disabled
2025-04-17 16:50:03 [] [] INFO  o.s.o.j.p.SpringPersistenceUnitInfo - No LoadTimeWeaver setup: ignoring JPA class transformer
2025-04-17 16:50:03 [] [] INFO  com.zaxxer.hikari.HikariDataSource - HikariPool-1 - Starting...
2025-04-17 16:50:03 [] [] INFO  com.zaxxer.hikari.pool.HikariPool - HikariPool-1 - Added connection com.mysql.cj.jdbc.ConnectionImpl@3159ae2b
2025-04-17 16:50:03 [] [] INFO  com.zaxxer.hikari.HikariDataSource - HikariPool-1 - Start completed.
2025-04-17 16:50:03 [] [] INFO  o.hibernate.orm.connections.pooling - HHH10001005: Database info:
	Database JDBC URL [Connecting through datasource 'HikariDataSource (HikariPool-1)']
	Database driver: undefined/unknown
	Database version: 8.0.40
	Autocommit mode: undefined/unknown
	Isolation level: undefined/unknown
	Minimum pool size: undefined/unknown
	Maximum pool size: undefined/unknown
2025-04-17 16:50:04 [] [] INFO  o.h.e.t.j.p.i.JtaPlatformInitiator - HHH000489: No JTA platform available (set 'hibernate.transaction.jta.platform' to enable JTA platform integration)
2025-04-17 16:50:04 [] [] INFO  o.s.o.j.LocalContainerEntityManagerFactoryBean - Initialized JPA EntityManagerFactory for persistence unit 'default'
2025-04-17 16:50:04 [] [] INFO  o.s.o.j.LocalContainerEntityManagerFactoryBean - Closing JPA EntityManagerFactory for persistence unit 'default'
2025-04-17 16:50:04 [] [] INFO  com.zaxxer.hikari.HikariDataSource - HikariPool-1 - Shutdown initiated...
2025-04-17 16:50:04 [] [] INFO  com.zaxxer.hikari.HikariDataSource - HikariPool-1 - Shutdown completed.
2025-04-17 16:50:05 [] [] INFO  o.a.catalina.core.StandardService - Stopping service [Tomcat]
2025-04-17 16:50:05 [] [] INFO  o.s.b.a.l.ConditionEvaluationReportLogger - 

Error starting ApplicationContext. To display the condition evaluation report re-run your application with 'debug' enabled.
2025-04-17 17:35:14 [] [] INFO  c.e.c.CommonserviceApplication - Starting CommonserviceApplication using Java 21.0.2 with PID 12152 (C:\Ecommerce\commonserviceapi\target\classes started by Kavi in C:\Ecommerce\commonserviceapi)
2025-04-17 17:35:14 [] [] INFO  c.e.c.CommonserviceApplication - No active profile set, falling back to 1 default profile: "default"
2025-04-17 17:35:14 [] [] INFO  o.s.b.d.e.DevToolsPropertyDefaultsPostProcessor - Devtools property defaults active! Set 'spring.devtools.add-properties' to 'false' to disable
2025-04-17 17:35:14 [] [] INFO  o.s.b.d.e.DevToolsPropertyDefaultsPostProcessor - For additional web related logging consider setting the 'logging.level.web' property to 'DEBUG'
2025-04-17 17:35:16 [] [] INFO  o.s.d.r.c.RepositoryConfigurationDelegate - Bootstrapping Spring Data JPA repositories in DEFAULT mode.
2025-04-17 17:35:16 [] [] INFO  o.s.d.r.c.RepositoryConfigurationDelegate - Finished Spring Data repository scanning in 30 ms. Found 0 JPA repository interfaces.
2025-04-17 17:35:18 [] [] INFO  o.s.b.w.e.tomcat.TomcatWebServer - Tomcat initialized with port 7072 (http)
2025-04-17 17:35:18 [] [] INFO  o.a.coyote.http11.Http11NioProtocol - Initializing ProtocolHandler ["http-nio-7072"]
2025-04-17 17:35:18 [] [] INFO  o.a.catalina.core.StandardService - Starting service [Tomcat]
2025-04-17 17:35:18 [] [] INFO  o.a.catalina.core.StandardEngine - Starting Servlet engine: [Apache Tomcat/10.1.36]
2025-04-17 17:35:18 [] [] INFO  o.a.c.c.C.[Tomcat].[localhost].[/] - Initializing Spring embedded WebApplicationContext
2025-04-17 17:35:18 [] [] INFO  o.s.b.w.s.c.ServletWebServerApplicationContext - Root WebApplicationContext: initialization completed in 3940 ms
2025-04-17 17:35:19 [] [] INFO  o.a.catalina.core.StandardService - Stopping service [Tomcat]
2025-04-17 17:35:20 [] [] INFO  o.s.b.a.l.ConditionEvaluationReportLogger - 

Error starting ApplicationContext. To display the condition evaluation report re-run your application with 'debug' enabled.
