2025-04-10 18:08:22.781 [main] INFO  c.e.p.ProductserviceApplication - [] Starting ProductserviceApplication using Java 21.0.2 with PID 9356 (C:\Ecommerce\productservice\target\classes started by Kavi in C:\Ecommerce\productservice)
2025-04-10 18:08:22.786 [main] INFO  c.e.p.ProductserviceApplication - [] No active profile set, falling back to 1 default profile: "default"
2025-04-10 18:08:24.042 [main] INFO  o.s.d.r.c.RepositoryConfigurationDelegate - [] Bootstrapping Spring Data JPA repositories in DEFAULT mode.
2025-04-10 18:08:24.206 [main] INFO  o.s.d.r.c.RepositoryConfigurationDelegate - [] Finished Spring Data repository scanning in 149 ms. Found 1 JPA repository interface.
2025-04-10 18:08:25.163 [main] INFO  o.s.b.w.e.tomcat.TomcatWebServer - [] Tomcat initialized with port 7072 (http)
2025-04-10 18:08:25.185 [main] INFO  o.a.coyote.http11.Http11NioProtocol - [] Initializing ProtocolHandler ["http-nio-7072"]
2025-04-10 18:08:25.188 [main] INFO  o.a.catalina.core.StandardService - [] Starting service [Tomcat]
2025-04-10 18:08:25.190 [main] INFO  o.a.catalina.core.StandardEngine - [] Starting Servlet engine: [Apache Tomcat/10.1.36]
2025-04-10 18:08:25.298 [main] INFO  o.a.c.c.C.[Tomcat].[localhost].[/] - [] Initializing Spring embedded WebApplicationContext
2025-04-10 18:08:25.298 [main] INFO  o.s.b.w.s.c.ServletWebServerApplicationContext - [] Root WebApplicationContext: initialization completed in 2451 ms
2025-04-10 18:08:25.752 [main] INFO  o.h.jpa.internal.util.LogHelper - [] HHH000204: Processing PersistenceUnitInfo [name: default]
2025-04-10 18:08:25.826 [main] INFO  org.hibernate.Version - [] HHH000412: Hibernate ORM core version 6.6.8.Final
2025-04-10 18:08:25.870 [main] INFO  o.h.c.i.RegionFactoryInitiator - [] HHH000026: Second-level cache disabled
2025-04-10 18:08:26.236 [main] INFO  o.s.o.j.p.SpringPersistenceUnitInfo - [] No LoadTimeWeaver setup: ignoring JPA class transformer
2025-04-10 18:08:26.279 [main] INFO  com.zaxxer.hikari.HikariDataSource - [] HikariPool-1 - Starting...
2025-04-10 18:08:26.652 [main] INFO  com.zaxxer.hikari.pool.HikariPool - [] HikariPool-1 - Added connection com.mysql.cj.jdbc.ConnectionImpl@23263ba
2025-04-10 18:08:26.655 [main] INFO  com.zaxxer.hikari.HikariDataSource - [] HikariPool-1 - Start completed.
2025-04-10 18:08:26.764 [main] INFO  o.hibernate.orm.connections.pooling - [] HHH10001005: Database info:
	Database JDBC URL [Connecting through datasource 'HikariDataSource (HikariPool-1)']
	Database driver: undefined/unknown
	Database version: 8.0.40
	Autocommit mode: undefined/unknown
	Isolation level: undefined/unknown
	Minimum pool size: undefined/unknown
	Maximum pool size: undefined/unknown
2025-04-10 18:08:27.565 [main] INFO  o.h.e.t.j.p.i.JtaPlatformInitiator - [] HHH000489: No JTA platform available (set 'hibernate.transaction.jta.platform' to enable JTA platform integration)
2025-04-10 18:08:27.629 [main] INFO  o.s.o.j.LocalContainerEntityManagerFactoryBean - [] Initialized JPA EntityManagerFactory for persistence unit 'default'
2025-04-10 18:08:29.146 [main] INFO  o.s.b.a.e.web.EndpointLinksResolver - [] Exposing 1 endpoint beneath base path '/actuator'
2025-04-10 18:08:29.466 [main] INFO  o.a.coyote.http11.Http11NioProtocol - [] Starting ProtocolHandler ["http-nio-7072"]
2025-04-10 18:08:29.480 [main] INFO  o.s.b.w.e.tomcat.TomcatWebServer - [] Tomcat started on port 7072 (http) with context path '/'
2025-04-10 18:08:29.495 [main] INFO  c.e.p.ProductserviceApplication - [] Started ProductserviceApplication in 7.408 seconds (process running for 7.906)
2025-04-10 18:09:42.219 [http-nio-7072-exec-1] INFO  o.a.c.c.C.[Tomcat].[localhost].[/] - [] Initializing Spring DispatcherServlet 'dispatcherServlet'
2025-04-10 18:09:42.219 [http-nio-7072-exec-1] INFO  o.s.web.servlet.DispatcherServlet - [] Initializing Servlet 'dispatcherServlet'
2025-04-10 18:09:42.222 [http-nio-7072-exec-1] INFO  o.s.web.servlet.DispatcherServlet - [] Completed initialization in 2 ms
2025-04-10 18:09:42.242 [http-nio-7072-exec-1] INFO  requestLogger - [54f1658b-d4f3-4ec6-8c55-f68bead2f10b] Request => Method: [GET], URI: [/products/retrieve/1], IP: [127.0.0.1], Agent: [ReactorNetty/1.2.3], Time: [2025-04-10T18:09:42.242377800]
2025-04-10 18:28:10.929 [main] INFO  c.e.p.ProductserviceApplication - [] Starting ProductserviceApplication using Java 21.0.2 with PID 2236 (C:\Ecommerce\productservice\target\classes started by Kavi in C:\Ecommerce\productservice)
2025-04-10 18:28:10.938 [main] INFO  c.e.p.ProductserviceApplication - [] No active profile set, falling back to 1 default profile: "default"
2025-04-10 18:28:12.209 [main] INFO  o.s.d.r.c.RepositoryConfigurationDelegate - [] Bootstrapping Spring Data JPA repositories in DEFAULT mode.
2025-04-10 18:28:12.361 [main] INFO  o.s.d.r.c.RepositoryConfigurationDelegate - [] Finished Spring Data repository scanning in 142 ms. Found 1 JPA repository interface.
2025-04-10 18:28:13.304 [main] INFO  o.s.b.w.e.tomcat.TomcatWebServer - [] Tomcat initialized with port 7072 (http)
2025-04-10 18:28:13.322 [main] INFO  o.a.coyote.http11.Http11NioProtocol - [] Initializing ProtocolHandler ["http-nio-7072"]
2025-04-10 18:28:13.325 [main] INFO  o.a.catalina.core.StandardService - [] Starting service [Tomcat]
2025-04-10 18:28:13.325 [main] INFO  o.a.catalina.core.StandardEngine - [] Starting Servlet engine: [Apache Tomcat/10.1.36]
2025-04-10 18:28:13.420 [main] INFO  o.a.c.c.C.[Tomcat].[localhost].[/] - [] Initializing Spring embedded WebApplicationContext
2025-04-10 18:28:13.420 [main] INFO  o.s.b.w.s.c.ServletWebServerApplicationContext - [] Root WebApplicationContext: initialization completed in 2420 ms
2025-04-10 18:28:13.879 [main] INFO  o.h.jpa.internal.util.LogHelper - [] HHH000204: Processing PersistenceUnitInfo [name: default]
2025-04-10 18:28:13.961 [main] INFO  org.hibernate.Version - [] HHH000412: Hibernate ORM core version 6.6.8.Final
2025-04-10 18:28:14.019 [main] INFO  o.h.c.i.RegionFactoryInitiator - [] HHH000026: Second-level cache disabled
2025-04-10 18:28:14.407 [main] INFO  o.s.o.j.p.SpringPersistenceUnitInfo - [] No LoadTimeWeaver setup: ignoring JPA class transformer
2025-04-10 18:28:14.449 [main] INFO  com.zaxxer.hikari.HikariDataSource - [] HikariPool-1 - Starting...
2025-04-10 18:28:14.834 [main] INFO  com.zaxxer.hikari.pool.HikariPool - [] HikariPool-1 - Added connection com.mysql.cj.jdbc.ConnectionImpl@56a9b662
2025-04-10 18:28:14.838 [main] INFO  com.zaxxer.hikari.HikariDataSource - [] HikariPool-1 - Start completed.
2025-04-10 18:28:14.950 [main] INFO  o.hibernate.orm.connections.pooling - [] HHH10001005: Database info:
	Database JDBC URL [Connecting through datasource 'HikariDataSource (HikariPool-1)']
	Database driver: undefined/unknown
	Database version: 8.0.40
	Autocommit mode: undefined/unknown
	Isolation level: undefined/unknown
	Minimum pool size: undefined/unknown
	Maximum pool size: undefined/unknown
2025-04-10 18:28:15.750 [main] INFO  o.h.e.t.j.p.i.JtaPlatformInitiator - [] HHH000489: No JTA platform available (set 'hibernate.transaction.jta.platform' to enable JTA platform integration)
2025-04-10 18:28:15.807 [main] INFO  o.s.o.j.LocalContainerEntityManagerFactoryBean - [] Initialized JPA EntityManagerFactory for persistence unit 'default'
2025-04-10 18:28:17.386 [main] INFO  o.s.b.a.e.web.EndpointLinksResolver - [] Exposing 1 endpoint beneath base path '/actuator'
2025-04-10 18:28:17.720 [main] INFO  o.a.coyote.http11.Http11NioProtocol - [] Starting ProtocolHandler ["http-nio-7072"]
2025-04-10 18:28:17.737 [main] INFO  o.s.b.w.e.tomcat.TomcatWebServer - [] Tomcat started on port 7072 (http) with context path '/'
2025-04-10 18:28:17.754 [main] INFO  c.e.p.ProductserviceApplication - [] Started ProductserviceApplication in 7.525 seconds (process running for 8.021)
2025-04-10 18:28:41.871 [http-nio-7072-exec-1] INFO  o.a.c.c.C.[Tomcat].[localhost].[/] - [] Initializing Spring DispatcherServlet 'dispatcherServlet'
2025-04-10 18:28:41.872 [http-nio-7072-exec-1] INFO  o.s.web.servlet.DispatcherServlet - [] Initializing Servlet 'dispatcherServlet'
2025-04-10 18:28:41.874 [http-nio-7072-exec-1] INFO  o.s.web.servlet.DispatcherServlet - [] Completed initialization in 2 ms
2025-04-10 18:28:41.893 [http-nio-7072-exec-1] INFO  requestLogger - [5c3da27f-6250-47b7-83b9-a0b3a0c971d2] Request => Method: [GET], URI: [/products/retrieve/3], IP: [127.0.0.1], Agent: [ReactorNetty/1.2.3], Time: [2025-04-10T18:28:41.893511100]
2025-04-10 18:28:46.724 [http-nio-7072-exec-2] INFO  requestLogger - [a200473d-0645-4d17-b527-3ff12d539071] Request => Method: [GET], URI: [/products/retrieve/2], IP: [127.0.0.1], Agent: [ReactorNetty/1.2.3], Time: [2025-04-10T18:28:46.724496100]
2025-04-10 18:37:28.499 [main] INFO  c.e.p.ProductserviceApplication - [] Starting ProductserviceApplication using Java 21.0.2 with PID 9400 (C:\Ecommerce\productservice\target\classes started by Kavi in C:\Ecommerce\productservice)
2025-04-10 18:37:28.502 [main] INFO  c.e.p.ProductserviceApplication - [] No active profile set, falling back to 1 default profile: "default"
2025-04-10 18:37:29.749 [main] INFO  o.s.d.r.c.RepositoryConfigurationDelegate - [] Bootstrapping Spring Data JPA repositories in DEFAULT mode.
2025-04-10 18:37:29.907 [main] INFO  o.s.d.r.c.RepositoryConfigurationDelegate - [] Finished Spring Data repository scanning in 144 ms. Found 1 JPA repository interface.
2025-04-10 18:37:30.918 [main] INFO  o.s.b.w.e.tomcat.TomcatWebServer - [] Tomcat initialized with port 7072 (http)
2025-04-10 18:37:30.936 [main] INFO  o.a.coyote.http11.Http11NioProtocol - [] Initializing ProtocolHandler ["http-nio-7072"]
2025-04-10 18:37:30.946 [main] INFO  o.a.catalina.core.StandardService - [] Starting service [Tomcat]
2025-04-10 18:37:30.946 [main] INFO  o.a.catalina.core.StandardEngine - [] Starting Servlet engine: [Apache Tomcat/10.1.36]
2025-04-10 18:37:31.035 [main] INFO  o.a.c.c.C.[Tomcat].[localhost].[/] - [] Initializing Spring embedded WebApplicationContext
2025-04-10 18:37:31.035 [main] INFO  o.s.b.w.s.c.ServletWebServerApplicationContext - [] Root WebApplicationContext: initialization completed in 2476 ms
2025-04-10 18:37:31.487 [main] INFO  o.h.jpa.internal.util.LogHelper - [] HHH000204: Processing PersistenceUnitInfo [name: default]
2025-04-10 18:37:31.566 [main] INFO  org.hibernate.Version - [] HHH000412: Hibernate ORM core version 6.6.8.Final
2025-04-10 18:37:31.620 [main] INFO  o.h.c.i.RegionFactoryInitiator - [] HHH000026: Second-level cache disabled
2025-04-10 18:37:32.018 [main] INFO  o.s.o.j.p.SpringPersistenceUnitInfo - [] No LoadTimeWeaver setup: ignoring JPA class transformer
2025-04-10 18:37:32.053 [main] INFO  com.zaxxer.hikari.HikariDataSource - [] HikariPool-1 - Starting...
2025-04-10 18:37:32.468 [main] INFO  com.zaxxer.hikari.pool.HikariPool - [] HikariPool-1 - Added connection com.mysql.cj.jdbc.ConnectionImpl@d02c00
2025-04-10 18:37:32.473 [main] INFO  com.zaxxer.hikari.HikariDataSource - [] HikariPool-1 - Start completed.
2025-04-10 18:37:32.574 [main] INFO  o.hibernate.orm.connections.pooling - [] HHH10001005: Database info:
	Database JDBC URL [Connecting through datasource 'HikariDataSource (HikariPool-1)']
	Database driver: undefined/unknown
	Database version: 8.0.40
	Autocommit mode: undefined/unknown
	Isolation level: undefined/unknown
	Minimum pool size: undefined/unknown
	Maximum pool size: undefined/unknown
2025-04-10 18:37:33.411 [main] INFO  o.h.e.t.j.p.i.JtaPlatformInitiator - [] HHH000489: No JTA platform available (set 'hibernate.transaction.jta.platform' to enable JTA platform integration)
2025-04-10 18:37:33.469 [main] INFO  o.s.o.j.LocalContainerEntityManagerFactoryBean - [] Initialized JPA EntityManagerFactory for persistence unit 'default'
2025-04-10 18:37:35.110 [main] INFO  o.s.b.a.e.web.EndpointLinksResolver - [] Exposing 1 endpoint beneath base path '/actuator'
2025-04-10 18:37:35.202 [main] INFO  o.a.coyote.http11.Http11NioProtocol - [] Starting ProtocolHandler ["http-nio-7072"]
2025-04-10 18:37:35.230 [main] INFO  o.s.b.w.e.tomcat.TomcatWebServer - [] Tomcat started on port 7072 (http) with context path '/'
2025-04-10 18:37:35.249 [main] INFO  c.e.p.ProductserviceApplication - [] Started ProductserviceApplication in 7.467 seconds (process running for 7.96)
2025-04-10 18:37:43.541 [http-nio-7072-exec-1] INFO  o.a.c.c.C.[Tomcat].[localhost].[/] - [] Initializing Spring DispatcherServlet 'dispatcherServlet'
2025-04-10 18:37:43.542 [http-nio-7072-exec-1] INFO  o.s.web.servlet.DispatcherServlet - [] Initializing Servlet 'dispatcherServlet'
2025-04-10 18:37:43.544 [http-nio-7072-exec-1] INFO  o.s.web.servlet.DispatcherServlet - [] Completed initialization in 2 ms
2025-04-10 18:37:43.565 [http-nio-7072-exec-1] INFO  requestLogger - [0ff7ad02-5908-4f0c-89d0-d30766ba373f] Request => Method: [GET], URI: [/products/retrieve/1], IP: [127.0.0.1], Agent: [ReactorNetty/1.2.3], Time: [2025-04-10T18:37:43.565990600]
2025-04-10 18:38:22.783 [http-nio-7072-exec-2] INFO  requestLogger - [923125a4-af56-499f-8b5a-90306a694ec3] Request => Method: [GET], URI: [/products/1], IP: [0:0:0:0:0:0:0:1], Agent: [PostmanRuntime/7.43.3], Time: [2025-04-10T18:38:22.783245100]
2025-04-10 18:38:22.786 [http-nio-7072-exec-2] INFO  externalLogger - [923125a4-af56-499f-8b5a-90306a694ec3] Calling external customer service at: http://localhost:7071/customers/retrieve/1
2025-04-10 18:38:26.526 [http-nio-7072-exec-5] INFO  requestLogger - [460cd41a-43c0-4078-ba6a-f73f9f87fe45] Request => Method: [GET], URI: [/products/3], IP: [0:0:0:0:0:0:0:1], Agent: [PostmanRuntime/7.43.3], Time: [2025-04-10T18:38:26.525164]
2025-04-10 18:38:26.526 [http-nio-7072-exec-5] INFO  externalLogger - [460cd41a-43c0-4078-ba6a-f73f9f87fe45] Calling external customer service at: http://localhost:7071/customers/retrieve/3
2025-04-10 18:38:44.902 [http-nio-7072-exec-8] INFO  requestLogger - [e24e7920-f05e-4087-85d7-2d0bb94d3c3e] Request => Method: [GET], URI: [/products/-122], IP: [0:0:0:0:0:0:0:1], Agent: [PostmanRuntime/7.43.3], Time: [2025-04-10T18:38:44.902085800]
