2025-04-09 12:50:06 [main] INFO  c.e.p.ProductserviceApplication - Starting ProductserviceApplication using Java 21.0.2 with PID 19936 (C:\Ecommerce\productservice\target\classes started by Kavi in C:\Ecommerce\productservice)
2025-04-09 12:50:06 [main] INFO  c.e.p.ProductserviceApplication - No active profile set, falling back to 1 default profile: "default"
2025-04-09 12:50:08 [main] INFO  o.s.d.r.c.RepositoryConfigurationDelegate - Bootstrapping Spring Data JPA repositories in DEFAULT mode.
2025-04-09 12:50:08 [main] INFO  o.s.d.r.c.RepositoryConfigurationDelegate - Finished Spring Data repository scanning in 227 ms. Found 1 JPA repository interface.
2025-04-09 12:50:09 [main] INFO  o.s.b.w.e.tomcat.TomcatWebServer - Tomcat initialized with port 7072 (http)
2025-04-09 12:50:09 [main] INFO  o.a.coyote.http11.Http11NioProtocol - Initializing ProtocolHandler ["http-nio-7072"]
2025-04-09 12:50:09 [main] INFO  o.a.catalina.core.StandardService - Starting service [Tomcat]
2025-04-09 12:50:09 [main] INFO  o.a.catalina.core.StandardEngine - Starting Servlet engine: [Apache Tomcat/10.1.36]
2025-04-09 12:50:09 [main] INFO  o.a.c.c.C.[Tomcat].[localhost].[/] - Initializing Spring embedded WebApplicationContext
2025-04-09 12:50:09 [main] INFO  o.s.b.w.s.c.ServletWebServerApplicationContext - Root WebApplicationContext: initialization completed in 3044 ms
2025-04-09 12:50:10 [main] INFO  o.h.jpa.internal.util.LogHelper - HHH000204: Processing PersistenceUnitInfo [name: default]
2025-04-09 12:50:10 [main] INFO  org.hibernate.Version - HHH000412: Hibernate ORM core version 6.6.8.Final
2025-04-09 12:50:10 [main] INFO  o.h.c.i.RegionFactoryInitiator - HHH000026: Second-level cache disabled
2025-04-09 12:50:11 [main] INFO  o.s.o.j.p.SpringPersistenceUnitInfo - No LoadTimeWeaver setup: ignoring JPA class transformer
2025-04-09 12:50:11 [main] INFO  com.zaxxer.hikari.HikariDataSource - HikariPool-1 - Starting...
2025-04-09 12:50:11 [main] INFO  com.zaxxer.hikari.pool.HikariPool - HikariPool-1 - Added connection com.mysql.cj.jdbc.ConnectionImpl@746e534
2025-04-09 12:50:11 [main] INFO  com.zaxxer.hikari.HikariDataSource - HikariPool-1 - Start completed.
2025-04-09 12:50:11 [main] INFO  o.hibernate.orm.connections.pooling - HHH10001005: Database info:
	Database JDBC URL [Connecting through datasource 'HikariDataSource (HikariPool-1)']
	Database driver: undefined/unknown
	Database version: 8.0.40
	Autocommit mode: undefined/unknown
	Isolation level: undefined/unknown
	Minimum pool size: undefined/unknown
	Maximum pool size: undefined/unknown
2025-04-09 12:50:12 [main] INFO  o.h.e.t.j.p.i.JtaPlatformInitiator - HHH000489: No JTA platform available (set 'hibernate.transaction.jta.platform' to enable JTA platform integration)
2025-04-09 12:50:12 [main] INFO  o.s.o.j.LocalContainerEntityManagerFactoryBean - Initialized JPA EntityManagerFactory for persistence unit 'default'
2025-04-09 12:50:14 [main] INFO  o.s.b.a.e.web.EndpointLinksResolver - Exposing 1 endpoint beneath base path '/actuator'
2025-04-09 12:50:15 [main] INFO  o.a.coyote.http11.Http11NioProtocol - Starting ProtocolHandler ["http-nio-7072"]
2025-04-09 12:50:15 [main] INFO  o.s.b.w.e.tomcat.TomcatWebServer - Tomcat started on port 7072 (http) with context path '/'
2025-04-09 12:50:15 [main] INFO  c.e.p.ProductserviceApplication - Started ProductserviceApplication in 9.263 seconds (process running for 9.846)
2025-04-09 12:50:37 [http-nio-7072-exec-2] INFO  o.a.c.c.C.[Tomcat].[localhost].[/] - Initializing Spring DispatcherServlet 'dispatcherServlet'
2025-04-09 12:50:37 [http-nio-7072-exec-2] INFO  o.s.web.servlet.DispatcherServlet - Initializing Servlet 'dispatcherServlet'
2025-04-09 12:50:37 [http-nio-7072-exec-2] INFO  o.s.web.servlet.DispatcherServlet - Completed initialization in 1 ms
2025-04-09 12:50:37 [http-nio-7072-exec-2] INFO  c.e.p.service.ProductService - Fetching product with ID: 1
2025-04-09 12:51:53 [http-nio-7072-exec-4] INFO  c.e.p.service.ProductService - Fetching product with ID: 1
2025-04-09 12:53:56 [main] INFO  c.e.p.ProductserviceApplication - Starting ProductserviceApplication using Java 21.0.2 with PID 10928 (C:\Ecommerce\productservice\target\classes started by Kavi in C:\Ecommerce\productservice)
2025-04-09 12:53:56 [main] INFO  c.e.p.ProductserviceApplication - No active profile set, falling back to 1 default profile: "default"
2025-04-09 12:53:57 [main] INFO  o.s.d.r.c.RepositoryConfigurationDelegate - Bootstrapping Spring Data JPA repositories in DEFAULT mode.
2025-04-09 12:53:57 [main] INFO  o.s.d.r.c.RepositoryConfigurationDelegate - Finished Spring Data repository scanning in 165 ms. Found 1 JPA repository interface.
2025-04-09 12:53:58 [main] INFO  o.s.b.w.e.tomcat.TomcatWebServer - Tomcat initialized with port 7072 (http)
2025-04-09 12:53:58 [main] INFO  o.a.coyote.http11.Http11NioProtocol - Initializing ProtocolHandler ["http-nio-7072"]
2025-04-09 12:53:58 [main] INFO  o.a.catalina.core.StandardService - Starting service [Tomcat]
2025-04-09 12:53:58 [main] INFO  o.a.catalina.core.StandardEngine - Starting Servlet engine: [Apache Tomcat/10.1.36]
2025-04-09 12:53:58 [main] INFO  o.a.c.c.C.[Tomcat].[localhost].[/] - Initializing Spring embedded WebApplicationContext
2025-04-09 12:53:58 [main] INFO  o.s.b.w.s.c.ServletWebServerApplicationContext - Root WebApplicationContext: initialization completed in 2483 ms
2025-04-09 12:53:59 [main] INFO  o.h.jpa.internal.util.LogHelper - HHH000204: Processing PersistenceUnitInfo [name: default]
2025-04-09 12:53:59 [main] INFO  org.hibernate.Version - HHH000412: Hibernate ORM core version 6.6.8.Final
2025-04-09 12:53:59 [main] INFO  o.h.c.i.RegionFactoryInitiator - HHH000026: Second-level cache disabled
2025-04-09 12:53:59 [main] INFO  o.s.o.j.p.SpringPersistenceUnitInfo - No LoadTimeWeaver setup: ignoring JPA class transformer
2025-04-09 12:53:59 [main] INFO  com.zaxxer.hikari.HikariDataSource - HikariPool-1 - Starting...
2025-04-09 12:54:00 [main] INFO  com.zaxxer.hikari.pool.HikariPool - HikariPool-1 - Added connection com.mysql.cj.jdbc.ConnectionImpl@2e91cf69
2025-04-09 12:54:00 [main] INFO  com.zaxxer.hikari.HikariDataSource - HikariPool-1 - Start completed.
2025-04-09 12:54:00 [main] INFO  o.hibernate.orm.connections.pooling - HHH10001005: Database info:
	Database JDBC URL [Connecting through datasource 'HikariDataSource (HikariPool-1)']
	Database driver: undefined/unknown
	Database version: 8.0.40
	Autocommit mode: undefined/unknown
	Isolation level: undefined/unknown
	Minimum pool size: undefined/unknown
	Maximum pool size: undefined/unknown
2025-04-09 12:54:01 [main] INFO  o.h.e.t.j.p.i.JtaPlatformInitiator - HHH000489: No JTA platform available (set 'hibernate.transaction.jta.platform' to enable JTA platform integration)
2025-04-09 12:54:01 [main] INFO  o.s.o.j.LocalContainerEntityManagerFactoryBean - Initialized JPA EntityManagerFactory for persistence unit 'default'
2025-04-09 12:54:02 [main] INFO  o.s.b.a.e.web.EndpointLinksResolver - Exposing 1 endpoint beneath base path '/actuator'
2025-04-09 12:54:03 [main] INFO  o.a.coyote.http11.Http11NioProtocol - Starting ProtocolHandler ["http-nio-7072"]
2025-04-09 12:54:03 [main] INFO  o.s.b.w.e.tomcat.TomcatWebServer - Tomcat started on port 7072 (http) with context path '/'
2025-04-09 12:54:03 [main] INFO  c.e.p.ProductserviceApplication - Started ProductserviceApplication in 7.639 seconds (process running for 8.134)
2025-04-09 12:54:13 [http-nio-7072-exec-1] INFO  o.a.c.c.C.[Tomcat].[localhost].[/] - Initializing Spring DispatcherServlet 'dispatcherServlet'
2025-04-09 12:54:13 [http-nio-7072-exec-1] INFO  o.s.web.servlet.DispatcherServlet - Initializing Servlet 'dispatcherServlet'
2025-04-09 12:54:13 [http-nio-7072-exec-1] INFO  o.s.web.servlet.DispatcherServlet - Completed initialization in 1 ms
2025-04-09 12:54:13 [http-nio-7072-exec-1] INFO  c.e.p.service.ProductService - Fetching product with ID: 2
2025-04-09 12:54:22 [http-nio-7072-exec-3] INFO  c.e.p.service.ProductService - Fetching product with ID: -123
2025-04-09 12:54:40 [http-nio-7072-exec-6] INFO  c.e.p.service.ProductService - Fetching customer details for customer with ID: 1
2025-04-09 15:37:19 [http-nio-7072-exec-9] INFO  c.e.p.service.ProductService - Fetching customer details for customer with ID: 1
2025-04-09 15:40:16 [http-nio-7072-exec-3] INFO  c.e.p.service.ProductService - Fetching customer details for customer with ID: 1
2025-04-09 15:43:13 [http-nio-7072-exec-4] INFO  c.e.p.service.ProductService - Fetching customer details for customer with ID: 1
2025-04-09 15:46:11 [http-nio-7072-exec-10] INFO  c.e.p.service.ProductService - Fetching customer details for customer with ID: 1
2025-04-09 15:49:08 [http-nio-7072-exec-1] INFO  c.e.p.service.ProductService - Fetching customer details for customer with ID: 1
2025-04-09 15:52:07 [http-nio-7072-exec-5] INFO  c.e.p.service.ProductService - Fetching customer details for customer with ID: 1
2025-04-09 15:55:04 [http-nio-7072-exec-6] INFO  c.e.p.service.ProductService - Fetching customer details for customer with ID: 1
2025-04-09 15:57:53 [http-nio-7072-exec-2] INFO  c.e.p.service.ProductService - Fetching customer details for customer with ID: 1
2025-04-09 16:01:39 [http-nio-7072-exec-7] INFO  c.e.p.service.ProductService - Fetching customer details for customer with ID: 1
2025-04-09 16:04:37 [http-nio-7072-exec-8] INFO  c.e.p.service.ProductService - Fetching customer details for customer with ID: 1
2025-04-09 16:07:34 [http-nio-7072-exec-9] INFO  c.e.p.service.ProductService - Fetching customer details for customer with ID: 1
2025-04-09 16:10:32 [http-nio-7072-exec-3] INFO  c.e.p.service.ProductService - Fetching customer details for customer with ID: 1
2025-04-09 16:25:54 [http-nio-7072-exec-4] INFO  c.e.p.service.ProductService - Fetching customer details for customer with ID: 1
2025-04-09 16:28:54 [http-nio-7072-exec-10] INFO  c.e.p.service.ProductService - Fetching customer details for customer with ID: 1
