2025-04-09 10:51:21 [main] INFO  c.e.p.ProductserviceApplication - Starting ProductserviceApplication using Java 21.0.2 with PID 24232 (C:\Ecommerce\productservice\target\classes started by Kavi in C:\Ecommerce\productservice)
2025-04-09 10:51:21 [main] INFO  c.e.p.ProductserviceApplication - No active profile set, falling back to 1 default profile: "default"
2025-04-09 10:51:24 [main] INFO  o.s.d.r.c.RepositoryConfigurationDelegate - Bootstrapping Spring Data JPA repositories in DEFAULT mode.
2025-04-09 10:51:24 [main] INFO  o.s.d.r.c.RepositoryConfigurationDelegate - Finished Spring Data repository scanning in 430 ms. Found 1 JPA repository interface.
2025-04-09 10:51:26 [main] INFO  o.s.b.w.e.tomcat.TomcatWebServer - Tomcat initialized with port 7072 (http)
2025-04-09 10:51:26 [main] INFO  o.a.coyote.http11.Http11NioProtocol - Initializing ProtocolHandler ["http-nio-7072"]
2025-04-09 10:51:26 [main] INFO  o.a.catalina.core.StandardService - Starting service [Tomcat]
2025-04-09 10:51:26 [main] INFO  o.a.catalina.core.StandardEngine - Starting Servlet engine: [Apache Tomcat/10.1.36]
2025-04-09 10:51:27 [main] INFO  o.a.c.c.C.[Tomcat].[localhost].[/] - Initializing Spring embedded WebApplicationContext
2025-04-09 10:51:27 [main] INFO  o.s.b.w.s.c.ServletWebServerApplicationContext - Root WebApplicationContext: initialization completed in 5163 ms
2025-04-09 10:51:28 [main] INFO  o.h.jpa.internal.util.LogHelper - HHH000204: Processing PersistenceUnitInfo [name: default]
2025-04-09 10:51:28 [main] INFO  org.hibernate.Version - HHH000412: Hibernate ORM core version 6.6.8.Final
2025-04-09 10:51:28 [main] INFO  o.h.c.i.RegionFactoryInitiator - HHH000026: Second-level cache disabled
2025-04-09 10:51:29 [main] INFO  o.s.o.j.p.SpringPersistenceUnitInfo - No LoadTimeWeaver setup: ignoring JPA class transformer
2025-04-09 10:51:29 [main] INFO  com.zaxxer.hikari.HikariDataSource - HikariPool-1 - Starting...
2025-04-09 10:51:30 [main] INFO  com.zaxxer.hikari.pool.HikariPool - HikariPool-1 - Added connection com.mysql.cj.jdbc.ConnectionImpl@491cc0eb
2025-04-09 10:51:30 [main] INFO  com.zaxxer.hikari.HikariDataSource - HikariPool-1 - Start completed.
2025-04-09 10:51:30 [main] WARN  org.hibernate.orm.deprecation - HHH90000025: MySQLDialect does not need to be specified explicitly using 'hibernate.dialect' (remove the property setting and it will be selected by default)
2025-04-09 10:51:30 [main] INFO  o.hibernate.orm.connections.pooling - HHH10001005: Database info:
	Database JDBC URL [Connecting through datasource 'HikariDataSource (HikariPool-1)']
	Database driver: undefined/unknown
	Database version: 8.0.40
	Autocommit mode: undefined/unknown
	Isolation level: undefined/unknown
	Minimum pool size: undefined/unknown
	Maximum pool size: undefined/unknown
2025-04-09 10:51:32 [main] INFO  o.h.e.t.j.p.i.JtaPlatformInitiator - HHH000489: No JTA platform available (set 'hibernate.transaction.jta.platform' to enable JTA platform integration)
2025-04-09 10:51:32 [main] INFO  o.s.o.j.LocalContainerEntityManagerFactoryBean - Initialized JPA EntityManagerFactory for persistence unit 'default'
2025-04-09 10:51:34 [main] WARN  o.s.b.a.o.j.JpaBaseConfiguration$JpaWebConfiguration - spring.jpa.open-in-view is enabled by default. Therefore, database queries may be performed during view rendering. Explicitly configure spring.jpa.open-in-view to disable this warning
2025-04-09 10:51:35 [main] INFO  o.s.b.a.e.web.EndpointLinksResolver - Exposing 1 endpoint beneath base path '/actuator'
2025-04-09 10:51:36 [main] INFO  o.a.coyote.http11.Http11NioProtocol - Starting ProtocolHandler ["http-nio-7072"]
2025-04-09 10:51:36 [main] INFO  o.s.b.w.e.tomcat.TomcatWebServer - Tomcat started on port 7072 (http) with context path '/'
2025-04-09 10:51:36 [main] INFO  c.e.p.ProductserviceApplication - Started ProductserviceApplication in 16.396 seconds (process running for 17.453)
2025-04-09 10:52:36 [http-nio-7072-exec-1] INFO  o.a.c.c.C.[Tomcat].[localhost].[/] - Initializing Spring DispatcherServlet 'dispatcherServlet'
2025-04-09 10:52:36 [http-nio-7072-exec-1] INFO  o.s.web.servlet.DispatcherServlet - Initializing Servlet 'dispatcherServlet'
2025-04-09 10:52:36 [http-nio-7072-exec-1] INFO  o.s.web.servlet.DispatcherServlet - Completed initialization in 2 ms
2025-04-09 10:52:36 [http-nio-7072-exec-1] INFO  productRequestLogger - Request => Method: [GET], URI: [/products/retrieve], IP: [0:0:0:0:0:0:0:1], Agent: [PostmanRuntime/7.43.3], Time: [2025-04-09T10:52:36.780020]
2025-04-09 10:52:36 [http-nio-7072-exec-1] INFO  productRequestLogger - Request => Method: [GET], URI: [/products/retrieve], IP: [0:0:0:0:0:0:0:1], Agent: [PostmanRuntime/7.43.3], Time: [2025-04-09T10:52:36.780020]
2025-04-09 10:52:36 [http-nio-7072-exec-1] INFO  c.e.p.service.ProductService - Fetching all products
2025-04-09 10:52:45 [http-nio-7072-exec-3] INFO  productRequestLogger - Request => Method: [GET], URI: [/products/retrieve/1], IP: [0:0:0:0:0:0:0:1], Agent: [PostmanRuntime/7.43.3], Time: [2025-04-09T10:52:45.304362]
2025-04-09 10:52:45 [http-nio-7072-exec-3] INFO  productRequestLogger - Request => Method: [GET], URI: [/products/retrieve/1], IP: [0:0:0:0:0:0:0:1], Agent: [PostmanRuntime/7.43.3], Time: [2025-04-09T10:52:45.304362]
2025-04-09 10:52:45 [http-nio-7072-exec-3] INFO  c.e.p.service.ProductService - Fetching product with ID: 1
2025-04-09 10:52:52 [http-nio-7072-exec-4] INFO  productRequestLogger - Request => Method: [GET], URI: [/products/retrieve/2], IP: [0:0:0:0:0:0:0:1], Agent: [PostmanRuntime/7.43.3], Time: [2025-04-09T10:52:52.317785900]
2025-04-09 10:52:52 [http-nio-7072-exec-4] INFO  productRequestLogger - Request => Method: [GET], URI: [/products/retrieve/2], IP: [0:0:0:0:0:0:0:1], Agent: [PostmanRuntime/7.43.3], Time: [2025-04-09T10:52:52.317785900]
2025-04-09 10:52:52 [http-nio-7072-exec-4] INFO  c.e.p.service.ProductService - Fetching product with ID: 2
2025-04-09 10:52:56 [http-nio-7072-exec-5] INFO  productRequestLogger - Request => Method: [GET], URI: [/products/retrieve/-2], IP: [0:0:0:0:0:0:0:1], Agent: [PostmanRuntime/7.43.3], Time: [2025-04-09T10:52:56.732552200]
2025-04-09 10:52:56 [http-nio-7072-exec-5] INFO  productRequestLogger - Request => Method: [GET], URI: [/products/retrieve/-2], IP: [0:0:0:0:0:0:0:1], Agent: [PostmanRuntime/7.43.3], Time: [2025-04-09T10:52:56.732552200]
2025-04-09 10:52:56 [http-nio-7072-exec-5] INFO  c.e.p.service.ProductService - Fetching product with ID: -2
2025-04-09 10:53:06 [http-nio-7072-exec-7] INFO  productRequestLogger - Request => Method: [GET], URI: [/products/retrieve/100], IP: [0:0:0:0:0:0:0:1], Agent: [PostmanRuntime/7.43.3], Time: [2025-04-09T10:53:06.128707300]
2025-04-09 10:53:06 [http-nio-7072-exec-7] INFO  productRequestLogger - Request => Method: [GET], URI: [/products/retrieve/100], IP: [0:0:0:0:0:0:0:1], Agent: [PostmanRuntime/7.43.3], Time: [2025-04-09T10:53:06.128707300]
2025-04-09 10:53:06 [http-nio-7072-exec-7] INFO  c.e.p.service.ProductService - Fetching product with ID: 100
2025-04-09 10:53:16 [http-nio-7072-exec-8] INFO  productRequestLogger - Request => Method: [GET], URI: [/products/retrie], IP: [0:0:0:0:0:0:0:1], Agent: [PostmanRuntime/7.43.3], Time: [2025-04-09T10:53:16.835217]
2025-04-09 10:53:16 [http-nio-7072-exec-8] INFO  productRequestLogger - Request => Method: [GET], URI: [/products/retrie], IP: [0:0:0:0:0:0:0:1], Agent: [PostmanRuntime/7.43.3], Time: [2025-04-09T10:53:16.835217]
2025-04-09 10:53:22 [http-nio-7072-exec-10] INFO  productRequestLogger - Request => Method: [GET], URI: [/products/retrie], IP: [0:0:0:0:0:0:0:1], Agent: [PostmanRuntime/7.43.3], Time: [2025-04-09T10:53:22.106534700]
2025-04-09 10:53:22 [http-nio-7072-exec-10] INFO  productRequestLogger - Request => Method: [GET], URI: [/products/retrie], IP: [0:0:0:0:0:0:0:1], Agent: [PostmanRuntime/7.43.3], Time: [2025-04-09T10:53:22.106534700]
2025-04-09 10:53:23 [http-nio-7072-exec-1] INFO  productRequestLogger - Request => Method: [GET], URI: [/products/retrie], IP: [0:0:0:0:0:0:0:1], Agent: [PostmanRuntime/7.43.3], Time: [2025-04-09T10:53:23.617494600]
2025-04-09 10:53:23 [http-nio-7072-exec-1] INFO  productRequestLogger - Request => Method: [GET], URI: [/products/retrie], IP: [0:0:0:0:0:0:0:1], Agent: [PostmanRuntime/7.43.3], Time: [2025-04-09T10:53:23.617494600]
2025-04-09 11:04:32 [http-nio-7072-exec-3] INFO  productRequestLogger - Request => Method: [GET], URI: [/products/retrieve/1], IP: [0:0:0:0:0:0:0:1], Agent: [PostmanRuntime/7.43.3], Time: [2025-04-09T11:04:32.116962200]
2025-04-09 11:04:32 [http-nio-7072-exec-3] INFO  productRequestLogger - Request => Method: [GET], URI: [/products/retrieve/1], IP: [0:0:0:0:0:0:0:1], Agent: [PostmanRuntime/7.43.3], Time: [2025-04-09T11:04:32.116962200]
2025-04-09 11:04:32 [http-nio-7072-exec-3] INFO  c.e.p.service.ProductService - Fetching product with ID: 1
2025-04-09 11:04:35 [http-nio-7072-exec-5] INFO  productRequestLogger - Request => Method: [GET], URI: [/products/retrieve/2], IP: [0:0:0:0:0:0:0:1], Agent: [PostmanRuntime/7.43.3], Time: [2025-04-09T11:04:35.300096800]
2025-04-09 11:04:35 [http-nio-7072-exec-5] INFO  productRequestLogger - Request => Method: [GET], URI: [/products/retrieve/2], IP: [0:0:0:0:0:0:0:1], Agent: [PostmanRuntime/7.43.3], Time: [2025-04-09T11:04:35.300096800]
2025-04-09 11:04:35 [http-nio-7072-exec-5] INFO  c.e.p.service.ProductService - Fetching product with ID: 2
2025-04-09 11:04:37 [http-nio-7072-exec-6] INFO  productRequestLogger - Request => Method: [GET], URI: [/products/retrieve/3], IP: [0:0:0:0:0:0:0:1], Agent: [PostmanRuntime/7.43.3], Time: [2025-04-09T11:04:37.859701700]
2025-04-09 11:04:37 [http-nio-7072-exec-6] INFO  productRequestLogger - Request => Method: [GET], URI: [/products/retrieve/3], IP: [0:0:0:0:0:0:0:1], Agent: [PostmanRuntime/7.43.3], Time: [2025-04-09T11:04:37.859701700]
2025-04-09 11:04:37 [http-nio-7072-exec-6] INFO  c.e.p.service.ProductService - Fetching product with ID: 3
2025-04-09 11:04:42 [http-nio-7072-exec-7] INFO  productRequestLogger - Request => Method: [GET], URI: [/products/retrieve/-1222], IP: [0:0:0:0:0:0:0:1], Agent: [PostmanRuntime/7.43.3], Time: [2025-04-09T11:04:42.491405200]
2025-04-09 11:04:42 [http-nio-7072-exec-7] INFO  productRequestLogger - Request => Method: [GET], URI: [/products/retrieve/-1222], IP: [0:0:0:0:0:0:0:1], Agent: [PostmanRuntime/7.43.3], Time: [2025-04-09T11:04:42.491405200]
2025-04-09 11:04:42 [http-nio-7072-exec-7] INFO  c.e.p.service.ProductService - Fetching product with ID: -1222
2025-04-09 11:04:48 [http-nio-7072-exec-9] INFO  productRequestLogger - Request => Method: [GET], URI: [/products/retrieve/-sd], IP: [0:0:0:0:0:0:0:1], Agent: [PostmanRuntime/7.43.3], Time: [2025-04-09T11:04:48.919957400]
2025-04-09 11:04:48 [http-nio-7072-exec-9] INFO  productRequestLogger - Request => Method: [GET], URI: [/products/retrieve/-sd], IP: [0:0:0:0:0:0:0:1], Agent: [PostmanRuntime/7.43.3], Time: [2025-04-09T11:04:48.919957400]
2025-04-09 11:04:54 [http-nio-7072-exec-2] INFO  productRequestLogger - Request => Method: [GET], URI: [/products/retriev], IP: [0:0:0:0:0:0:0:1], Agent: [PostmanRuntime/7.43.3], Time: [2025-04-09T11:04:54.617587700]
2025-04-09 11:04:54 [http-nio-7072-exec-2] INFO  productRequestLogger - Request => Method: [GET], URI: [/products/retriev], IP: [0:0:0:0:0:0:0:1], Agent: [PostmanRuntime/7.43.3], Time: [2025-04-09T11:04:54.617587700]
