2025-04-18 11:03:19 [main] INFO  c.e.c.CustomerserviceApplication - [] [] Starting CustomerserviceApplication using Java 21.0.2 with PID 8768 (C:\Ecommerce\customerservice\target\classes started by Kavi in C:\Ecommerce\customerservice)
2025-04-18 11:03:19 [main] INFO  c.e.c.CustomerserviceApplication - [] [] No active profile set, falling back to 1 default profile: "default"
2025-04-18 11:03:21 [main] INFO  o.s.d.r.c.RepositoryConfigurationDelegate - [] [] Bootstrapping Spring Data JPA repositories in DEFAULT mode.
2025-04-18 11:03:21 [main] INFO  o.s.d.r.c.RepositoryConfigurationDelegate - [] [] Finished Spring Data repository scanning in 264 ms. Found 1 JPA repository interface.
2025-04-18 11:03:22 [main] INFO  o.s.b.w.e.tomcat.TomcatWebServer - [] [] Tomcat initialized with port 7071 (http)
2025-04-18 11:03:22 [main] INFO  o.a.coyote.http11.Http11NioProtocol - [] [] Initializing ProtocolHandler ["http-nio-7071"]
2025-04-18 11:03:22 [main] INFO  o.a.catalina.core.StandardService - [] [] Starting service [Tomcat]
2025-04-18 11:03:22 [main] INFO  o.a.catalina.core.StandardEngine - [] [] Starting Servlet engine: [Apache Tomcat/10.1.20]
2025-04-18 11:03:22 [main] INFO  o.a.c.c.C.[Tomcat].[localhost].[/] - [] [] Initializing Spring embedded WebApplicationContext
2025-04-18 11:03:22 [main] INFO  o.s.b.w.s.c.ServletWebServerApplicationContext - [] [] Root WebApplicationContext: initialization completed in 3137 ms
2025-04-18 11:03:23 [main] INFO  o.a.catalina.core.StandardService - [] [] Stopping service [Tomcat]
2025-04-18 11:03:23 [main] INFO  o.s.b.a.l.ConditionEvaluationReportLogger - [] [] 

Error starting ApplicationContext. To display the condition evaluation report re-run your application with 'debug' enabled.
2025-04-18 11:09:57 [main] INFO  c.e.c.CustomerserviceApplication - [] [] Starting CustomerserviceApplication using Java 21.0.2 with PID 10148 (C:\Ecommerce\customerservice\target\classes started by Kavi in C:\Ecommerce\customerservice)
2025-04-18 11:09:57 [main] INFO  c.e.c.CustomerserviceApplication - [] [] No active profile set, falling back to 1 default profile: "default"
2025-04-18 11:09:59 [main] INFO  o.s.d.r.c.RepositoryConfigurationDelegate - [] [] Bootstrapping Spring Data JPA repositories in DEFAULT mode.
2025-04-18 11:09:59 [main] INFO  o.s.d.r.c.RepositoryConfigurationDelegate - [] [] Finished Spring Data repository scanning in 31 ms. Found 0 JPA repository interfaces.
2025-04-18 11:10:00 [main] INFO  o.s.b.w.e.tomcat.TomcatWebServer - [] [] Tomcat initialized with port 7071 (http)
2025-04-18 11:10:00 [main] INFO  o.a.coyote.http11.Http11NioProtocol - [] [] Initializing ProtocolHandler ["http-nio-7071"]
2025-04-18 11:10:00 [main] INFO  o.a.catalina.core.StandardService - [] [] Starting service [Tomcat]
2025-04-18 11:10:00 [main] INFO  o.a.catalina.core.StandardEngine - [] [] Starting Servlet engine: [Apache Tomcat/10.1.20]
2025-04-18 11:10:00 [main] INFO  o.a.c.c.C.[Tomcat].[localhost].[/] - [] [] Initializing Spring embedded WebApplicationContext
2025-04-18 11:10:00 [main] INFO  o.s.b.w.s.c.ServletWebServerApplicationContext - [] [] Root WebApplicationContext: initialization completed in 2930 ms
2025-04-18 11:10:00 [main] INFO  o.a.catalina.core.StandardService - [] [] Stopping service [Tomcat]
2025-04-18 11:10:00 [main] INFO  o.s.b.a.l.ConditionEvaluationReportLogger - [] [] 

Error starting ApplicationContext. To display the condition evaluation report re-run your application with 'debug' enabled.
2025-04-18 11:44:03 [main] INFO  c.e.c.CustomerserviceApplication - [] [] Starting CustomerserviceApplication using Java 21.0.2 with PID 12148 (C:\Ecommerce\customerservice\target\classes started by Kavi in C:\Ecommerce\customerservice)
2025-04-18 11:44:03 [main] INFO  c.e.c.CustomerserviceApplication - [] [] No active profile set, falling back to 1 default profile: "default"
2025-04-18 11:44:04 [main] INFO  o.s.d.r.c.RepositoryConfigurationDelegate - [] [] Bootstrapping Spring Data JPA repositories in DEFAULT mode.
2025-04-18 11:44:05 [main] INFO  o.s.d.r.c.RepositoryConfigurationDelegate - [] [] Finished Spring Data repository scanning in 257 ms. Found 1 JPA repository interface.
2025-04-18 11:44:06 [main] INFO  o.s.b.w.e.tomcat.TomcatWebServer - [] [] Tomcat initialized with port 7071 (http)
2025-04-18 11:44:06 [main] INFO  o.a.coyote.http11.Http11NioProtocol - [] [] Initializing ProtocolHandler ["http-nio-7071"]
2025-04-18 11:44:06 [main] INFO  o.a.catalina.core.StandardService - [] [] Starting service [Tomcat]
2025-04-18 11:44:06 [main] INFO  o.a.catalina.core.StandardEngine - [] [] Starting Servlet engine: [Apache Tomcat/10.1.20]
2025-04-18 11:44:06 [main] INFO  o.a.c.c.C.[Tomcat].[localhost].[/] - [] [] Initializing Spring embedded WebApplicationContext
2025-04-18 11:44:06 [main] INFO  o.s.b.w.s.c.ServletWebServerApplicationContext - [] [] Root WebApplicationContext: initialization completed in 2644 ms
2025-04-18 11:44:06 [main] INFO  o.h.jpa.internal.util.LogHelper - [] [] HHH000204: Processing PersistenceUnitInfo [name: default]
2025-04-18 11:44:06 [main] INFO  org.hibernate.Version - [] [] HHH000412: Hibernate ORM core version 6.4.4.Final
2025-04-18 11:44:07 [main] INFO  o.h.c.i.RegionFactoryInitiator - [] [] HHH000026: Second-level cache disabled
2025-04-18 11:44:07 [main] INFO  o.s.o.j.p.SpringPersistenceUnitInfo - [] [] No LoadTimeWeaver setup: ignoring JPA class transformer
2025-04-18 11:44:07 [main] INFO  com.zaxxer.hikari.HikariDataSource - [] [] HikariPool-1 - Starting...
2025-04-18 11:44:08 [main] INFO  com.zaxxer.hikari.pool.HikariPool - [] [] HikariPool-1 - Added connection com.mysql.cj.jdbc.ConnectionImpl@c82d925
2025-04-18 11:44:08 [main] INFO  com.zaxxer.hikari.HikariDataSource - [] [] HikariPool-1 - Start completed.
2025-04-18 11:44:10 [main] INFO  o.h.e.t.j.p.i.JtaPlatformInitiator - [] [] HHH000489: No JTA platform available (set 'hibernate.transaction.jta.platform' to enable JTA platform integration)
2025-04-18 11:44:10 [main] INFO  o.s.o.j.LocalContainerEntityManagerFactoryBean - [] [] Initialized JPA EntityManagerFactory for persistence unit 'default'
2025-04-18 11:44:10 [main] INFO  o.s.o.j.LocalContainerEntityManagerFactoryBean - [] [] Closing JPA EntityManagerFactory for persistence unit 'default'
2025-04-18 11:44:10 [main] INFO  com.zaxxer.hikari.HikariDataSource - [] [] HikariPool-1 - Shutdown initiated...
2025-04-18 11:44:10 [main] INFO  com.zaxxer.hikari.HikariDataSource - [] [] HikariPool-1 - Shutdown completed.
2025-04-18 11:44:10 [main] INFO  o.a.catalina.core.StandardService - [] [] Stopping service [Tomcat]
2025-04-18 11:44:10 [main] INFO  o.s.b.a.l.ConditionEvaluationReportLogger - [] [] 

Error starting ApplicationContext. To display the condition evaluation report re-run your application with 'debug' enabled.
2025-04-18 12:39:01 [main] INFO  c.e.c.CustomerserviceApplication - [] [] Starting CustomerserviceApplication using Java 21.0.2 with PID 12468 (C:\Ecommerce\customerservice\target\classes started by Kavi in C:\Ecommerce\customerservice)
2025-04-18 12:39:01 [main] INFO  c.e.c.CustomerserviceApplication - [] [] No active profile set, falling back to 1 default profile: "default"
2025-04-18 12:39:03 [main] INFO  o.s.d.r.c.RepositoryConfigurationDelegate - [] [] Bootstrapping Spring Data JPA repositories in DEFAULT mode.
2025-04-18 12:39:03 [main] INFO  o.s.d.r.c.RepositoryConfigurationDelegate - [] [] Finished Spring Data repository scanning in 282 ms. Found 1 JPA repository interface.
2025-04-18 12:39:04 [main] INFO  o.s.b.w.e.tomcat.TomcatWebServer - [] [] Tomcat initialized with port 7071 (http)
2025-04-18 12:39:04 [main] INFO  o.a.coyote.http11.Http11NioProtocol - [] [] Initializing ProtocolHandler ["http-nio-7071"]
2025-04-18 12:39:04 [main] INFO  o.a.catalina.core.StandardService - [] [] Starting service [Tomcat]
2025-04-18 12:39:04 [main] INFO  o.a.catalina.core.StandardEngine - [] [] Starting Servlet engine: [Apache Tomcat/10.1.20]
2025-04-18 12:39:04 [main] INFO  o.a.c.c.C.[Tomcat].[localhost].[/] - [] [] Initializing Spring embedded WebApplicationContext
2025-04-18 12:39:04 [main] INFO  o.s.b.w.s.c.ServletWebServerApplicationContext - [] [] Root WebApplicationContext: initialization completed in 3212 ms
2025-04-18 12:39:05 [main] INFO  o.h.jpa.internal.util.LogHelper - [] [] HHH000204: Processing PersistenceUnitInfo [name: default]
2025-04-18 12:39:05 [main] INFO  org.hibernate.Version - [] [] HHH000412: Hibernate ORM core version 6.4.4.Final
2025-04-18 12:39:05 [main] INFO  o.h.c.i.RegionFactoryInitiator - [] [] HHH000026: Second-level cache disabled
2025-04-18 12:39:06 [main] INFO  o.s.o.j.p.SpringPersistenceUnitInfo - [] [] No LoadTimeWeaver setup: ignoring JPA class transformer
2025-04-18 12:39:06 [main] INFO  com.zaxxer.hikari.HikariDataSource - [] [] HikariPool-1 - Starting...
2025-04-18 12:39:07 [main] INFO  com.zaxxer.hikari.pool.HikariPool - [] [] HikariPool-1 - Added connection com.mysql.cj.jdbc.ConnectionImpl@165aa43a
2025-04-18 12:39:07 [main] INFO  com.zaxxer.hikari.HikariDataSource - [] [] HikariPool-1 - Start completed.
2025-04-18 12:39:08 [main] INFO  o.h.e.t.j.p.i.JtaPlatformInitiator - [] [] HHH000489: No JTA platform available (set 'hibernate.transaction.jta.platform' to enable JTA platform integration)
2025-04-18 12:39:09 [main] INFO  o.s.o.j.LocalContainerEntityManagerFactoryBean - [] [] Initialized JPA EntityManagerFactory for persistence unit 'default'
2025-04-18 12:39:10 [main] INFO  o.a.coyote.http11.Http11NioProtocol - [] [] Starting ProtocolHandler ["http-nio-7071"]
2025-04-18 12:39:10 [main] INFO  o.s.o.j.LocalContainerEntityManagerFactoryBean - [] [] Closing JPA EntityManagerFactory for persistence unit 'default'
2025-04-18 12:39:10 [main] INFO  com.zaxxer.hikari.HikariDataSource - [] [] HikariPool-1 - Shutdown initiated...
2025-04-18 12:39:10 [main] INFO  com.zaxxer.hikari.HikariDataSource - [] [] HikariPool-1 - Shutdown completed.
2025-04-18 12:39:10 [main] INFO  o.s.b.a.l.ConditionEvaluationReportLogger - [] [] 

Error starting ApplicationContext. To display the condition evaluation report re-run your application with 'debug' enabled.
2025-04-18 12:39:40 [main] INFO  c.e.c.CustomerserviceApplication - [] [] Starting CustomerserviceApplication using Java 21.0.2 with PID 1204 (C:\Ecommerce\customerservice\target\classes started by Kavi in C:\Ecommerce\customerservice)
2025-04-18 12:39:40 [main] INFO  c.e.c.CustomerserviceApplication - [] [] No active profile set, falling back to 1 default profile: "default"
2025-04-18 12:39:42 [main] INFO  o.s.d.r.c.RepositoryConfigurationDelegate - [] [] Bootstrapping Spring Data JPA repositories in DEFAULT mode.
2025-04-18 12:39:42 [main] INFO  o.s.d.r.c.RepositoryConfigurationDelegate - [] [] Finished Spring Data repository scanning in 375 ms. Found 1 JPA repository interface.
2025-04-18 12:39:44 [main] INFO  o.s.b.w.e.tomcat.TomcatWebServer - [] [] Tomcat initialized with port 7071 (http)
2025-04-18 12:39:44 [main] INFO  o.a.coyote.http11.Http11NioProtocol - [] [] Initializing ProtocolHandler ["http-nio-7071"]
2025-04-18 12:39:44 [main] INFO  o.a.catalina.core.StandardService - [] [] Starting service [Tomcat]
2025-04-18 12:39:44 [main] INFO  o.a.catalina.core.StandardEngine - [] [] Starting Servlet engine: [Apache Tomcat/10.1.20]
2025-04-18 12:39:44 [main] INFO  o.a.c.c.C.[Tomcat].[localhost].[/] - [] [] Initializing Spring embedded WebApplicationContext
2025-04-18 12:39:44 [main] INFO  o.s.b.w.s.c.ServletWebServerApplicationContext - [] [] Root WebApplicationContext: initialization completed in 3658 ms
2025-04-18 12:39:44 [main] INFO  o.h.jpa.internal.util.LogHelper - [] [] HHH000204: Processing PersistenceUnitInfo [name: default]
2025-04-18 12:39:45 [main] INFO  org.hibernate.Version - [] [] HHH000412: Hibernate ORM core version 6.4.4.Final
2025-04-18 12:39:45 [main] INFO  o.h.c.i.RegionFactoryInitiator - [] [] HHH000026: Second-level cache disabled
2025-04-18 12:39:45 [main] INFO  o.s.o.j.p.SpringPersistenceUnitInfo - [] [] No LoadTimeWeaver setup: ignoring JPA class transformer
2025-04-18 12:39:45 [main] INFO  com.zaxxer.hikari.HikariDataSource - [] [] HikariPool-1 - Starting...
2025-04-18 12:39:46 [main] INFO  com.zaxxer.hikari.pool.HikariPool - [] [] HikariPool-1 - Added connection com.mysql.cj.jdbc.ConnectionImpl@5c1dd18
2025-04-18 12:39:46 [main] INFO  com.zaxxer.hikari.HikariDataSource - [] [] HikariPool-1 - Start completed.
2025-04-18 12:39:48 [main] INFO  o.h.e.t.j.p.i.JtaPlatformInitiator - [] [] HHH000489: No JTA platform available (set 'hibernate.transaction.jta.platform' to enable JTA platform integration)
2025-04-18 12:39:49 [main] INFO  o.s.o.j.LocalContainerEntityManagerFactoryBean - [] [] Initialized JPA EntityManagerFactory for persistence unit 'default'
2025-04-18 12:41:10 [main] INFO  c.e.c.CustomerserviceApplication - [] [] Starting CustomerserviceApplication using Java 21.0.2 with PID 8288 (C:\Ecommerce\customerservice\target\classes started by Kavi in C:\Ecommerce\customerservice)
2025-04-18 12:41:10 [main] INFO  c.e.c.CustomerserviceApplication - [] [] No active profile set, falling back to 1 default profile: "default"
2025-04-18 12:41:11 [main] INFO  o.s.d.r.c.RepositoryConfigurationDelegate - [] [] Bootstrapping Spring Data JPA repositories in DEFAULT mode.
2025-04-18 12:41:12 [main] INFO  o.s.d.r.c.RepositoryConfigurationDelegate - [] [] Finished Spring Data repository scanning in 323 ms. Found 1 JPA repository interface.
2025-04-18 12:41:13 [main] INFO  o.s.b.w.e.tomcat.TomcatWebServer - [] [] Tomcat initialized with port 7071 (http)
2025-04-18 12:41:13 [main] INFO  o.a.coyote.http11.Http11NioProtocol - [] [] Initializing ProtocolHandler ["http-nio-7071"]
2025-04-18 12:41:13 [main] INFO  o.a.catalina.core.StandardService - [] [] Starting service [Tomcat]
2025-04-18 12:41:13 [main] INFO  o.a.catalina.core.StandardEngine - [] [] Starting Servlet engine: [Apache Tomcat/10.1.20]
2025-04-18 12:41:13 [main] INFO  o.a.c.c.C.[Tomcat].[localhost].[/] - [] [] Initializing Spring embedded WebApplicationContext
2025-04-18 12:41:13 [main] INFO  o.s.b.w.s.c.ServletWebServerApplicationContext - [] [] Root WebApplicationContext: initialization completed in 3058 ms
2025-04-18 12:41:13 [main] INFO  o.h.jpa.internal.util.LogHelper - [] [] HHH000204: Processing PersistenceUnitInfo [name: default]
2025-04-18 12:41:13 [main] INFO  org.hibernate.Version - [] [] HHH000412: Hibernate ORM core version 6.4.4.Final
2025-04-18 12:41:14 [main] INFO  o.h.c.i.RegionFactoryInitiator - [] [] HHH000026: Second-level cache disabled
2025-04-18 12:41:14 [main] INFO  o.s.o.j.p.SpringPersistenceUnitInfo - [] [] No LoadTimeWeaver setup: ignoring JPA class transformer
2025-04-18 12:41:14 [main] INFO  com.zaxxer.hikari.HikariDataSource - [] [] HikariPool-1 - Starting...
2025-04-18 12:41:15 [main] INFO  com.zaxxer.hikari.pool.HikariPool - [] [] HikariPool-1 - Added connection com.mysql.cj.jdbc.ConnectionImpl@7d977a20
2025-04-18 12:41:15 [main] INFO  com.zaxxer.hikari.HikariDataSource - [] [] HikariPool-1 - Start completed.
2025-04-18 12:41:17 [main] INFO  o.h.e.t.j.p.i.JtaPlatformInitiator - [] [] HHH000489: No JTA platform available (set 'hibernate.transaction.jta.platform' to enable JTA platform integration)
2025-04-18 12:41:17 [main] INFO  o.s.o.j.LocalContainerEntityManagerFactoryBean - [] [] Initialized JPA EntityManagerFactory for persistence unit 'default'
2025-04-18 12:41:18 [main] INFO  o.a.coyote.http11.Http11NioProtocol - [] [] Starting ProtocolHandler ["http-nio-7071"]
2025-04-18 12:41:18 [main] INFO  o.s.b.w.e.tomcat.TomcatWebServer - [] [] Tomcat started on port 7071 (http) with context path ''
2025-04-18 12:41:18 [main] INFO  c.e.c.CustomerserviceApplication - [] [] Started CustomerserviceApplication in 10.088 seconds (process running for 11.079)
2025-04-18 12:41:27 [http-nio-7071-exec-1] INFO  o.a.c.c.C.[Tomcat].[localhost].[/] - [] [] Initializing Spring DispatcherServlet 'dispatcherServlet'
2025-04-18 12:41:27 [http-nio-7071-exec-1] INFO  o.s.web.servlet.DispatcherServlet - [] [] Initializing Servlet 'dispatcherServlet'
2025-04-18 12:41:27 [http-nio-7071-exec-1] INFO  o.s.web.servlet.DispatcherServlet - [] [] Completed initialization in 4 ms
2025-04-18 12:48:36 [main] INFO  c.e.c.CustomerserviceApplication - [] [] Starting CustomerserviceApplication using Java 21.0.2 with PID 9800 (C:\Ecommerce\customerservice\target\classes started by Kavi in C:\Ecommerce\customerservice)
2025-04-18 12:48:36 [main] INFO  c.e.c.CustomerserviceApplication - [] [] No active profile set, falling back to 1 default profile: "default"
2025-04-18 12:48:37 [main] INFO  o.s.d.r.c.RepositoryConfigurationDelegate - [] [] Bootstrapping Spring Data JPA repositories in DEFAULT mode.
2025-04-18 12:48:37 [main] INFO  o.s.d.r.c.RepositoryConfigurationDelegate - [] [] Finished Spring Data repository scanning in 308 ms. Found 1 JPA repository interface.
2025-04-18 12:48:38 [main] INFO  o.s.b.w.e.tomcat.TomcatWebServer - [] [] Tomcat initialized with port 7071 (http)
2025-04-18 12:48:38 [main] INFO  o.a.coyote.http11.Http11NioProtocol - [] [] Initializing ProtocolHandler ["http-nio-7071"]
2025-04-18 12:48:38 [main] INFO  o.a.catalina.core.StandardService - [] [] Starting service [Tomcat]
2025-04-18 12:48:38 [main] INFO  o.a.catalina.core.StandardEngine - [] [] Starting Servlet engine: [Apache Tomcat/10.1.20]
2025-04-18 12:48:39 [main] INFO  o.a.c.c.C.[Tomcat].[localhost].[/] - [] [] Initializing Spring embedded WebApplicationContext
2025-04-18 12:48:39 [main] INFO  o.s.b.w.s.c.ServletWebServerApplicationContext - [] [] Root WebApplicationContext: initialization completed in 3040 ms
2025-04-18 12:48:39 [main] INFO  o.h.jpa.internal.util.LogHelper - [] [] HHH000204: Processing PersistenceUnitInfo [name: default]
2025-04-18 12:48:39 [main] INFO  org.hibernate.Version - [] [] HHH000412: Hibernate ORM core version 6.4.4.Final
2025-04-18 12:48:39 [main] INFO  o.h.c.i.RegionFactoryInitiator - [] [] HHH000026: Second-level cache disabled
2025-04-18 12:48:40 [main] INFO  o.s.o.j.p.SpringPersistenceUnitInfo - [] [] No LoadTimeWeaver setup: ignoring JPA class transformer
2025-04-18 12:48:40 [main] INFO  com.zaxxer.hikari.HikariDataSource - [] [] HikariPool-1 - Starting...
2025-04-18 12:48:41 [main] INFO  com.zaxxer.hikari.pool.HikariPool - [] [] HikariPool-1 - Added connection com.mysql.cj.jdbc.ConnectionImpl@6d617b07
2025-04-18 12:48:41 [main] INFO  com.zaxxer.hikari.HikariDataSource - [] [] HikariPool-1 - Start completed.
2025-04-18 12:48:42 [main] INFO  o.h.e.t.j.p.i.JtaPlatformInitiator - [] [] HHH000489: No JTA platform available (set 'hibernate.transaction.jta.platform' to enable JTA platform integration)
2025-04-18 12:48:42 [main] INFO  o.s.o.j.LocalContainerEntityManagerFactoryBean - [] [] Initialized JPA EntityManagerFactory for persistence unit 'default'
2025-04-18 12:48:44 [main] INFO  o.a.coyote.http11.Http11NioProtocol - [] [] Starting ProtocolHandler ["http-nio-7071"]
2025-04-18 12:48:44 [main] INFO  o.s.b.w.e.tomcat.TomcatWebServer - [] [] Tomcat started on port 7071 (http) with context path ''
2025-04-18 12:48:44 [main] INFO  c.e.c.CustomerserviceApplication - [] [] Started CustomerserviceApplication in 9.872 seconds (process running for 10.864)
