2025-04-11T15:44:36.839+0530 INFO  --- [] [] [] [main] c.e.customerservice.CustomerserviceApplication : Starting CustomerserviceApplication using Java 21.0.2 with PID 4548 (C:\Ecommerce\customerservice\target\classes started by Kavi in C:\Ecommerce\customerservice)
2025-04-11T15:44:36.843+0530 INFO  --- [] [] [] [main] c.e.customerservice.CustomerserviceApplication : No active profile set, falling back to 1 default profile: "default"
2025-04-11T15:44:39.116+0530 INFO  --- [] [] [] [main] o.s.d.r.config.RepositoryConfigurationDelegate : Bootstrapping Spring Data JPA repositories in DEFAULT mode.
2025-04-11T15:44:39.455+0530 INFO  --- [] [] [] [main] o.s.d.r.config.RepositoryConfigurationDelegate : Finished Spring Data repository scanning in 317 ms. Found 1 JPA repository interface.
2025-04-11T15:44:41.479+0530 INFO  --- [] [] [] [main] o.s.boot.web.embedded.tomcat.TomcatWebServer : Tomcat initialized with port 7071 (http)
2025-04-11T15:44:41.525+0530 INFO  --- [] [] [] [main] org.apache.coyote.http11.Http11NioProtocol : Initializing ProtocolHandler ["http-nio-7071"]
2025-04-11T15:44:41.529+0530 INFO  --- [] [] [] [main] org.apache.catalina.core.StandardService : Starting service [Tomcat]
2025-04-11T15:44:41.529+0530 INFO  --- [] [] [] [main] org.apache.catalina.core.StandardEngine : Starting Servlet engine: [Apache Tomcat/10.1.36]
2025-04-11T15:44:41.709+0530 INFO  --- [] [] [] [main] o.a.c.core.ContainerBase.[Tomcat].[localhost].[/] : Initializing Spring embedded WebApplicationContext
2025-04-11T15:44:41.711+0530 INFO  --- [] [] [] [main] o.s.b.w.s.c.ServletWebServerApplicationContext : Root WebApplicationContext: initialization completed in 4776 ms
2025-04-11T15:44:43.142+0530 INFO  --- [] [] [] [main] com.zaxxer.hikari.HikariDataSource : HikariPool-1 - Starting...
2025-04-11T15:44:44.150+0530 INFO  --- [] [] [] [main] com.zaxxer.hikari.pool.HikariPool : HikariPool-1 - Added connection com.mysql.cj.jdbc.ConnectionImpl@5d3f8661
2025-04-11T15:44:44.153+0530 INFO  --- [] [] [] [main] com.zaxxer.hikari.HikariDataSource : HikariPool-1 - Start completed.
2025-04-11T15:44:44.886+0530 INFO  --- [] [] [] [main] liquibase.lockservice : Successfully acquired change log lock
2025-04-11T15:44:45.933+0530 INFO  --- [] [] [] [main] liquibase.changelog : Reading from customer_db.DATABASECHANGELOG
2025-04-11T15:44:46.061+0530 INFO  --- [] [] [] [main] liquibase.servicelocator : Cannot load service: liquibase.hub.HubService: Provider liquibase.hub.core.StandardHubService could not be instantiated
2025-04-11T15:44:46.076+0530 INFO  --- [] [] [] [main] liquibase.lockservice : Successfully released change log lock
2025-04-11T15:44:46.321+0530 INFO  --- [] [] [] [main] org.hibernate.jpa.internal.util.LogHelper : HHH000204: Processing PersistenceUnitInfo [name: default]
2025-04-11T15:44:46.493+0530 INFO  --- [] [] [] [main] org.hibernate.Version : HHH000412: Hibernate ORM core version 6.6.8.Final
2025-04-11T15:44:46.617+0530 INFO  --- [] [] [] [main] o.hibernate.cache.internal.RegionFactoryInitiator : HHH000026: Second-level cache disabled
2025-04-11T15:44:47.259+0530 INFO  --- [] [] [] [main] o.s.o.j.persistenceunit.SpringPersistenceUnitInfo : No LoadTimeWeaver setup: ignoring JPA class transformer
2025-04-11T15:44:47.401+0530 INFO  --- [] [] [] [main] org.hibernate.orm.connections.pooling : HHH10001005: Database info:
	Database JDBC URL [Connecting through datasource 'HikariDataSource (HikariPool-1)']
	Database driver: undefined/unknown
	Database version: 8.0.40
	Autocommit mode: undefined/unknown
	Isolation level: undefined/unknown
	Minimum pool size: undefined/unknown
	Maximum pool size: undefined/unknown
2025-04-11T15:44:48.932+0530 INFO  --- [] [] [] [main] o.h.e.t.jta.platform.internal.JtaPlatformInitiator : HHH000489: No JTA platform available (set 'hibernate.transaction.jta.platform' to enable JTA platform integration)
2025-04-11T15:44:49.013+0530 INFO  --- [] [] [] [main] o.s.orm.jpa.LocalContainerEntityManagerFactoryBean : Initialized JPA EntityManagerFactory for persistence unit 'default'
2025-04-11T15:44:52.253+0530 INFO  --- [] [] [] [main] o.s.b.actuate.endpoint.web.EndpointLinksResolver : Exposing 1 endpoint beneath base path '/actuator'
2025-04-11T15:44:52.733+0530 INFO  --- [] [] [] [main] org.apache.coyote.http11.Http11NioProtocol : Starting ProtocolHandler ["http-nio-7071"]
2025-04-11T15:44:52.768+0530 INFO  --- [] [] [] [main] o.s.boot.web.embedded.tomcat.TomcatWebServer : Tomcat started on port 7071 (http) with context path '/'
2025-04-11T15:44:52.798+0530 INFO  --- [] [] [] [main] c.e.customerservice.CustomerserviceApplication : Started CustomerserviceApplication in 17.189 seconds (process running for 18.103)
2025-04-11T15:45:12.433+0530 INFO  --- [] [] [] [http-nio-7071-exec-1] o.a.c.core.ContainerBase.[Tomcat].[localhost].[/] : Initializing Spring DispatcherServlet 'dispatcherServlet'
2025-04-11T15:45:12.433+0530 INFO  --- [] [] [] [http-nio-7071-exec-1] org.springframework.web.servlet.DispatcherServlet : Initializing Servlet 'dispatcherServlet'
2025-04-11T15:45:12.435+0530 INFO  --- [] [] [] [http-nio-7071-exec-1] org.springframework.web.servlet.DispatcherServlet : Completed initialization in 2 ms
2025-04-11T15:45:12.566+0530 INFO  --- [CUSTOMER-SERVICE] [a057b3a3-8800-4994-9102-1dc9e77efb30] [b3998b24-c96a-49df-8614-e87b78be70a6] [http-nio-7071-exec-1] CustomerRequestLogger : Received request: GET /customers/retrieve/2
2025-04-11T15:45:12.566+0530 INFO  --- [CUSTOMER-SERVICE] [a057b3a3-8800-4994-9102-1dc9e77efb30] [b3998b24-c96a-49df-8614-e87b78be70a6] [http-nio-7071-exec-1] CustomerRequestLogger : Fetching customer with ID: 2
2025-04-11T15:47:24.037+0530 INFO  --- [CUSTOMER-SERVICE] [0747cde6-46ce-4378-af74-3c2a5a7fd60a] [c50ce10f-6041-4af9-90c7-6f7e5428d3b4] [http-nio-7071-exec-3] CustomerRequestLogger : Received request: GET /customers/retrieve/2
2025-04-11T15:47:24.037+0530 INFO  --- [CUSTOMER-SERVICE] [0747cde6-46ce-4378-af74-3c2a5a7fd60a] [c50ce10f-6041-4af9-90c7-6f7e5428d3b4] [http-nio-7071-exec-3] CustomerRequestLogger : Fetching customer with ID: 2
2025-04-11T15:48:18.692+0530 INFO  --- [CUSTOMER-SERVICE] [84e6c02f-8fb6-499e-b50f-6760ada57acf] [16d331c1-a7db-4cfa-ba2f-8dcd63589094] [http-nio-7071-exec-4] CustomerRequestLogger : Received request: GET /customers/retrieve/2
2025-04-11T15:48:18.693+0530 INFO  --- [CUSTOMER-SERVICE] [84e6c02f-8fb6-499e-b50f-6760ada57acf] [16d331c1-a7db-4cfa-ba2f-8dcd63589094] [http-nio-7071-exec-4] CustomerRequestLogger : Fetching customer with ID: 2
2025-04-11T15:48:22.512+0530 INFO  --- [CUSTOMER-SERVICE] [e09e50c6-fb64-430a-83fe-63a3abd05db2] [8a686ad5-5f20-4305-bd09-8bf8634302fc] [http-nio-7071-exec-6] CustomerRequestLogger : Received request: GET /customers/retrieve/3
2025-04-11T15:48:22.512+0530 INFO  --- [CUSTOMER-SERVICE] [e09e50c6-fb64-430a-83fe-63a3abd05db2] [8a686ad5-5f20-4305-bd09-8bf8634302fc] [http-nio-7071-exec-6] CustomerRequestLogger : Fetching customer with ID: 3
2025-04-11T15:48:23.561+0530 INFO  --- [CUSTOMER-SERVICE] [2b88da92-5694-4bf3-8fd9-b6a867c12b35] [32e10dc1-921b-48d6-8426-5394b556ebae] [http-nio-7071-exec-5] CustomerRequestLogger : Received request: GET /customers/retrieve/3
2025-04-11T15:48:23.561+0530 INFO  --- [CUSTOMER-SERVICE] [2b88da92-5694-4bf3-8fd9-b6a867c12b35] [32e10dc1-921b-48d6-8426-5394b556ebae] [http-nio-7071-exec-5] CustomerRequestLogger : Fetching customer with ID: 3
2025-04-11T15:59:08.414+0530 INFO  --- [CUSTOMER-SERVICE] [25879cf5-2e08-4a60-a86e-0e08dbcdf3b1] [03af40b7-2e50-4571-baa0-7423adead23a] [http-nio-7071-exec-7] CustomerRequestLogger : Received request: GET /customers/retrieve/1
2025-04-11T15:59:08.415+0530 INFO  --- [CUSTOMER-SERVICE] [25879cf5-2e08-4a60-a86e-0e08dbcdf3b1] [03af40b7-2e50-4571-baa0-7423adead23a] [http-nio-7071-exec-7] CustomerRequestLogger : Fetching customer with ID: 1
2025-04-11 17:15:15.149 [main] [] [] INFO  c.e.c.CustomerserviceApplication - Starting CustomerserviceApplication using Java 21.0.2 with PID 21176 (C:\Ecommerce\customerservice\target\classes started by Kavi in C:\Ecommerce\customerservice)
2025-04-11 17:15:15.161 [main] [] [] INFO  c.e.c.CustomerserviceApplication - No active profile set, falling back to 1 default profile: "default"
2025-04-11 17:15:17.223 [main] [] [] INFO  o.s.d.r.c.RepositoryConfigurationDelegate - Bootstrapping Spring Data JPA repositories in DEFAULT mode.
2025-04-11 17:15:17.531 [main] [] [] INFO  o.s.d.r.c.RepositoryConfigurationDelegate - Finished Spring Data repository scanning in 281 ms. Found 1 JPA repository interface.
2025-04-11 17:15:19.273 [main] [] [] INFO  o.s.b.w.e.tomcat.TomcatWebServer - Tomcat initialized with port 7071 (http)
2025-04-11 17:15:19.298 [main] [] [] INFO  o.a.coyote.http11.Http11NioProtocol - Initializing ProtocolHandler ["http-nio-7071"]
2025-04-11 17:15:19.302 [main] [] [] INFO  o.a.catalina.core.StandardService - Starting service [Tomcat]
2025-04-11 17:15:19.302 [main] [] [] INFO  o.a.catalina.core.StandardEngine - Starting Servlet engine: [Apache Tomcat/10.1.36]
2025-04-11 17:15:19.464 [main] [] [] INFO  o.a.c.c.C.[Tomcat].[localhost].[/] - Initializing Spring embedded WebApplicationContext
2025-04-11 17:15:19.465 [main] [] [] INFO  o.s.b.w.s.c.ServletWebServerApplicationContext - Root WebApplicationContext: initialization completed in 4200 ms
2025-04-11 17:15:20.192 [main] [] [] INFO  o.h.jpa.internal.util.LogHelper - HHH000204: Processing PersistenceUnitInfo [name: default]
2025-04-11 17:15:20.306 [main] [] [] INFO  org.hibernate.Version - HHH000412: Hibernate ORM core version 6.6.8.Final
2025-04-11 17:15:20.368 [main] [] [] INFO  o.h.c.i.RegionFactoryInitiator - HHH000026: Second-level cache disabled
2025-04-11 17:15:21.063 [main] [] [] INFO  o.s.o.j.p.SpringPersistenceUnitInfo - No LoadTimeWeaver setup: ignoring JPA class transformer
2025-04-11 17:15:21.138 [main] [] [] INFO  com.zaxxer.hikari.HikariDataSource - HikariPool-1 - Starting...
2025-04-11 17:15:21.827 [main] [] [] INFO  com.zaxxer.hikari.pool.HikariPool - HikariPool-1 - Added connection com.mysql.cj.jdbc.ConnectionImpl@76e2a621
2025-04-11 17:15:21.833 [main] [] [] INFO  com.zaxxer.hikari.HikariDataSource - HikariPool-1 - Start completed.
2025-04-11 17:15:22.017 [main] [] [] INFO  o.hibernate.orm.connections.pooling - HHH10001005: Database info:
	Database JDBC URL [Connecting through datasource 'HikariDataSource (HikariPool-1)']
	Database driver: undefined/unknown
	Database version: 8.0.40
	Autocommit mode: undefined/unknown
	Isolation level: undefined/unknown
	Minimum pool size: undefined/unknown
	Maximum pool size: undefined/unknown
2025-04-11 17:15:23.675 [main] [] [] INFO  o.h.e.t.j.p.i.JtaPlatformInitiator - HHH000489: No JTA platform available (set 'hibernate.transaction.jta.platform' to enable JTA platform integration)
2025-04-11 17:15:23.795 [main] [] [] INFO  o.s.o.j.LocalContainerEntityManagerFactoryBean - Initialized JPA EntityManagerFactory for persistence unit 'default'
2025-04-11 17:15:26.550 [main] [] [] INFO  o.s.b.a.e.web.EndpointLinksResolver - Exposing 1 endpoint beneath base path '/actuator'
2025-04-11 17:15:27.135 [main] [] [] INFO  o.a.coyote.http11.Http11NioProtocol - Starting ProtocolHandler ["http-nio-7071"]
2025-04-11 17:15:29.241 [main] [] [] INFO  o.s.o.j.LocalContainerEntityManagerFactoryBean - Closing JPA EntityManagerFactory for persistence unit 'default'
2025-04-11 17:15:29.249 [main] [] [] INFO  com.zaxxer.hikari.HikariDataSource - HikariPool-1 - Shutdown initiated...
2025-04-11 17:15:29.273 [main] [] [] INFO  com.zaxxer.hikari.HikariDataSource - HikariPool-1 - Shutdown completed.
2025-04-11 17:15:29.319 [main] [] [] INFO  o.s.b.a.l.ConditionEvaluationReportLogger - 

Error starting ApplicationContext. To display the condition evaluation report re-run your application with 'debug' enabled.
2025-04-11 17:32:03.227 [main] [] [] INFO  c.e.c.CustomerserviceApplication - Starting CustomerserviceApplication using Java 21.0.2 with PID 19600 (C:\Ecommerce\customerservice\target\classes started by Kavi in C:\Ecommerce\customerservice)
2025-04-11 17:32:03.232 [main] [] [] INFO  c.e.c.CustomerserviceApplication - No active profile set, falling back to 1 default profile: "default"
2025-04-11 17:32:05.414 [main] [] [] INFO  o.s.d.r.c.RepositoryConfigurationDelegate - Bootstrapping Spring Data JPA repositories in DEFAULT mode.
2025-04-11 17:32:05.687 [main] [] [] INFO  o.s.d.r.c.RepositoryConfigurationDelegate - Finished Spring Data repository scanning in 253 ms. Found 1 JPA repository interface.
2025-04-11 17:32:07.524 [main] [] [] INFO  o.s.b.w.e.tomcat.TomcatWebServer - Tomcat initialized with port 7071 (http)
2025-04-11 17:32:07.550 [main] [] [] INFO  o.a.coyote.http11.Http11NioProtocol - Initializing ProtocolHandler ["http-nio-7071"]
2025-04-11 17:32:07.553 [main] [] [] INFO  o.a.catalina.core.StandardService - Starting service [Tomcat]
2025-04-11 17:32:07.554 [main] [] [] INFO  o.a.catalina.core.StandardEngine - Starting Servlet engine: [Apache Tomcat/10.1.36]
2025-04-11 17:32:07.712 [main] [] [] INFO  o.a.c.c.C.[Tomcat].[localhost].[/] - Initializing Spring embedded WebApplicationContext
2025-04-11 17:32:07.713 [main] [] [] INFO  o.s.b.w.s.c.ServletWebServerApplicationContext - Root WebApplicationContext: initialization completed in 4385 ms
2025-04-11 17:32:08.396 [main] [] [] INFO  o.h.jpa.internal.util.LogHelper - HHH000204: Processing PersistenceUnitInfo [name: default]
2025-04-11 17:32:08.545 [main] [] [] INFO  org.hibernate.Version - HHH000412: Hibernate ORM core version 6.6.8.Final
2025-04-11 17:32:08.645 [main] [] [] INFO  o.h.c.i.RegionFactoryInitiator - HHH000026: Second-level cache disabled
2025-04-11 17:32:09.332 [main] [] [] INFO  o.s.o.j.p.SpringPersistenceUnitInfo - No LoadTimeWeaver setup: ignoring JPA class transformer
2025-04-11 17:32:09.416 [main] [] [] INFO  com.zaxxer.hikari.HikariDataSource - HikariPool-1 - Starting...
2025-04-11 17:32:10.174 [main] [] [] INFO  com.zaxxer.hikari.pool.HikariPool - HikariPool-1 - Added connection com.mysql.cj.jdbc.ConnectionImpl@30cb223b
2025-04-11 17:32:10.179 [main] [] [] INFO  com.zaxxer.hikari.HikariDataSource - HikariPool-1 - Start completed.
2025-04-11 17:32:10.373 [main] [] [] INFO  o.hibernate.orm.connections.pooling - HHH10001005: Database info:
	Database JDBC URL [Connecting through datasource 'HikariDataSource (HikariPool-1)']
	Database driver: undefined/unknown
	Database version: 8.0.40
	Autocommit mode: undefined/unknown
	Isolation level: undefined/unknown
	Minimum pool size: undefined/unknown
	Maximum pool size: undefined/unknown
2025-04-11 17:32:11.822 [main] [] [] INFO  o.h.e.t.j.p.i.JtaPlatformInitiator - HHH000489: No JTA platform available (set 'hibernate.transaction.jta.platform' to enable JTA platform integration)
2025-04-11 17:32:11.922 [main] [] [] INFO  o.s.o.j.LocalContainerEntityManagerFactoryBean - Initialized JPA EntityManagerFactory for persistence unit 'default'
2025-04-11 17:32:14.371 [main] [] [] INFO  o.s.b.a.e.web.EndpointLinksResolver - Exposing 1 endpoint beneath base path '/actuator'
2025-04-11 17:32:14.928 [main] [] [] INFO  o.a.coyote.http11.Http11NioProtocol - Starting ProtocolHandler ["http-nio-7071"]
2025-04-11 17:32:14.958 [main] [] [] INFO  o.s.b.w.e.tomcat.TomcatWebServer - Tomcat started on port 7071 (http) with context path '/'
2025-04-11 17:32:14.986 [main] [] [] INFO  c.e.c.CustomerserviceApplication - Started CustomerserviceApplication in 12.948 seconds (process running for 13.842)
2025-04-11 17:32:49.364 [http-nio-7071-exec-1] [] [] INFO  o.a.c.c.C.[Tomcat].[localhost].[/] - Initializing Spring DispatcherServlet 'dispatcherServlet'
2025-04-11 17:32:49.364 [http-nio-7071-exec-1] [] [] INFO  o.s.web.servlet.DispatcherServlet - Initializing Servlet 'dispatcherServlet'
2025-04-11 17:32:49.367 [http-nio-7071-exec-1] [] [] INFO  o.s.web.servlet.DispatcherServlet - Completed initialization in 1 ms
2025-04-11 17:32:49.493 [http-nio-7071-exec-1] [9329ee1f-98dd-422e-bb52-5b8cab0055ee] [32cccb85-4d7d-4d6e-a0d7-bdd0ae2bcb38] INFO  CustomerRequestLogger - Received request: GET /customers/retrieve/1
2025-04-11 17:32:49.494 [http-nio-7071-exec-1] [9329ee1f-98dd-422e-bb52-5b8cab0055ee] [32cccb85-4d7d-4d6e-a0d7-bdd0ae2bcb38] INFO  CustomerRequestLogger - Fetching customer with ID: 1
2025-04-11 17:32:53.745 [http-nio-7071-exec-2] [2feeead3-4a8a-47e0-bf21-3987dc7cc966] [7be8d248-6e9f-4c2a-a1df-b143e283b92e] INFO  CustomerRequestLogger - Received request: GET /customers/retrieve/1
2025-04-11 17:32:53.746 [http-nio-7071-exec-2] [2feeead3-4a8a-47e0-bf21-3987dc7cc966] [7be8d248-6e9f-4c2a-a1df-b143e283b92e] INFO  CustomerRequestLogger - Fetching customer with ID: 1
2025-04-11 17:41:44.616 [http-nio-7071-exec-4] [01c4d3d8-b017-4d79-99dc-e843fba66f94] [a7d7b8e0-4775-4c20-a6ea-bc38baa6edcc] INFO  CustomerRequestLogger - Received request: GET /customers/retrieve/1
2025-04-11 17:41:44.616 [http-nio-7071-exec-4] [01c4d3d8-b017-4d79-99dc-e843fba66f94] [a7d7b8e0-4775-4c20-a6ea-bc38baa6edcc] INFO  CustomerRequestLogger - Fetching customer with ID: 1
2025-04-11 17:54:16.191 [main] [] [] INFO  c.e.c.CustomerserviceApplication - Starting CustomerserviceApplication using Java 21.0.2 with PID 14840 (C:\Ecommerce\customerservice\target\classes started by Kavi in C:\Ecommerce\customerservice)
2025-04-11 17:54:16.197 [main] [] [] INFO  c.e.c.CustomerserviceApplication - No active profile set, falling back to 1 default profile: "default"
2025-04-11 17:54:18.311 [main] [] [] INFO  o.s.d.r.c.RepositoryConfigurationDelegate - Bootstrapping Spring Data JPA repositories in DEFAULT mode.
2025-04-11 17:54:18.646 [main] [] [] INFO  o.s.d.r.c.RepositoryConfigurationDelegate - Finished Spring Data repository scanning in 304 ms. Found 1 JPA repository interface.
2025-04-11 17:54:20.317 [main] [] [] INFO  o.s.b.w.e.tomcat.TomcatWebServer - Tomcat initialized with port 7071 (http)
2025-04-11 17:54:20.355 [main] [] [] INFO  o.a.coyote.http11.Http11NioProtocol - Initializing ProtocolHandler ["http-nio-7071"]
2025-04-11 17:54:20.360 [main] [] [] INFO  o.a.catalina.core.StandardService - Starting service [Tomcat]
2025-04-11 17:54:20.361 [main] [] [] INFO  o.a.catalina.core.StandardEngine - Starting Servlet engine: [Apache Tomcat/10.1.36]
2025-04-11 17:54:20.513 [main] [] [] INFO  o.a.c.c.C.[Tomcat].[localhost].[/] - Initializing Spring embedded WebApplicationContext
2025-04-11 17:54:20.515 [main] [] [] INFO  o.s.b.w.s.c.ServletWebServerApplicationContext - Root WebApplicationContext: initialization completed in 4220 ms
2025-04-11 17:54:21.239 [main] [] [] INFO  o.h.jpa.internal.util.LogHelper - HHH000204: Processing PersistenceUnitInfo [name: default]
2025-04-11 17:54:21.368 [main] [] [] INFO  org.hibernate.Version - HHH000412: Hibernate ORM core version 6.6.8.Final
2025-04-11 17:54:21.451 [main] [] [] INFO  o.h.c.i.RegionFactoryInitiator - HHH000026: Second-level cache disabled
2025-04-11 17:54:22.146 [main] [] [] INFO  o.s.o.j.p.SpringPersistenceUnitInfo - No LoadTimeWeaver setup: ignoring JPA class transformer
2025-04-11 17:54:22.219 [main] [] [] INFO  com.zaxxer.hikari.HikariDataSource - HikariPool-1 - Starting...
2025-04-11 17:54:22.987 [main] [] [] INFO  com.zaxxer.hikari.pool.HikariPool - HikariPool-1 - Added connection com.mysql.cj.jdbc.ConnectionImpl@4ba402b5
2025-04-11 17:54:22.994 [main] [] [] INFO  com.zaxxer.hikari.HikariDataSource - HikariPool-1 - Start completed.
2025-04-11 17:54:23.178 [main] [] [] INFO  o.hibernate.orm.connections.pooling - HHH10001005: Database info:
	Database JDBC URL [Connecting through datasource 'HikariDataSource (HikariPool-1)']
	Database driver: undefined/unknown
	Database version: 8.0.40
	Autocommit mode: undefined/unknown
	Isolation level: undefined/unknown
	Minimum pool size: undefined/unknown
	Maximum pool size: undefined/unknown
2025-04-11 17:54:24.720 [main] [] [] INFO  o.h.e.t.j.p.i.JtaPlatformInitiator - HHH000489: No JTA platform available (set 'hibernate.transaction.jta.platform' to enable JTA platform integration)
2025-04-11 17:54:24.811 [main] [] [] INFO  o.s.o.j.LocalContainerEntityManagerFactoryBean - Initialized JPA EntityManagerFactory for persistence unit 'default'
2025-04-11 17:54:27.226 [main] [] [] INFO  o.s.b.a.e.web.EndpointLinksResolver - Exposing 1 endpoint beneath base path '/actuator'
2025-04-11 17:54:27.791 [main] [] [] INFO  o.a.coyote.http11.Http11NioProtocol - Starting ProtocolHandler ["http-nio-7071"]
2025-04-11 17:54:27.812 [main] [] [] INFO  o.s.b.w.e.tomcat.TomcatWebServer - Tomcat started on port 7071 (http) with context path '/'
2025-04-11 17:54:27.842 [main] [] [] INFO  c.e.c.CustomerserviceApplication - Started CustomerserviceApplication in 12.834 seconds (process running for 13.724)
2025-04-11 17:54:55.086 [http-nio-7071-exec-2] [] [] INFO  o.a.c.c.C.[Tomcat].[localhost].[/] - Initializing Spring DispatcherServlet 'dispatcherServlet'
2025-04-11 17:54:55.087 [http-nio-7071-exec-2] [] [] INFO  o.s.web.servlet.DispatcherServlet - Initializing Servlet 'dispatcherServlet'
2025-04-11 17:54:55.089 [http-nio-7071-exec-2] [] [] INFO  o.s.web.servlet.DispatcherServlet - Completed initialization in 2 ms
2025-04-11 17:54:55.188 [http-nio-7071-exec-2] [] [] INFO  CustomerRequestLogger - Received request: GET /customers/retrieve/1
2025-04-11 17:54:55.189 [http-nio-7071-exec-2] [] [] INFO  CustomerRequestLogger - Fetching customer with ID: 1
2025-04-11 18:03:02.613 [http-nio-7071-exec-1] [] [] INFO  CustomerRequestLogger - Received request: GET /customers/retrieve/3
2025-04-11 18:03:02.614 [http-nio-7071-exec-1] [] [] INFO  CustomerRequestLogger - Fetching customer with ID: 3
