2025-04-12 15:15:10.847 [] [] [] [main] INFO  com.ecommerce.customerservice.CustomerserviceApplication - Starting CustomerserviceApplication using Java 21.0.2 with PID 8932 (C:\Ecommerce\customerservice\target\classes started by Kavi in C:\Ecommerce\customerservice)
2025-04-12 15:15:10.855 [] [] [] [main] INFO  com.ecommerce.customerservice.CustomerserviceApplication - No active profile set, falling back to 1 default profile: "default"
2025-04-12 15:15:12.174 [] [] [] [main] INFO  org.springframework.data.repository.config.RepositoryConfigurationDelegate - Bootstrapping Spring Data JPA repositories in DEFAULT mode.
2025-04-12 15:15:12.333 [] [] [] [main] INFO  org.springframework.data.repository.config.RepositoryConfigurationDelegate - Finished Spring Data repository scanning in 142 ms. Found 1 JPA repository interface.
2025-04-12 15:15:13.467 [] [] [] [main] INFO  org.springframework.boot.web.embedded.tomcat.TomcatWebServer - Tomcat initialized with port 7071 (http)
2025-04-12 15:15:13.492 [] [] [] [main] INFO  org.apache.coyote.http11.Http11NioProtocol - Initializing ProtocolHandler ["http-nio-7071"]
2025-04-12 15:15:13.496 [] [] [] [main] INFO  org.apache.catalina.core.StandardService - Starting service [Tomcat]
2025-04-12 15:15:13.496 [] [] [] [main] INFO  org.apache.catalina.core.StandardEngine - Starting Servlet engine: [Apache Tomcat/10.1.39]
2025-04-12 15:15:13.603 [] [] [] [main] INFO  org.apache.catalina.core.ContainerBase.[Tomcat].[localhost].[/] - Initializing Spring embedded WebApplicationContext
2025-04-12 15:15:13.604 [] [] [] [main] INFO  org.springframework.boot.web.servlet.context.ServletWebServerApplicationContext - Root WebApplicationContext: initialization completed in 2679 ms
2025-04-12 15:15:14.312 [] [] [] [main] INFO  org.hibernate.jpa.internal.util.LogHelper - HHH000204: Processing PersistenceUnitInfo [name: default]
2025-04-12 15:15:14.418 [] [] [] [main] INFO  org.hibernate.Version - HHH000412: Hibernate ORM core version 6.6.11.Final
2025-04-12 15:15:14.475 [] [] [] [main] INFO  org.hibernate.cache.internal.RegionFactoryInitiator - HHH000026: Second-level cache disabled
2025-04-12 15:15:15.086 [] [] [] [main] INFO  org.springframework.orm.jpa.persistenceunit.SpringPersistenceUnitInfo - No LoadTimeWeaver setup: ignoring JPA class transformer
2025-04-12 15:15:15.182 [] [] [] [main] INFO  com.zaxxer.hikari.HikariDataSource - HikariPool-1 - Starting...
2025-04-12 15:15:15.715 [] [] [] [main] INFO  com.zaxxer.hikari.pool.HikariPool - HikariPool-1 - Added connection com.mysql.cj.jdbc.ConnectionImpl@6549ce71
2025-04-12 15:15:15.719 [] [] [] [main] INFO  com.zaxxer.hikari.HikariDataSource - HikariPool-1 - Start completed.
2025-04-12 15:15:15.851 [] [] [] [main] INFO  org.hibernate.orm.connections.pooling - HHH10001005: Database info:
	Database JDBC URL [Connecting through datasource 'HikariDataSource (HikariPool-1)']
	Database driver: undefined/unknown
	Database version: 8.0.40
	Autocommit mode: undefined/unknown
	Isolation level: undefined/unknown
	Minimum pool size: undefined/unknown
	Maximum pool size: undefined/unknown
2025-04-12 15:15:17.359 [] [] [] [main] INFO  org.hibernate.engine.transaction.jta.platform.internal.JtaPlatformInitiator - HHH000489: No JTA platform available (set 'hibernate.transaction.jta.platform' to enable JTA platform integration)
2025-04-12 15:15:17.542 [] [] [] [main] INFO  org.springframework.orm.jpa.LocalContainerEntityManagerFactoryBean - Initialized JPA EntityManagerFactory for persistence unit 'default'
2025-04-12 15:15:20.255 [] [] [] [main] INFO  org.springframework.boot.actuate.endpoint.web.EndpointLinksResolver - Exposing 1 endpoint beneath base path '/actuator'
2025-04-12 15:15:20.813 [] [] [] [main] INFO  org.apache.coyote.http11.Http11NioProtocol - Starting ProtocolHandler ["http-nio-7071"]
2025-04-12 15:15:20.845 [] [] [] [main] INFO  org.springframework.boot.web.embedded.tomcat.TomcatWebServer - Tomcat started on port 7071 (http) with context path '/'
2025-04-12 15:15:20.874 [] [] [] [main] INFO  com.ecommerce.customerservice.CustomerserviceApplication - Started CustomerserviceApplication in 10.781 seconds (process running for 11.323)
2025-04-12 15:17:03.082 [] [] [] [http-nio-7071-exec-2] INFO  org.apache.catalina.core.ContainerBase.[Tomcat].[localhost].[/] - Initializing Spring DispatcherServlet 'dispatcherServlet'
2025-04-12 15:17:03.082 [] [] [] [http-nio-7071-exec-2] INFO  org.springframework.web.servlet.DispatcherServlet - Initializing Servlet 'dispatcherServlet'
2025-04-12 15:17:03.084 [] [] [] [http-nio-7071-exec-2] INFO  org.springframework.web.servlet.DispatcherServlet - Completed initialization in 2 ms
2025-04-12 15:17:03.190 [] [] [] [http-nio-7071-exec-2] INFO  CustomerRequestLogger - Fetching customer with ID: 3
2025-04-12 15:27:07.943 [] [] [] [http-nio-7071-exec-3] INFO  CustomerRequestLogger - Fetching customer with ID: 4
2025-04-12 15:27:12.617 [] [] [] [http-nio-7071-exec-4] INFO  CustomerRequestLogger - Fetching customer with ID: 2
2025-04-12 15:33:48.500 [] [] [] [main] INFO  com.ecommerce.customerservice.CustomerserviceApplication - Starting CustomerserviceApplication using Java 21.0.2 with PID 21852 (C:\Ecommerce\customerservice\target\classes started by Kavi in C:\Ecommerce\customerservice)
2025-04-12 15:33:48.505 [] [] [] [main] INFO  com.ecommerce.customerservice.CustomerserviceApplication - No active profile set, falling back to 1 default profile: "default"
2025-04-12 15:33:49.795 [] [] [] [main] INFO  org.springframework.data.repository.config.RepositoryConfigurationDelegate - Bootstrapping Spring Data JPA repositories in DEFAULT mode.
2025-04-12 15:33:49.968 [] [] [] [main] INFO  org.springframework.data.repository.config.RepositoryConfigurationDelegate - Finished Spring Data repository scanning in 155 ms. Found 1 JPA repository interface.
2025-04-12 15:33:51.043 [] [] [] [main] INFO  org.springframework.boot.web.embedded.tomcat.TomcatWebServer - Tomcat initialized with port 7071 (http)
2025-04-12 15:33:51.063 [] [] [] [main] INFO  org.apache.coyote.http11.Http11NioProtocol - Initializing ProtocolHandler ["http-nio-7071"]
2025-04-12 15:33:51.065 [] [] [] [main] INFO  org.apache.catalina.core.StandardService - Starting service [Tomcat]
2025-04-12 15:33:51.065 [] [] [] [main] INFO  org.apache.catalina.core.StandardEngine - Starting Servlet engine: [Apache Tomcat/10.1.39]
2025-04-12 15:33:51.182 [] [] [] [main] INFO  org.apache.catalina.core.ContainerBase.[Tomcat].[localhost].[/] - Initializing Spring embedded WebApplicationContext
2025-04-12 15:33:51.182 [] [] [] [main] INFO  org.springframework.boot.web.servlet.context.ServletWebServerApplicationContext - Root WebApplicationContext: initialization completed in 2612 ms
2025-04-12 15:33:51.641 [] [] [] [main] INFO  org.hibernate.jpa.internal.util.LogHelper - HHH000204: Processing PersistenceUnitInfo [name: default]
2025-04-12 15:33:51.761 [] [] [] [main] INFO  org.hibernate.Version - HHH000412: Hibernate ORM core version 6.6.11.Final
2025-04-12 15:33:51.831 [] [] [] [main] INFO  org.hibernate.cache.internal.RegionFactoryInitiator - HHH000026: Second-level cache disabled
2025-04-12 15:33:52.298 [] [] [] [main] INFO  org.springframework.orm.jpa.persistenceunit.SpringPersistenceUnitInfo - No LoadTimeWeaver setup: ignoring JPA class transformer
2025-04-12 15:33:52.344 [] [] [] [main] INFO  com.zaxxer.hikari.HikariDataSource - HikariPool-1 - Starting...
2025-04-12 15:33:52.784 [] [] [] [main] INFO  com.zaxxer.hikari.pool.HikariPool - HikariPool-1 - Added connection com.mysql.cj.jdbc.ConnectionImpl@79ee779c
2025-04-12 15:33:52.788 [] [] [] [main] INFO  com.zaxxer.hikari.HikariDataSource - HikariPool-1 - Start completed.
2025-04-12 15:33:52.908 [] [] [] [main] INFO  org.hibernate.orm.connections.pooling - HHH10001005: Database info:
	Database JDBC URL [Connecting through datasource 'HikariDataSource (HikariPool-1)']
	Database driver: undefined/unknown
	Database version: 8.0.40
	Autocommit mode: undefined/unknown
	Isolation level: undefined/unknown
	Minimum pool size: undefined/unknown
	Maximum pool size: undefined/unknown
2025-04-12 15:33:53.888 [] [] [] [main] INFO  org.hibernate.engine.transaction.jta.platform.internal.JtaPlatformInitiator - HHH000489: No JTA platform available (set 'hibernate.transaction.jta.platform' to enable JTA platform integration)
2025-04-12 15:33:53.951 [] [] [] [main] INFO  org.springframework.orm.jpa.LocalContainerEntityManagerFactoryBean - Initialized JPA EntityManagerFactory for persistence unit 'default'
2025-04-12 15:33:55.509 [] [] [] [main] INFO  org.springframework.boot.actuate.endpoint.web.EndpointLinksResolver - Exposing 1 endpoint beneath base path '/actuator'
2025-04-12 15:33:55.819 [] [] [] [main] INFO  org.apache.coyote.http11.Http11NioProtocol - Starting ProtocolHandler ["http-nio-7071"]
2025-04-12 15:33:55.833 [] [] [] [main] INFO  org.springframework.boot.web.embedded.tomcat.TomcatWebServer - Tomcat started on port 7071 (http) with context path '/'
2025-04-12 15:33:55.847 [] [] [] [main] INFO  com.ecommerce.customerservice.CustomerserviceApplication - Started CustomerserviceApplication in 8.08 seconds (process running for 8.552)
2025-04-12 15:34:01.687 [] [] [] [http-nio-7071-exec-2] INFO  org.apache.catalina.core.ContainerBase.[Tomcat].[localhost].[/] - Initializing Spring DispatcherServlet 'dispatcherServlet'
2025-04-12 15:34:01.687 [] [] [] [http-nio-7071-exec-2] INFO  org.springframework.web.servlet.DispatcherServlet - Initializing Servlet 'dispatcherServlet'
2025-04-12 15:34:01.688 [] [] [] [http-nio-7071-exec-2] INFO  org.springframework.web.servlet.DispatcherServlet - Completed initialization in 1 ms
2025-04-12 15:34:01.760 [] [] [] [http-nio-7071-exec-2] INFO  CustomerRequestLogger - Fetching customer with ID: 2
2025-04-12 15:35:19.395 [] [] [] [http-nio-7071-exec-3] INFO  CustomerRequestLogger - Fetching customer with ID: 1
2025-04-12 15:40:15.540 [] [] [] [http-nio-7071-exec-5] INFO  CustomerRequestLogger - Fetching customer with ID: 2
2025-04-12 15:40:17.866 [] [] [] [http-nio-7071-exec-6] INFO  CustomerRequestLogger - Fetching customer with ID: 2
