2025-04-17 10:45:38.527 [] [] [] [main] INFO  com.ecommerce.customerservice.CustomerserviceApplication - Starting CustomerserviceApplication using Java 21.0.2 with PID 6132 (C:\Ecommerce\customerservice\target\classes started by Kavi in C:\Ecommerce\customerservice)
2025-04-17 10:45:38.538 [] [] [] [main] INFO  com.ecommerce.customerservice.CustomerserviceApplication - No active profile set, falling back to 1 default profile: "default"
2025-04-17 10:45:40.805 [] [] [] [main] INFO  org.springframework.data.repository.config.RepositoryConfigurationDelegate - Bootstrapping Spring Data JPA repositories in DEFAULT mode.
2025-04-17 10:45:41.162 [] [] [] [main] INFO  org.springframework.data.repository.config.RepositoryConfigurationDelegate - Finished Spring Data repository scanning in 328 ms. Found 1 JPA repository interface.
2025-04-17 10:45:43.202 [] [] [] [main] INFO  org.springframework.boot.web.embedded.tomcat.TomcatWebServer - Tomcat initialized with port 7071 (http)
2025-04-17 10:45:43.241 [] [] [] [main] INFO  org.apache.coyote.http11.Http11NioProtocol - Initializing ProtocolHandler ["http-nio-7071"]
2025-04-17 10:45:43.246 [] [] [] [main] INFO  org.apache.catalina.core.StandardService - Starting service [Tomcat]
2025-04-17 10:45:43.247 [] [] [] [main] INFO  org.apache.catalina.core.StandardEngine - Starting Servlet engine: [Apache Tomcat/10.1.39]
2025-04-17 10:45:43.426 [] [] [] [main] INFO  org.apache.catalina.core.ContainerBase.[Tomcat].[localhost].[/] - Initializing Spring embedded WebApplicationContext
2025-04-17 10:45:43.427 [] [] [] [main] INFO  org.springframework.boot.web.servlet.context.ServletWebServerApplicationContext - Root WebApplicationContext: initialization completed in 4782 ms
2025-04-17 10:45:44.227 [] [] [] [main] INFO  org.hibernate.jpa.internal.util.LogHelper - HHH000204: Processing PersistenceUnitInfo [name: default]
2025-04-17 10:45:44.394 [] [] [] [main] INFO  org.hibernate.Version - HHH000412: Hibernate ORM core version 6.6.11.Final
2025-04-17 10:45:44.483 [] [] [] [main] INFO  org.hibernate.cache.internal.RegionFactoryInitiator - HHH000026: Second-level cache disabled
2025-04-17 10:45:45.231 [] [] [] [main] INFO  org.springframework.orm.jpa.persistenceunit.SpringPersistenceUnitInfo - No LoadTimeWeaver setup: ignoring JPA class transformer
2025-04-17 10:45:45.310 [] [] [] [main] INFO  com.zaxxer.hikari.HikariDataSource - HikariPool-1 - Starting...
2025-04-17 10:45:46.251 [] [] [] [main] INFO  com.zaxxer.hikari.pool.HikariPool - HikariPool-1 - Added connection com.mysql.cj.jdbc.ConnectionImpl@1abf951a
2025-04-17 10:45:46.264 [] [] [] [main] INFO  com.zaxxer.hikari.HikariDataSource - HikariPool-1 - Start completed.
2025-04-17 10:45:46.517 [] [] [] [main] INFO  org.hibernate.orm.connections.pooling - HHH10001005: Database info:
	Database JDBC URL [Connecting through datasource 'HikariDataSource (HikariPool-1)']
	Database driver: undefined/unknown
	Database version: 8.0.40
	Autocommit mode: undefined/unknown
	Isolation level: undefined/unknown
	Minimum pool size: undefined/unknown
	Maximum pool size: undefined/unknown
2025-04-17 10:45:48.106 [] [] [] [main] INFO  org.hibernate.engine.transaction.jta.platform.internal.JtaPlatformInitiator - HHH000489: No JTA platform available (set 'hibernate.transaction.jta.platform' to enable JTA platform integration)
2025-04-17 10:45:48.243 [] [] [] [main] INFO  org.springframework.orm.jpa.LocalContainerEntityManagerFactoryBean - Initialized JPA EntityManagerFactory for persistence unit 'default'
2025-04-17 10:45:50.971 [] [] [] [main] INFO  org.springframework.boot.actuate.endpoint.web.EndpointLinksResolver - Exposing 1 endpoint beneath base path '/actuator'
2025-04-17 10:45:51.632 [] [] [] [main] INFO  org.apache.coyote.http11.Http11NioProtocol - Starting ProtocolHandler ["http-nio-7071"]
2025-04-17 10:45:51.655 [] [] [] [main] INFO  org.springframework.boot.web.embedded.tomcat.TomcatWebServer - Tomcat started on port 7071 (http) with context path '/'
2025-04-17 10:45:51.688 [] [] [] [main] INFO  com.ecommerce.customerservice.CustomerserviceApplication - Started CustomerserviceApplication in 14.511 seconds (process running for 15.438)
