2025-04-11T15:44:36.839+0530 INFO  --- [] [] [] [main] c.e.customerservice.CustomerserviceApplication : Starting CustomerserviceApplication using Java 21.0.2 with PID 4548 (C:\Ecommerce\customerservice\target\classes started by Kavi in C:\Ecommerce\customerservice)
2025-04-11T15:44:36.843+0530 INFO  --- [] [] [] [main] c.e.customerservice.CustomerserviceApplication : No active profile set, falling back to 1 default profile: "default"
2025-04-11T15:44:39.116+0530 INFO  --- [] [] [] [main] o.s.d.r.config.RepositoryConfigurationDelegate : Bootstrapping Spring Data JPA repositories in DEFAULT mode.
2025-04-11T15:44:39.455+0530 INFO  --- [] [] [] [main] o.s.d.r.config.RepositoryConfigurationDelegate : Finished Spring Data repository scanning in 317 ms. Found 1 JPA repository interface.
2025-04-11T15:44:41.479+0530 INFO  --- [] [] [] [main] o.s.boot.web.embedded.tomcat.TomcatWebServer : Tomcat initialized with port 7071 (http)
2025-04-11T15:44:41.525+0530 INFO  --- [] [] [] [main] org.apache.coyote.http11.Http11NioProtocol : Initializing ProtocolHandler ["http-nio-7071"]
2025-04-11T15:44:41.529+0530 INFO  --- [] [] [] [main] org.apache.catalina.core.StandardService : Starting service [Tomcat]
2025-04-11T15:44:41.529+0530 INFO  --- [] [] [] [main] org.apache.catalina.core.StandardEngine : Starting Servlet engine: [Apache Tomcat/10.1.36]
2025-04-11T15:44:41.709+0530 INFO  --- [] [] [] [main] o.a.c.core.ContainerBase.[Tomcat].[localhost].[/] : Initializing Spring embedded WebApplicationContext
2025-04-11T15:44:41.711+0530 INFO  --- [] [] [] [main] o.s.b.w.s.c.ServletWebServerApplicationContext : Root WebApplicationContext: initialization completed in 4776 ms
2025-04-11T15:44:43.142+0530 INFO  --- [] [] [] [main] com.zaxxer.hikari.HikariDataSource : HikariPool-1 - Starting...
2025-04-11T15:44:44.150+0530 INFO  --- [] [] [] [main] com.zaxxer.hikari.pool.HikariPool : HikariPool-1 - Added connection com.mysql.cj.jdbc.ConnectionImpl@5d3f8661
2025-04-11T15:44:44.153+0530 INFO  --- [] [] [] [main] com.zaxxer.hikari.HikariDataSource : HikariPool-1 - Start completed.
2025-04-11T15:44:44.886+0530 INFO  --- [] [] [] [main] liquibase.lockservice : Successfully acquired change log lock
2025-04-11T15:44:45.933+0530 INFO  --- [] [] [] [main] liquibase.changelog : Reading from customer_db.DATABASECHANGELOG
2025-04-11T15:44:46.061+0530 INFO  --- [] [] [] [main] liquibase.servicelocator : Cannot load service: liquibase.hub.HubService: Provider liquibase.hub.core.StandardHubService could not be instantiated
2025-04-11T15:44:46.076+0530 INFO  --- [] [] [] [main] liquibase.lockservice : Successfully released change log lock
2025-04-11T15:44:46.321+0530 INFO  --- [] [] [] [main] org.hibernate.jpa.internal.util.LogHelper : HHH000204: Processing PersistenceUnitInfo [name: default]
2025-04-11T15:44:46.493+0530 INFO  --- [] [] [] [main] org.hibernate.Version : HHH000412: Hibernate ORM core version 6.6.8.Final
2025-04-11T15:44:46.617+0530 INFO  --- [] [] [] [main] o.hibernate.cache.internal.RegionFactoryInitiator : HHH000026: Second-level cache disabled
2025-04-11T15:44:47.259+0530 INFO  --- [] [] [] [main] o.s.o.j.persistenceunit.SpringPersistenceUnitInfo : No LoadTimeWeaver setup: ignoring JPA class transformer
2025-04-11T15:44:47.370+0530 WARN  --- [] [] [] [main] org.hibernate.orm.deprecation : HHH90000025: MySQLDialect does not need to be specified explicitly using 'hibernate.dialect' (remove the property setting and it will be selected by default)
2025-04-11T15:44:47.401+0530 INFO  --- [] [] [] [main] org.hibernate.orm.connections.pooling : HHH10001005: Database info:
	Database JDBC URL [Connecting through datasource 'HikariDataSource (HikariPool-1)']
	Database driver: undefined/unknown
	Database version: 8.0.40
	Autocommit mode: undefined/unknown
	Isolation level: undefined/unknown
	Minimum pool size: undefined/unknown
	Maximum pool size: undefined/unknown
2025-04-11T15:44:48.932+0530 INFO  --- [] [] [] [main] o.h.e.t.jta.platform.internal.JtaPlatformInitiator : HHH000489: No JTA platform available (set 'hibernate.transaction.jta.platform' to enable JTA platform integration)
2025-04-11T15:44:49.013+0530 INFO  --- [] [] [] [main] o.s.orm.jpa.LocalContainerEntityManagerFactoryBean : Initialized JPA EntityManagerFactory for persistence unit 'default'
2025-04-11T15:44:50.234+0530 WARN  --- [] [] [] [main] o.s.b.a.o.j.JpaBaseConfiguration$JpaWebConfiguration : spring.jpa.open-in-view is enabled by default. Therefore, database queries may be performed during view rendering. Explicitly configure spring.jpa.open-in-view to disable this warning
2025-04-11T15:44:52.253+0530 INFO  --- [] [] [] [main] o.s.b.actuate.endpoint.web.EndpointLinksResolver : Exposing 1 endpoint beneath base path '/actuator'
2025-04-11T15:44:52.733+0530 INFO  --- [] [] [] [main] org.apache.coyote.http11.Http11NioProtocol : Starting ProtocolHandler ["http-nio-7071"]
2025-04-11T15:44:52.768+0530 INFO  --- [] [] [] [main] o.s.boot.web.embedded.tomcat.TomcatWebServer : Tomcat started on port 7071 (http) with context path '/'
2025-04-11T15:44:52.798+0530 INFO  --- [] [] [] [main] c.e.customerservice.CustomerserviceApplication : Started CustomerserviceApplication in 17.189 seconds (process running for 18.103)
2025-04-11T15:45:12.433+0530 INFO  --- [] [] [] [http-nio-7071-exec-1] o.a.c.core.ContainerBase.[Tomcat].[localhost].[/] : Initializing Spring DispatcherServlet 'dispatcherServlet'
2025-04-11T15:45:12.433+0530 INFO  --- [] [] [] [http-nio-7071-exec-1] org.springframework.web.servlet.DispatcherServlet : Initializing Servlet 'dispatcherServlet'
2025-04-11T15:45:12.435+0530 INFO  --- [] [] [] [http-nio-7071-exec-1] org.springframework.web.servlet.DispatcherServlet : Completed initialization in 2 ms
2025-04-11T15:45:12.494+0530 INFO  --- [CUSTOMER-SERVICE] [a057b3a3-8800-4994-9102-1dc9e77efb30] [b3998b24-c96a-49df-8614-e87b78be70a6] [http-nio-7071-exec-1] customerRequestLogger : Incoming Request - Method: GET, URI: /customers/retrieve/2, IP: 127.0.0.1, Headers: org.apache.tomcat.util.http.NamesEnumerator@27276468
2025-04-11T15:45:12.566+0530 INFO  --- [CUSTOMER-SERVICE] [a057b3a3-8800-4994-9102-1dc9e77efb30] [b3998b24-c96a-49df-8614-e87b78be70a6] [http-nio-7071-exec-1] CustomerRequestLogger : Received request: GET /customers/retrieve/2
2025-04-11T15:45:12.566+0530 INFO  --- [CUSTOMER-SERVICE] [a057b3a3-8800-4994-9102-1dc9e77efb30] [b3998b24-c96a-49df-8614-e87b78be70a6] [http-nio-7071-exec-1] CustomerRequestLogger : Fetching customer with ID: 2
2025-04-11T15:47:24.034+0530 INFO  --- [CUSTOMER-SERVICE] [0747cde6-46ce-4378-af74-3c2a5a7fd60a] [c50ce10f-6041-4af9-90c7-6f7e5428d3b4] [http-nio-7071-exec-3] customerRequestLogger : Incoming Request - Method: GET, URI: /customers/retrieve/2, IP: 127.0.0.1, Headers: org.apache.tomcat.util.http.NamesEnumerator@47cf956f
2025-04-11T15:47:24.037+0530 INFO  --- [CUSTOMER-SERVICE] [0747cde6-46ce-4378-af74-3c2a5a7fd60a] [c50ce10f-6041-4af9-90c7-6f7e5428d3b4] [http-nio-7071-exec-3] CustomerRequestLogger : Received request: GET /customers/retrieve/2
2025-04-11T15:47:24.037+0530 INFO  --- [CUSTOMER-SERVICE] [0747cde6-46ce-4378-af74-3c2a5a7fd60a] [c50ce10f-6041-4af9-90c7-6f7e5428d3b4] [http-nio-7071-exec-3] CustomerRequestLogger : Fetching customer with ID: 2
2025-04-11T15:47:25.537+0530 WARN  --- [] [] [] [AsyncReporter{ZipkinWebClientSender{http://localhost:9411/api/v2/spans}}] z.r.internal.AsyncReporter$BoundedAsyncReporter : Spans were dropped due to exceptions. All subsequent errors will be logged at FINE level.
2025-04-11T15:47:25.539+0530 WARN  --- [] [] [] [AsyncReporter{ZipkinWebClientSender{http://localhost:9411/api/v2/spans}}] z.r.internal.AsyncReporter$BoundedAsyncReporter : Dropped 1 spans due to WebClientRequestException(Connection refused: getsockopt: localhost/127.0.0.1:9411)
org.springframework.web.reactive.function.client.WebClientRequestException: Connection refused: getsockopt: localhost/127.0.0.1:9411
	at org.springframework.web.reactive.function.client.ExchangeFunctions$DefaultExchangeFunction.lambda$wrapException$9(ExchangeFunctions.java:137)
	Suppressed: reactor.core.publisher.FluxOnAssembly$OnAssemblyException: 
Error has been observed at the following site(s):
	*__checkpoint ⇢ Request to POST http://localhost:9411/api/v2/spans [DefaultWebClient]
Original Stack Trace:
		at org.springframework.web.reactive.function.client.ExchangeFunctions$DefaultExchangeFunction.lambda$wrapException$9(ExchangeFunctions.java:137)
		at reactor.core.publisher.MonoErrorSupplied.subscribe(MonoErrorSupplied.java:55)
		at reactor.core.publisher.Mono.subscribe(Mono.java:4576)
		at reactor.core.publisher.FluxOnErrorResume$ResumeSubscriber.onError(FluxOnErrorResume.java:103)
		at reactor.core.publisher.FluxPeek$PeekSubscriber.onError(FluxPeek.java:222)
		at reactor.core.publisher.FluxPeek$PeekSubscriber.onError(FluxPeek.java:222)
		at reactor.core.publisher.FluxPeek$PeekSubscriber.onError(FluxPeek.java:222)
		at reactor.core.publisher.MonoNext$NextSubscriber.onError(MonoNext.java:93)
		at reactor.core.publisher.MonoFlatMapMany$FlatMapManyMain.onError(MonoFlatMapMany.java:205)
		at reactor.core.publisher.SerializedSubscriber.onError(SerializedSubscriber.java:124)
		at reactor.core.publisher.FluxRetryWhen$RetryWhenMainSubscriber.whenError(FluxRetryWhen.java:229)
		at reactor.core.publisher.FluxRetryWhen$RetryWhenOtherSubscriber.onError(FluxRetryWhen.java:279)
		at reactor.core.publisher.FluxContextWrite$ContextWriteSubscriber.onError(FluxContextWrite.java:121)
		at reactor.core.publisher.FluxConcatMapNoPrefetch$FluxConcatMapNoPrefetchSubscriber.maybeOnError(FluxConcatMapNoPrefetch.java:327)
		at reactor.core.publisher.FluxConcatMapNoPrefetch$FluxConcatMapNoPrefetchSubscriber.onNext(FluxConcatMapNoPrefetch.java:212)
		at reactor.core.publisher.FluxContextWrite$ContextWriteSubscriber.onNext(FluxContextWrite.java:107)
		at reactor.core.publisher.SinkManyEmitterProcessor.drain(SinkManyEmitterProcessor.java:476)
		at reactor.core.publisher.SinkManyEmitterProcessor$EmitterInner.drainParent(SinkManyEmitterProcessor.java:620)
		at reactor.core.publisher.FluxPublish$PubSubInner.request(FluxPublish.java:874)
		at reactor.core.publisher.FluxContextWrite$ContextWriteSubscriber.request(FluxContextWrite.java:136)
		at reactor.core.publisher.FluxConcatMapNoPrefetch$FluxConcatMapNoPrefetchSubscriber.request(FluxConcatMapNoPrefetch.java:337)
		at reactor.core.publisher.FluxContextWrite$ContextWriteSubscriber.request(FluxContextWrite.java:136)
		at reactor.core.publisher.Operators$DeferredSubscription.request(Operators.java:1743)
		at reactor.core.publisher.FluxRetryWhen$RetryWhenMainSubscriber.onError(FluxRetryWhen.java:196)
		at reactor.core.publisher.MonoCreate$DefaultMonoSink.error(MonoCreate.java:205)
		at reactor.netty.http.client.HttpClientConnect$MonoHttpConnect$ClientTransportSubscriber.onError(HttpClientConnect.java:318)
		at reactor.core.publisher.MonoCreate$DefaultMonoSink.error(MonoCreate.java:205)
		at reactor.netty.resources.DefaultPooledConnectionProvider$DisposableAcquire.onError(DefaultPooledConnectionProvider.java:174)
		at reactor.netty.internal.shaded.reactor.pool.AbstractPool$Borrower.fail(AbstractPool.java:479)
		at reactor.netty.internal.shaded.reactor.pool.SimpleDequePool.lambda$drainLoop$9(SimpleDequePool.java:443)
		at reactor.core.publisher.FluxDoOnEach$DoOnEachSubscriber.onError(FluxDoOnEach.java:186)
		at reactor.core.publisher.MonoCreate$DefaultMonoSink.error(MonoCreate.java:205)
		at reactor.netty.resources.DefaultPooledConnectionProvider$PooledConnectionAllocator$PooledConnectionInitializer.onError(DefaultPooledConnectionProvider.java:593)
		at reactor.core.publisher.MonoFlatMap$FlatMapMain.secondError(MonoFlatMap.java:241)
		at reactor.core.publisher.MonoFlatMap$FlatMapInner.onError(MonoFlatMap.java:315)
		at reactor.core.publisher.FluxOnErrorResume$ResumeSubscriber.onError(FluxOnErrorResume.java:106)
		at reactor.core.publisher.Operators.error(Operators.java:198)
		at reactor.core.publisher.MonoError.subscribe(MonoError.java:53)
		at reactor.core.publisher.Mono.subscribe(Mono.java:4576)
		at reactor.core.publisher.FluxOnErrorResume$ResumeSubscriber.onError(FluxOnErrorResume.java:103)
		at reactor.netty.transport.TransportConnector$MonoChannelPromise.tryFailure(TransportConnector.java:576)
		at reactor.netty.transport.TransportConnector$MonoChannelPromise.setFailure(TransportConnector.java:522)
		at reactor.netty.transport.TransportConnector.lambda$doConnect$7(TransportConnector.java:261)
		at io.netty.util.concurrent.DefaultPromise.notifyListener0(DefaultPromise.java:590)
		at io.netty.util.concurrent.DefaultPromise.notifyListeners0(DefaultPromise.java:583)
		at io.netty.util.concurrent.DefaultPromise.notifyListenersNow(DefaultPromise.java:559)
		at io.netty.util.concurrent.DefaultPromise.notifyListeners(DefaultPromise.java:492)
		at io.netty.util.concurrent.DefaultPromise.setValue0(DefaultPromise.java:636)
		at io.netty.util.concurrent.DefaultPromise.setFailure0(DefaultPromise.java:629)
		at io.netty.util.concurrent.DefaultPromise.tryFailure(DefaultPromise.java:118)
		at io.netty.channel.nio.AbstractNioChannel$AbstractNioUnsafe.fulfillConnectPromise(AbstractNioChannel.java:326)
		at io.netty.channel.nio.AbstractNioChannel$AbstractNioUnsafe.finishConnect(AbstractNioChannel.java:342)
		at io.netty.channel.nio.NioEventLoop.processSelectedKey(NioEventLoop.java:784)
		at io.netty.channel.nio.NioEventLoop.processSelectedKeysOptimized(NioEventLoop.java:732)
		at io.netty.channel.nio.NioEventLoop.processSelectedKeys(NioEventLoop.java:658)
		at io.netty.channel.nio.NioEventLoop.run(NioEventLoop.java:562)
		at io.netty.util.concurrent.SingleThreadEventExecutor$4.run(SingleThreadEventExecutor.java:998)
		at io.netty.util.internal.ThreadExecutorMap$2.run(ThreadExecutorMap.java:74)
		at io.netty.util.concurrent.FastThreadLocalRunnable.run(FastThreadLocalRunnable.java:30)
		at java.base/java.lang.Thread.run(Thread.java:1583)
	Suppressed: java.lang.Exception: #block terminated with an error
		at reactor.core.publisher.BlockingSingleSubscriber.blockingGet(BlockingSingleSubscriber.java:104)
		at reactor.core.publisher.Mono.block(Mono.java:1779)
		at org.springframework.boot.actuate.autoconfigure.tracing.zipkin.ZipkinWebClientSender.postSpans(ZipkinWebClientSender.java:58)
		at org.springframework.boot.actuate.autoconfigure.tracing.zipkin.HttpSender.postSpans(HttpSender.java:69)
		at org.springframework.boot.actuate.autoconfigure.tracing.zipkin.HttpSender.postSpans(HttpSender.java:41)
		at zipkin2.reporter.BaseHttpSender.send(BaseHttpSender.java:123)
		at zipkin2.reporter.internal.AsyncReporter$BoundedAsyncReporter.flush(AsyncReporter.java:266)
		at zipkin2.reporter.internal.AsyncReporter$Flusher.run(AsyncReporter.java:352)
		at java.base/java.lang.Thread.run(Thread.java:1583)
Caused by: io.netty.channel.AbstractChannel$AnnotatedConnectException: Connection refused: getsockopt: localhost/127.0.0.1:9411
Caused by: java.net.ConnectException: Connection refused: getsockopt
	at java.base/sun.nio.ch.Net.pollConnect(Native Method)
	at java.base/sun.nio.ch.Net.pollConnectNow(Net.java:682)
	at java.base/sun.nio.ch.SocketChannelImpl.finishConnect(SocketChannelImpl.java:973)
	at io.netty.channel.socket.nio.NioSocketChannel.doFinishConnect(NioSocketChannel.java:336)
	at io.netty.channel.nio.AbstractNioChannel$AbstractNioUnsafe.finishConnect(AbstractNioChannel.java:339)
	at io.netty.channel.nio.NioEventLoop.processSelectedKey(NioEventLoop.java:784)
	at io.netty.channel.nio.NioEventLoop.processSelectedKeysOptimized(NioEventLoop.java:732)
	at io.netty.channel.nio.NioEventLoop.processSelectedKeys(NioEventLoop.java:658)
	at io.netty.channel.nio.NioEventLoop.run(NioEventLoop.java:562)
	at io.netty.util.concurrent.SingleThreadEventExecutor$4.run(SingleThreadEventExecutor.java:998)
	at io.netty.util.internal.ThreadExecutorMap$2.run(ThreadExecutorMap.java:74)
	at io.netty.util.concurrent.FastThreadLocalRunnable.run(FastThreadLocalRunnable.java:30)
	at java.base/java.lang.Thread.run(Thread.java:1583)
2025-04-11T15:48:18.690+0530 INFO  --- [CUSTOMER-SERVICE] [84e6c02f-8fb6-499e-b50f-6760ada57acf] [16d331c1-a7db-4cfa-ba2f-8dcd63589094] [http-nio-7071-exec-4] customerRequestLogger : Incoming Request - Method: GET, URI: /customers/retrieve/2, IP: 127.0.0.1, Headers: org.apache.tomcat.util.http.NamesEnumerator@7a815cfa
2025-04-11T15:48:18.692+0530 INFO  --- [CUSTOMER-SERVICE] [84e6c02f-8fb6-499e-b50f-6760ada57acf] [16d331c1-a7db-4cfa-ba2f-8dcd63589094] [http-nio-7071-exec-4] CustomerRequestLogger : Received request: GET /customers/retrieve/2
2025-04-11T15:48:18.693+0530 INFO  --- [CUSTOMER-SERVICE] [84e6c02f-8fb6-499e-b50f-6760ada57acf] [16d331c1-a7db-4cfa-ba2f-8dcd63589094] [http-nio-7071-exec-4] CustomerRequestLogger : Fetching customer with ID: 2
2025-04-11T15:48:22.511+0530 INFO  --- [CUSTOMER-SERVICE] [e09e50c6-fb64-430a-83fe-63a3abd05db2] [8a686ad5-5f20-4305-bd09-8bf8634302fc] [http-nio-7071-exec-6] customerRequestLogger : Incoming Request - Method: GET, URI: /customers/retrieve/3, IP: 127.0.0.1, Headers: org.apache.tomcat.util.http.NamesEnumerator@46032c8e
2025-04-11T15:48:22.512+0530 INFO  --- [CUSTOMER-SERVICE] [e09e50c6-fb64-430a-83fe-63a3abd05db2] [8a686ad5-5f20-4305-bd09-8bf8634302fc] [http-nio-7071-exec-6] CustomerRequestLogger : Received request: GET /customers/retrieve/3
2025-04-11T15:48:22.512+0530 INFO  --- [CUSTOMER-SERVICE] [e09e50c6-fb64-430a-83fe-63a3abd05db2] [8a686ad5-5f20-4305-bd09-8bf8634302fc] [http-nio-7071-exec-6] CustomerRequestLogger : Fetching customer with ID: 3
2025-04-11T15:48:23.559+0530 INFO  --- [CUSTOMER-SERVICE] [2b88da92-5694-4bf3-8fd9-b6a867c12b35] [32e10dc1-921b-48d6-8426-5394b556ebae] [http-nio-7071-exec-5] customerRequestLogger : Incoming Request - Method: GET, URI: /customers/retrieve/3, IP: 127.0.0.1, Headers: org.apache.tomcat.util.http.NamesEnumerator@674f789f
2025-04-11T15:48:23.561+0530 INFO  --- [CUSTOMER-SERVICE] [2b88da92-5694-4bf3-8fd9-b6a867c12b35] [32e10dc1-921b-48d6-8426-5394b556ebae] [http-nio-7071-exec-5] CustomerRequestLogger : Received request: GET /customers/retrieve/3
2025-04-11T15:48:23.561+0530 INFO  --- [CUSTOMER-SERVICE] [2b88da92-5694-4bf3-8fd9-b6a867c12b35] [32e10dc1-921b-48d6-8426-5394b556ebae] [http-nio-7071-exec-5] CustomerRequestLogger : Fetching customer with ID: 3
2025-04-11T15:59:08.412+0530 INFO  --- [CUSTOMER-SERVICE] [25879cf5-2e08-4a60-a86e-0e08dbcdf3b1] [03af40b7-2e50-4571-baa0-7423adead23a] [http-nio-7071-exec-7] customerRequestLogger : Incoming Request - Method: GET, URI: /customers/retrieve/1, IP: 127.0.0.1, Headers: org.apache.tomcat.util.http.NamesEnumerator@47eff39e
2025-04-11T15:59:08.414+0530 INFO  --- [CUSTOMER-SERVICE] [25879cf5-2e08-4a60-a86e-0e08dbcdf3b1] [03af40b7-2e50-4571-baa0-7423adead23a] [http-nio-7071-exec-7] CustomerRequestLogger : Received request: GET /customers/retrieve/1
2025-04-11T15:59:08.415+0530 INFO  --- [CUSTOMER-SERVICE] [25879cf5-2e08-4a60-a86e-0e08dbcdf3b1] [03af40b7-2e50-4571-baa0-7423adead23a] [http-nio-7071-exec-7] CustomerRequestLogger : Fetching customer with ID: 1
2025-04-11 17:32:49.420 [http-nio-7071-exec-1] [9329ee1f-98dd-422e-bb52-5b8cab0055ee] [32cccb85-4d7d-4d6e-a0d7-bdd0ae2bcb38] INFO  customerRequestLogger - Incoming Request - Method: GET, URI: /customers/retrieve/1, IP: 127.0.0.1, Headers: accept-encoding=gzip; user-agent=ReactorNetty/1.2.3; host=localhost:7071; accept=*/*; 
2025-04-11 17:32:53.742 [http-nio-7071-exec-2] [2feeead3-4a8a-47e0-bf21-3987dc7cc966] [7be8d248-6e9f-4c2a-a1df-b143e283b92e] INFO  customerRequestLogger - Incoming Request - Method: GET, URI: /customers/retrieve/1, IP: 127.0.0.1, Headers: accept-encoding=gzip; user-agent=ReactorNetty/1.2.3; host=localhost:7071; accept=*/*; 
2025-04-11 17:41:44.614 [http-nio-7071-exec-4] [01c4d3d8-b017-4d79-99dc-e843fba66f94] [a7d7b8e0-4775-4c20-a6ea-bc38baa6edcc] INFO  customerRequestLogger - Incoming Request - Method: GET, URI: /customers/retrieve/1, IP: 127.0.0.1, Headers: accept-encoding=gzip; user-agent=ReactorNetty/1.2.3; host=localhost:7071; accept=*/*; 
