2025-04-10 17:03:35.014 [main] INFO  c.e.p.ProductserviceApplication - [] Starting ProductserviceApplication using Java 21.0.2 with PID 7260 (C:\Ecommerce\productservice\target\classes started by Kavi in C:\Ecommerce\productservice)
2025-04-10 17:03:35.016 [main] INFO  c.e.p.ProductserviceApplication - [] No active profile set, falling back to 1 default profile: "default"
2025-04-10 17:03:36.383 [main] INFO  o.s.d.r.c.RepositoryConfigurationDelegate - [] Bootstrapping Spring Data JPA repositories in DEFAULT mode.
2025-04-10 17:03:36.570 [main] INFO  o.s.d.r.c.RepositoryConfigurationDelegate - [] Finished Spring Data repository scanning in 170 ms. Found 1 JPA repository interface.
2025-04-10 17:03:37.706 [main] INFO  o.s.b.w.e.tomcat.TomcatWebServer - [] Tomcat initialized with port 7072 (http)
2025-04-10 17:03:37.724 [main] INFO  o.a.coyote.http11.Http11NioProtocol - [] Initializing ProtocolHandler ["http-nio-7072"]
2025-04-10 17:03:37.728 [main] INFO  o.a.catalina.core.StandardService - [] Starting service [Tomcat]
2025-04-10 17:03:37.729 [main] INFO  o.a.catalina.core.StandardEngine - [] Starting Servlet engine: [Apache Tomcat/10.1.36]
2025-04-10 17:03:37.844 [main] INFO  o.a.c.c.C.[Tomcat].[localhost].[/] - [] Initializing Spring embedded WebApplicationContext
2025-04-10 17:03:37.844 [main] INFO  o.s.b.w.s.c.ServletWebServerApplicationContext - [] Root WebApplicationContext: initialization completed in 2765 ms
2025-04-10 17:03:38.359 [main] INFO  o.h.jpa.internal.util.LogHelper - [] HHH000204: Processing PersistenceUnitInfo [name: default]
2025-04-10 17:03:38.495 [main] INFO  org.hibernate.Version - [] HHH000412: Hibernate ORM core version 6.6.8.Final
2025-04-10 17:03:38.564 [main] INFO  o.h.c.i.RegionFactoryInitiator - [] HHH000026: Second-level cache disabled
2025-04-10 17:03:39.054 [main] INFO  o.s.o.j.p.SpringPersistenceUnitInfo - [] No LoadTimeWeaver setup: ignoring JPA class transformer
2025-04-10 17:03:39.100 [main] INFO  com.zaxxer.hikari.HikariDataSource - [] HikariPool-1 - Starting...
2025-04-10 17:03:39.600 [main] INFO  com.zaxxer.hikari.pool.HikariPool - [] HikariPool-1 - Added connection com.mysql.cj.jdbc.ConnectionImpl@320ba79f
2025-04-10 17:03:39.603 [main] INFO  com.zaxxer.hikari.HikariDataSource - [] HikariPool-1 - Start completed.
2025-04-10 17:03:39.727 [main] INFO  o.hibernate.orm.connections.pooling - [] HHH10001005: Database info:
	Database JDBC URL [Connecting through datasource 'HikariDataSource (HikariPool-1)']
	Database driver: undefined/unknown
	Database version: 8.0.40
	Autocommit mode: undefined/unknown
	Isolation level: undefined/unknown
	Minimum pool size: undefined/unknown
	Maximum pool size: undefined/unknown
2025-04-10 17:03:40.721 [main] INFO  o.h.e.t.j.p.i.JtaPlatformInitiator - [] HHH000489: No JTA platform available (set 'hibernate.transaction.jta.platform' to enable JTA platform integration)
2025-04-10 17:03:40.803 [main] INFO  o.s.o.j.LocalContainerEntityManagerFactoryBean - [] Initialized JPA EntityManagerFactory for persistence unit 'default'
2025-04-10 17:03:42.457 [main] INFO  o.s.b.a.e.web.EndpointLinksResolver - [] Exposing 1 endpoint beneath base path '/actuator'
2025-04-10 17:03:42.822 [main] INFO  o.a.coyote.http11.Http11NioProtocol - [] Starting ProtocolHandler ["http-nio-7072"]
2025-04-10 17:03:42.842 [main] INFO  o.s.b.w.e.tomcat.TomcatWebServer - [] Tomcat started on port 7072 (http) with context path '/'
2025-04-10 17:03:42.858 [main] INFO  c.e.p.ProductserviceApplication - [] Started ProductserviceApplication in 8.65 seconds (process running for 9.147)
2025-04-10 17:30:11.716 [main] INFO  c.e.p.ProductserviceApplication - [] Starting ProductserviceApplication using Java 21.0.2 with PID 15308 (C:\Ecommerce\productservice\target\classes started by Kavi in C:\Ecommerce\productservice)
2025-04-10 17:30:11.726 [main] INFO  c.e.p.ProductserviceApplication - [] No active profile set, falling back to 1 default profile: "default"
2025-04-10 17:30:12.944 [main] INFO  o.s.d.r.c.RepositoryConfigurationDelegate - [] Bootstrapping Spring Data JPA repositories in DEFAULT mode.
2025-04-10 17:30:13.114 [main] INFO  o.s.d.r.c.RepositoryConfigurationDelegate - [] Finished Spring Data repository scanning in 155 ms. Found 1 JPA repository interface.
2025-04-10 17:30:14.081 [main] INFO  o.s.b.w.e.tomcat.TomcatWebServer - [] Tomcat initialized with port 7072 (http)
2025-04-10 17:30:14.094 [main] INFO  o.a.coyote.http11.Http11NioProtocol - [] Initializing ProtocolHandler ["http-nio-7072"]
2025-04-10 17:30:14.096 [main] INFO  o.a.catalina.core.StandardService - [] Starting service [Tomcat]
2025-04-10 17:30:14.097 [main] INFO  o.a.catalina.core.StandardEngine - [] Starting Servlet engine: [Apache Tomcat/10.1.36]
2025-04-10 17:30:14.210 [main] INFO  o.a.c.c.C.[Tomcat].[localhost].[/] - [] Initializing Spring embedded WebApplicationContext
2025-04-10 17:30:14.211 [main] INFO  o.s.b.w.s.c.ServletWebServerApplicationContext - [] Root WebApplicationContext: initialization completed in 2431 ms
2025-04-10 17:30:14.662 [main] INFO  o.h.jpa.internal.util.LogHelper - [] HHH000204: Processing PersistenceUnitInfo [name: default]
2025-04-10 17:30:14.739 [main] INFO  org.hibernate.Version - [] HHH000412: Hibernate ORM core version 6.6.8.Final
2025-04-10 17:30:14.794 [main] INFO  o.h.c.i.RegionFactoryInitiator - [] HHH000026: Second-level cache disabled
2025-04-10 17:30:15.172 [main] INFO  o.s.o.j.p.SpringPersistenceUnitInfo - [] No LoadTimeWeaver setup: ignoring JPA class transformer
2025-04-10 17:30:15.214 [main] INFO  com.zaxxer.hikari.HikariDataSource - [] HikariPool-1 - Starting...
2025-04-10 17:30:15.580 [main] INFO  com.zaxxer.hikari.pool.HikariPool - [] HikariPool-1 - Added connection com.mysql.cj.jdbc.ConnectionImpl@3151277f
2025-04-10 17:30:15.584 [main] INFO  com.zaxxer.hikari.HikariDataSource - [] HikariPool-1 - Start completed.
2025-04-10 17:30:15.693 [main] INFO  o.hibernate.orm.connections.pooling - [] HHH10001005: Database info:
	Database JDBC URL [Connecting through datasource 'HikariDataSource (HikariPool-1)']
	Database driver: undefined/unknown
	Database version: 8.0.40
	Autocommit mode: undefined/unknown
	Isolation level: undefined/unknown
	Minimum pool size: undefined/unknown
	Maximum pool size: undefined/unknown
2025-04-10 17:30:16.481 [main] INFO  o.h.e.t.j.p.i.JtaPlatformInitiator - [] HHH000489: No JTA platform available (set 'hibernate.transaction.jta.platform' to enable JTA platform integration)
2025-04-10 17:30:16.530 [main] INFO  o.s.o.j.LocalContainerEntityManagerFactoryBean - [] Initialized JPA EntityManagerFactory for persistence unit 'default'
2025-04-10 17:30:18.011 [main] INFO  o.s.b.a.e.web.EndpointLinksResolver - [] Exposing 1 endpoint beneath base path '/actuator'
2025-04-10 17:30:18.340 [main] INFO  o.a.coyote.http11.Http11NioProtocol - [] Starting ProtocolHandler ["http-nio-7072"]
2025-04-10 17:30:18.354 [main] INFO  o.s.b.w.e.tomcat.TomcatWebServer - [] Tomcat started on port 7072 (http) with context path '/'
2025-04-10 17:30:18.370 [main] INFO  c.e.p.ProductserviceApplication - [] Started ProductserviceApplication in 7.394 seconds (process running for 7.885)
2025-04-10 17:33:54.509 [http-nio-7072-exec-2] INFO  o.a.c.c.C.[Tomcat].[localhost].[/] - [] Initializing Spring DispatcherServlet 'dispatcherServlet'
2025-04-10 17:33:54.509 [http-nio-7072-exec-2] INFO  o.s.web.servlet.DispatcherServlet - [] Initializing Servlet 'dispatcherServlet'
2025-04-10 17:33:54.510 [http-nio-7072-exec-2] INFO  o.s.web.servlet.DispatcherServlet - [] Completed initialization in 1 ms
2025-04-10 17:33:54.532 [http-nio-7072-exec-2] INFO  requestLogger - [2f285b2e-4cc0-407a-a1d3-ce38a70c358b] Request => Method: [GET], URI: [/products/retrieve/1], IP: [127.0.0.1], Agent: [ReactorNetty/1.2.3], Time: [2025-04-10T17:33:54.532519800]
2025-04-10 17:33:54.574 [http-nio-7072-exec-2] INFO  c.e.p.service.ProductService - [2f285b2e-4cc0-407a-a1d3-ce38a70c358b] Fetching product with ID: 1
