2025-04-18 11:55:26 [main] INFO  c.e.p.ProductserviceApplication - [] [] Starting ProductserviceApplication using Java 21.0.2 with PID 14160 (C:\Ecommerce\productservice\target\classes started by Kavi in C:\Ecommerce\productservice)
2025-04-18 11:55:26 [main] INFO  c.e.p.ProductserviceApplication - [] [] No active profile set, falling back to 1 default profile: "default"
2025-04-18 11:55:28 [main] INFO  o.s.d.r.c.RepositoryConfigurationDelegate - [] [] Bootstrapping Spring Data JPA repositories in DEFAULT mode.
2025-04-18 11:55:28 [main] INFO  o.s.d.r.c.RepositoryConfigurationDelegate - [] [] Finished Spring Data repository scanning in 301 ms. Found 1 JPA repository interface.
2025-04-18 11:55:29 [main] INFO  o.s.b.w.e.tomcat.TomcatWebServer - [] [] Tomcat initialized with port 7072 (http)
2025-04-18 11:55:29 [main] INFO  o.a.coyote.http11.Http11NioProtocol - [] [] Initializing ProtocolHandler ["http-nio-7072"]
2025-04-18 11:55:29 [main] INFO  o.a.catalina.core.StandardService - [] [] Starting service [Tomcat]
2025-04-18 11:55:29 [main] INFO  o.a.catalina.core.StandardEngine - [] [] Starting Servlet engine: [Apache Tomcat/10.1.20]
2025-04-18 11:55:30 [main] INFO  o.a.c.c.C.[Tomcat].[localhost].[/] - [] [] Initializing Spring embedded WebApplicationContext
2025-04-18 11:55:30 [main] INFO  o.s.b.w.s.c.ServletWebServerApplicationContext - [] [] Root WebApplicationContext: initialization completed in 3089 ms
2025-04-18 11:55:30 [main] INFO  o.h.jpa.internal.util.LogHelper - [] [] HHH000204: Processing PersistenceUnitInfo [name: default]
2025-04-18 11:55:30 [main] INFO  org.hibernate.Version - [] [] HHH000412: Hibernate ORM core version 6.4.4.Final
2025-04-18 11:55:30 [main] INFO  o.h.c.i.RegionFactoryInitiator - [] [] HHH000026: Second-level cache disabled
2025-04-18 11:55:31 [main] INFO  o.s.o.j.p.SpringPersistenceUnitInfo - [] [] No LoadTimeWeaver setup: ignoring JPA class transformer
2025-04-18 11:55:31 [main] INFO  com.zaxxer.hikari.HikariDataSource - [] [] HikariPool-1 - Starting...
2025-04-18 11:55:32 [main] INFO  com.zaxxer.hikari.pool.HikariPool - [] [] HikariPool-1 - Added connection com.mysql.cj.jdbc.ConnectionImpl@13dd7887
2025-04-18 11:55:32 [main] INFO  com.zaxxer.hikari.HikariDataSource - [] [] HikariPool-1 - Start completed.
2025-04-18 11:55:33 [main] INFO  o.h.e.t.j.p.i.JtaPlatformInitiator - [] [] HHH000489: No JTA platform available (set 'hibernate.transaction.jta.platform' to enable JTA platform integration)
2025-04-18 11:55:33 [main] INFO  o.s.o.j.LocalContainerEntityManagerFactoryBean - [] [] Initialized JPA EntityManagerFactory for persistence unit 'default'
2025-04-18 11:55:35 [main] INFO  o.a.coyote.http11.Http11NioProtocol - [] [] Starting ProtocolHandler ["http-nio-7072"]
2025-04-18 11:55:35 [main] INFO  o.s.b.w.e.tomcat.TomcatWebServer - [] [] Tomcat started on port 7072 (http) with context path ''
2025-04-18 11:55:35 [main] INFO  c.e.p.ProductserviceApplication - [] [] Started ProductserviceApplication in 9.693 seconds (process running for 10.542)
2025-04-18 13:29:38 [main] INFO  c.e.p.ProductserviceApplication - [] [] Starting ProductserviceApplication using Java 21.0.2 with PID 10512 (C:\Ecommerce\productservice\target\classes started by Kavi in C:\Ecommerce\productservice)
2025-04-18 13:29:38 [main] INFO  c.e.p.ProductserviceApplication - [] [] No active profile set, falling back to 1 default profile: "default"
2025-04-18 13:29:39 [main] INFO  o.s.d.r.c.RepositoryConfigurationDelegate - [] [] Bootstrapping Spring Data JPA repositories in DEFAULT mode.
2025-04-18 13:29:39 [main] INFO  o.s.d.r.c.RepositoryConfigurationDelegate - [] [] Finished Spring Data repository scanning in 291 ms. Found 1 JPA repository interface.
2025-04-18 13:29:41 [main] INFO  o.s.b.w.e.tomcat.TomcatWebServer - [] [] Tomcat initialized with port 7072 (http)
2025-04-18 13:29:41 [main] INFO  o.a.coyote.http11.Http11NioProtocol - [] [] Initializing ProtocolHandler ["http-nio-7072"]
2025-04-18 13:29:41 [main] INFO  o.a.catalina.core.StandardService - [] [] Starting service [Tomcat]
2025-04-18 13:29:41 [main] INFO  o.a.catalina.core.StandardEngine - [] [] Starting Servlet engine: [Apache Tomcat/10.1.20]
2025-04-18 13:29:41 [main] INFO  o.a.c.c.C.[Tomcat].[localhost].[/] - [] [] Initializing Spring embedded WebApplicationContext
2025-04-18 13:29:41 [main] INFO  o.s.b.w.s.c.ServletWebServerApplicationContext - [] [] Root WebApplicationContext: initialization completed in 3148 ms
2025-04-18 13:29:41 [main] INFO  o.h.jpa.internal.util.LogHelper - [] [] HHH000204: Processing PersistenceUnitInfo [name: default]
2025-04-18 13:29:41 [main] INFO  org.hibernate.Version - [] [] HHH000412: Hibernate ORM core version 6.4.4.Final
2025-04-18 13:29:42 [main] INFO  o.h.c.i.RegionFactoryInitiator - [] [] HHH000026: Second-level cache disabled
2025-04-18 13:29:42 [main] INFO  o.s.o.j.p.SpringPersistenceUnitInfo - [] [] No LoadTimeWeaver setup: ignoring JPA class transformer
2025-04-18 13:29:42 [main] INFO  com.zaxxer.hikari.HikariDataSource - [] [] HikariPool-1 - Starting...
2025-04-18 13:29:43 [main] INFO  com.zaxxer.hikari.pool.HikariPool - [] [] HikariPool-1 - Added connection com.mysql.cj.jdbc.ConnectionImpl@667a467f
2025-04-18 13:29:43 [main] INFO  com.zaxxer.hikari.HikariDataSource - [] [] HikariPool-1 - Start completed.
2025-04-18 13:29:45 [main] INFO  o.h.e.t.j.p.i.JtaPlatformInitiator - [] [] HHH000489: No JTA platform available (set 'hibernate.transaction.jta.platform' to enable JTA platform integration)
2025-04-18 13:29:45 [main] INFO  o.s.o.j.LocalContainerEntityManagerFactoryBean - [] [] Initialized JPA EntityManagerFactory for persistence unit 'default'
2025-04-18 13:29:46 [main] INFO  o.a.coyote.http11.Http11NioProtocol - [] [] Starting ProtocolHandler ["http-nio-7072"]
2025-04-18 13:29:47 [main] INFO  o.s.b.w.e.tomcat.TomcatWebServer - [] [] Tomcat started on port 7072 (http) with context path ''
2025-04-18 13:29:47 [main] INFO  c.e.p.ProductserviceApplication - [] [] Started ProductserviceApplication in 10.174 seconds (process running for 11.085)
2025-04-18 13:30:04 [http-nio-7072-exec-1] INFO  o.a.c.c.C.[Tomcat].[localhost].[/] - [] [] Initializing Spring DispatcherServlet 'dispatcherServlet'
2025-04-18 13:30:04 [http-nio-7072-exec-1] INFO  o.s.web.servlet.DispatcherServlet - [] [] Initializing Servlet 'dispatcherServlet'
2025-04-18 13:30:04 [http-nio-7072-exec-1] INFO  o.s.web.servlet.DispatcherServlet - [] [] Completed initialization in 1 ms
2025-04-18 13:30:04 [http-nio-7072-exec-1] INFO  ProductRequestLogger - [] [] Received request: GET /products/retrieve/1
2025-04-18 13:45:17 [http-nio-7072-exec-3] INFO  ProductRequestLogger - [] [] Received request: GET /products/retrieve/1
